#
# There is insufficient memory for the Java Runtime Environment to continue.
# Native memory allocation (malloc) failed to allocate 663712 bytes for Chunk::new
# Possible reasons:
#   The system is out of physical RAM or swap space
#   The process is running with CompressedOops enabled, and the Java Heap may be blocking the growth of the native heap
# Possible solutions:
#   Reduce memory load on the system
#   Increase physical memory or swap space
#   Check if swap backing store is full
#   Decrease Java heap size (-Xmx/-Xms)
#   Decrease number of Java threads
#   Decrease Java thread stack sizes (-Xss)
#   Set larger code cache with -XX:ReservedCodeCacheSize=
#   JVM is running with Unscaled Compressed Oops mode in which the Java heap is
#     placed in the first 4GB address space. The Java Heap base address is the
#     maximum limit for the native heap growth. Please use -XX:HeapBaseMinAddress
#     to set the Java Heap base and to place the Java Heap above 4GB virtual address.
# This output file may be truncated or incomplete.
#
#  Out of Memory Error (arena.cpp:184), pid=15832, tid=6880
#
# JRE version: Java(TM) SE Runtime Environment (19.0.1+10) (build 19.0.1+10-21)
# Java VM: Java HotSpot(TM) 64-Bit Server VM (19.0.1+10-21, mixed mode, sharing, tiered, compressed oops, compressed class ptrs, g1 gc, windows-amd64)
# No core dump will be written. Minidumps are not enabled by default on client versions of Windows
#

---------------  S U M M A R Y ------------

Command Line: -Dclassworlds.conf=C:\Users\ducan\Desktop\NetBeans-16\netbeans\java\maven\bin\m2.conf -Dmaven.home=C:\Users\ducan\Desktop\NetBeans-16\netbeans\java\maven -Dlibrary.jansi.path=C:\Users\ducan\Desktop\NetBeans-16\netbeans\java\maven\lib\jansi-native -Dmaven.multiModuleProjectDirectory=C:\Users\ducan\Desktop\TextMindMaven\TextMindMaven\TextMindMaven org.codehaus.plexus.classworlds.launcher.Launcher -Dexec.vmArgs= -Dexec.args=${exec.vmArgs} -classpath %classpath ${exec.mainClass} ${exec.appArgs} -Dexec.executable=C:\Program Files\Java\jdk-19\bin\java.exe -Dexec.mainClass=com.TextMind.main.ReportUser -Dexec.classpathScope=runtime -Dexec.appArgs= -Dmaven.ext.class.path=C:\Users\ducan\Desktop\NetBeans-16\netbeans\java\maven-nblib\netbeans-eventspy.jar org.codehaus.mojo:exec-maven-plugin:3.0.0:exec

Host: 11th Gen Intel(R) Core(TM) i3-1115G4 @ 3.00GHz, 4 cores, 7G,  Windows 11 , 64 bit Build 22621 (10.0.22621.1928)
Time: Tue Aug  8 16:36:16 2023 SE Asia Standard Time elapsed time: 1.960190 seconds (0d 0h 0m 1s)

---------------  T H R E A D  ---------------

Current thread (0x000001e3552b70a0):  JavaThread "C2 CompilerThread0" daemon [_thread_in_native, id=6880, stack(0x000000c8acd00000,0x000000c8ace00000)]


Current CompileTask:
C2:   1960 3260   !   4       sun.nio.cs.StreamDecoder::read0 (59 bytes)

Stack: [0x000000c8acd00000,0x000000c8ace00000]
Native frames: (J=compiled Java code, j=interpreted, Vv=VM code, C=native code)
V  [jvm.dll+0x6ee8fa]
V  [jvm.dll+0x857a1e]
V  [jvm.dll+0x85940e]
V  [jvm.dll+0x859ac3]
V  [jvm.dll+0x28291f]
V  [jvm.dll+0xc9b5f]
V  [jvm.dll+0xc9ee5]
V  [jvm.dll+0x3bcbac]
V  [jvm.dll+0x1ee31a]
V  [jvm.dll+0x24c41b]
V  [jvm.dll+0x24b671]
V  [jvm.dll+0x1d6d61]
V  [jvm.dll+0x25b0fa]
V  [jvm.dll+0x259588]
V  [jvm.dll+0x807928]
V  [jvm.dll+0x8015fa]
V  [jvm.dll+0x6ed5eb]
C  [ucrtbase.dll+0x29363]
C  [KERNEL32.DLL+0x126ad]
C  [ntdll.dll+0x5aa68]


---------------  P R O C E S S  ---------------

Threads class SMR info:
_java_thread_list=0x000001e359d01710, length=13, elements={
0x000001e33552e7e0, 0x000001e3552a3900, 0x000001e3552a4230, 0x000001e3552a9230,
0x000001e3552a9b60, 0x000001e3552aac30, 0x000001e3552ab560, 0x000001e3552b70a0,
0x000001e3552ba5d0, 0x000001e3552bf740, 0x000001e3595e80e0, 0x000001e3595eaea0,
0x000001e359ad2540
}

Java Threads: ( => current thread )
  0x000001e33552e7e0 JavaThread "main" [_thread_in_vm, id=15912, stack(0x000000c8ac000000,0x000000c8ac100000)]
  0x000001e3552a3900 JavaThread "Reference Handler" daemon [_thread_blocked, id=10916, stack(0x000000c8ac700000,0x000000c8ac800000)]
  0x000001e3552a4230 JavaThread "Finalizer" daemon [_thread_blocked, id=6600, stack(0x000000c8ac800000,0x000000c8ac900000)]
  0x000001e3552a9230 JavaThread "Signal Dispatcher" daemon [_thread_blocked, id=8412, stack(0x000000c8ac900000,0x000000c8aca00000)]
  0x000001e3552a9b60 JavaThread "Attach Listener" daemon [_thread_blocked, id=7896, stack(0x000000c8aca00000,0x000000c8acb00000)]
  0x000001e3552aac30 JavaThread "Service Thread" daemon [_thread_blocked, id=10652, stack(0x000000c8acb00000,0x000000c8acc00000)]
  0x000001e3552ab560 JavaThread "Monitor Deflation Thread" daemon [_thread_blocked, id=15892, stack(0x000000c8acc00000,0x000000c8acd00000)]
=>0x000001e3552b70a0 JavaThread "C2 CompilerThread0" daemon [_thread_in_native, id=6880, stack(0x000000c8acd00000,0x000000c8ace00000)]
  0x000001e3552ba5d0 JavaThread "C1 CompilerThread0" daemon [_thread_blocked, id=16008, stack(0x000000c8ace00000,0x000000c8acf00000)]
  0x000001e3552bf740 JavaThread "Sweeper thread" daemon [_thread_blocked, id=7220, stack(0x000000c8acf00000,0x000000c8ad000000)]
  0x000001e3595e80e0 JavaThread "Notification Thread" daemon [_thread_blocked, id=11820, stack(0x000000c8ad000000,0x000000c8ad100000)]
  0x000001e3595eaea0 JavaThread "Common-Cleaner" daemon [_thread_blocked, id=11356, stack(0x000000c8ad200000,0x000000c8ad300000)]
  0x000001e359ad2540 JavaThread "C2 CompilerThread1" daemon [_thread_in_native, id=1696, stack(0x000000c8ad600000,0x000000c8ad700000)]

Other Threads:
  0x000001e355289480 VMThread "VM Thread" [stack: 0x000000c8ac600000,0x000000c8ac700000] [id=14292]
  0x000001e3595e8a30 WatcherThread "VM Periodic Task Thread" [stack: 0x000000c8ad100000,0x000000c8ad200000] [id=1100]
  0x000001e3355ca310 WorkerThread "GC Thread#0" [stack: 0x000000c8ac100000,0x000000c8ac200000] [id=13500]
  0x000001e359a88cd0 WorkerThread "GC Thread#1" [stack: 0x000000c8ad300000,0x000000c8ad400000] [id=14764]
  0x000001e359fd7d90 WorkerThread "GC Thread#2" [stack: 0x000000c8ad400000,0x000000c8ad500000] [id=15396]
  0x000001e359eff0b0 WorkerThread "GC Thread#3" [stack: 0x000000c8ad500000,0x000000c8ad600000] [id=6224]
  0x000001e3355dac00 ConcurrentGCThread "G1 Main Marker" [stack: 0x000000c8ac200000,0x000000c8ac300000] [id=15728]
  0x000001e3355db540 WorkerThread "G1 Conc#0" [stack: 0x000000c8ac300000,0x000000c8ac400000] [id=8156]
  0x000001e33562e740 ConcurrentGCThread "G1 Refine#0" [stack: 0x000000c8ac400000,0x000000c8ac500000] [id=6832]
  0x000001e3551421c0 ConcurrentGCThread "G1 Service" [stack: 0x000000c8ac500000,0x000000c8ac600000] [id=10252]

Threads with active compile tasks:
C2 CompilerThread0     1968 3260   !   4       sun.nio.cs.StreamDecoder::read0 (59 bytes)
C1 CompilerThread0     1968 3312       3       java.lang.Class::getEnclosingClass (70 bytes)
C2 CompilerThread1     1968 3272   !   4       sun.nio.cs.StreamDecoder::read (78 bytes)

VM state: not at safepoint (normal execution)

VM Mutex/Monitor currently owned by a thread: None

Heap address: 0x0000000084400000, size: 1980 MB, Compressed Oops mode: 32-bit

CDS archive(s) mapped at: [0x0000000800000000-0x0000000800c40000-0x0000000800c40000), size 12845056, SharedBaseAddress: 0x0000000800000000, ArchiveRelocationMode: 0.
Compressed class space mapped at: 0x0000000801000000-0x0000000841000000, reserved size: 1073741824
Narrow klass base: 0x0000000800000000, Narrow klass shift: 0, Narrow klass range: 0x100000000

GC Precious Log:
 CardTable entry size: 512
 Card Set container configuration: InlinePtr #cards 5 size 8 Array Of Cards #cards 12 size 40 Howl #buckets 4 coarsen threshold 1843 Howl Bitmap #cards 512 size 80 coarsen threshold 460 Card regions per heap region 1 cards per card region 2048
 CPUs: 4 total, 4 available
 Memory: 7918M
 Large Page Support: Disabled
 NUMA Support: Disabled
 Compressed Oops: Enabled (32-bit)
 Heap Region Size: 1M
 Heap Min Capacity: 8M
 Heap Initial Capacity: 124M
 Heap Max Capacity: 1980M
 Pre-touch: Disabled
 Parallel Workers: 4
 Concurrent Workers: 1
 Concurrent Refinement Workers: 4
 Periodic GC: Disabled

Heap:
 garbage-first heap   total 126976K, used 74590K [0x0000000084400000, 0x0000000100000000)
  region size 1024K, 72 young (73728K), 1 survivors (1024K)
 Metaspace       used 13831K, committed 14144K, reserved 1114112K
  class space    used 1521K, committed 1664K, reserved 1048576K

Heap Regions: E=young(eden), S=young(survivor), O=old, HS=humongous(starts), HC=humongous(continues), CS=collection set, F=free, OA=open archive, CA=closed archive, TAMS=top-at-mark-start (previous, next)
|   0|0x0000000084400000, 0x0000000084500000, 0x0000000084500000|100%| O|  |TAMS 0x0000000084400000, 0x0000000084400000| Untracked 
|   1|0x0000000084500000, 0x0000000084600000, 0x0000000084600000|100%| O|  |TAMS 0x0000000084500000, 0x0000000084500000| Untracked 
|   2|0x0000000084600000, 0x0000000084700000, 0x0000000084700000|100%| O|  |TAMS 0x0000000084600000, 0x0000000084600000| Untracked 
|   3|0x0000000084700000, 0x0000000084718800, 0x0000000084800000|  9%| O|  |TAMS 0x0000000084700000, 0x0000000084700000| Untracked 
|   4|0x0000000084800000, 0x0000000084800000, 0x0000000084900000|  0%| F|  |TAMS 0x0000000084800000, 0x0000000084800000| Untracked 
|   5|0x0000000084900000, 0x0000000084900000, 0x0000000084a00000|  0%| F|  |TAMS 0x0000000084900000, 0x0000000084900000| Untracked 
|   6|0x0000000084a00000, 0x0000000084a00000, 0x0000000084b00000|  0%| F|  |TAMS 0x0000000084a00000, 0x0000000084a00000| Untracked 
|   7|0x0000000084b00000, 0x0000000084b00000, 0x0000000084c00000|  0%| F|  |TAMS 0x0000000084b00000, 0x0000000084b00000| Untracked 
|   8|0x0000000084c00000, 0x0000000084c00000, 0x0000000084d00000|  0%| F|  |TAMS 0x0000000084c00000, 0x0000000084c00000| Untracked 
|   9|0x0000000084d00000, 0x0000000084d00000, 0x0000000084e00000|  0%| F|  |TAMS 0x0000000084d00000, 0x0000000084d00000| Untracked 
|  10|0x0000000084e00000, 0x0000000084e00000, 0x0000000084f00000|  0%| F|  |TAMS 0x0000000084e00000, 0x0000000084e00000| Untracked 
|  11|0x0000000084f00000, 0x0000000084f00000, 0x0000000085000000|  0%| F|  |TAMS 0x0000000084f00000, 0x0000000084f00000| Untracked 
|  12|0x0000000085000000, 0x0000000085000000, 0x0000000085100000|  0%| F|  |TAMS 0x0000000085000000, 0x0000000085000000| Untracked 
|  13|0x0000000085100000, 0x0000000085100000, 0x0000000085200000|  0%| F|  |TAMS 0x0000000085100000, 0x0000000085100000| Untracked 
|  14|0x0000000085200000, 0x0000000085200000, 0x0000000085300000|  0%| F|  |TAMS 0x0000000085200000, 0x0000000085200000| Untracked 
|  15|0x0000000085300000, 0x0000000085300000, 0x0000000085400000|  0%| F|  |TAMS 0x0000000085300000, 0x0000000085300000| Untracked 
|  16|0x0000000085400000, 0x0000000085400000, 0x0000000085500000|  0%| F|  |TAMS 0x0000000085400000, 0x0000000085400000| Untracked 
|  17|0x0000000085500000, 0x0000000085500000, 0x0000000085600000|  0%| F|  |TAMS 0x0000000085500000, 0x0000000085500000| Untracked 
|  18|0x0000000085600000, 0x0000000085600000, 0x0000000085700000|  0%| F|  |TAMS 0x0000000085600000, 0x0000000085600000| Untracked 
|  19|0x0000000085700000, 0x0000000085700000, 0x0000000085800000|  0%| F|  |TAMS 0x0000000085700000, 0x0000000085700000| Untracked 
|  20|0x0000000085800000, 0x0000000085800000, 0x0000000085900000|  0%| F|  |TAMS 0x0000000085800000, 0x0000000085800000| Untracked 
|  21|0x0000000085900000, 0x0000000085900000, 0x0000000085a00000|  0%| F|  |TAMS 0x0000000085900000, 0x0000000085900000| Untracked 
|  22|0x0000000085a00000, 0x0000000085a00000, 0x0000000085b00000|  0%| F|  |TAMS 0x0000000085a00000, 0x0000000085a00000| Untracked 
|  23|0x0000000085b00000, 0x0000000085b00000, 0x0000000085c00000|  0%| F|  |TAMS 0x0000000085b00000, 0x0000000085b00000| Untracked 
|  24|0x0000000085c00000, 0x0000000085c00000, 0x0000000085d00000|  0%| F|  |TAMS 0x0000000085c00000, 0x0000000085c00000| Untracked 
|  25|0x0000000085d00000, 0x0000000085d00000, 0x0000000085e00000|  0%| F|  |TAMS 0x0000000085d00000, 0x0000000085d00000| Untracked 
|  26|0x0000000085e00000, 0x0000000085e00000, 0x0000000085f00000|  0%| F|  |TAMS 0x0000000085e00000, 0x0000000085e00000| Untracked 
|  27|0x0000000085f00000, 0x0000000085f00000, 0x0000000086000000|  0%| F|  |TAMS 0x0000000085f00000, 0x0000000085f00000| Untracked 
|  28|0x0000000086000000, 0x0000000086000000, 0x0000000086100000|  0%| F|  |TAMS 0x0000000086000000, 0x0000000086000000| Untracked 
|  29|0x0000000086100000, 0x0000000086100000, 0x0000000086200000|  0%| F|  |TAMS 0x0000000086100000, 0x0000000086100000| Untracked 
|  30|0x0000000086200000, 0x0000000086200000, 0x0000000086300000|  0%| F|  |TAMS 0x0000000086200000, 0x0000000086200000| Untracked 
|  31|0x0000000086300000, 0x0000000086300000, 0x0000000086400000|  0%| F|  |TAMS 0x0000000086300000, 0x0000000086300000| Untracked 
|  32|0x0000000086400000, 0x0000000086400000, 0x0000000086500000|  0%| F|  |TAMS 0x0000000086400000, 0x0000000086400000| Untracked 
|  33|0x0000000086500000, 0x0000000086500000, 0x0000000086600000|  0%| F|  |TAMS 0x0000000086500000, 0x0000000086500000| Untracked 
|  34|0x0000000086600000, 0x0000000086600000, 0x0000000086700000|  0%| F|  |TAMS 0x0000000086600000, 0x0000000086600000| Untracked 
|  35|0x0000000086700000, 0x0000000086700000, 0x0000000086800000|  0%| F|  |TAMS 0x0000000086700000, 0x0000000086700000| Untracked 
|  36|0x0000000086800000, 0x0000000086800000, 0x0000000086900000|  0%| F|  |TAMS 0x0000000086800000, 0x0000000086800000| Untracked 
|  37|0x0000000086900000, 0x0000000086900000, 0x0000000086a00000|  0%| F|  |TAMS 0x0000000086900000, 0x0000000086900000| Untracked 
|  38|0x0000000086a00000, 0x0000000086a00000, 0x0000000086b00000|  0%| F|  |TAMS 0x0000000086a00000, 0x0000000086a00000| Untracked 
|  39|0x0000000086b00000, 0x0000000086b00000, 0x0000000086c00000|  0%| F|  |TAMS 0x0000000086b00000, 0x0000000086b00000| Untracked 
|  40|0x0000000086c00000, 0x0000000086c00000, 0x0000000086d00000|  0%| F|  |TAMS 0x0000000086c00000, 0x0000000086c00000| Untracked 
|  41|0x0000000086d00000, 0x0000000086d00000, 0x0000000086e00000|  0%| F|  |TAMS 0x0000000086d00000, 0x0000000086d00000| Untracked 
|  42|0x0000000086e00000, 0x0000000086e00000, 0x0000000086f00000|  0%| F|  |TAMS 0x0000000086e00000, 0x0000000086e00000| Untracked 
|  43|0x0000000086f00000, 0x0000000086f00000, 0x0000000087000000|  0%| F|  |TAMS 0x0000000086f00000, 0x0000000086f00000| Untracked 
|  44|0x0000000087000000, 0x0000000087000000, 0x0000000087100000|  0%| F|  |TAMS 0x0000000087000000, 0x0000000087000000| Untracked 
|  45|0x0000000087100000, 0x0000000087100000, 0x0000000087200000|  0%| F|  |TAMS 0x0000000087100000, 0x0000000087100000| Untracked 
|  46|0x0000000087200000, 0x0000000087200000, 0x0000000087300000|  0%| F|  |TAMS 0x0000000087200000, 0x0000000087200000| Untracked 
|  47|0x0000000087300000, 0x0000000087300000, 0x0000000087400000|  0%| F|  |TAMS 0x0000000087300000, 0x0000000087300000| Untracked 
|  48|0x0000000087400000, 0x0000000087400000, 0x0000000087500000|  0%| F|  |TAMS 0x0000000087400000, 0x0000000087400000| Untracked 
|  49|0x0000000087500000, 0x0000000087500000, 0x0000000087600000|  0%| F|  |TAMS 0x0000000087500000, 0x0000000087500000| Untracked 
|  50|0x0000000087600000, 0x0000000087600000, 0x0000000087700000|  0%| F|  |TAMS 0x0000000087600000, 0x0000000087600000| Untracked 
|  51|0x0000000087700000, 0x0000000087700000, 0x0000000087800000|  0%| F|  |TAMS 0x0000000087700000, 0x0000000087700000| Untracked 
|  52|0x0000000087800000, 0x00000000878ecb30, 0x0000000087900000| 92%| E|  |TAMS 0x0000000087800000, 0x0000000087800000| Complete 
|  53|0x0000000087900000, 0x0000000087a00000, 0x0000000087a00000|100%| E|CS|TAMS 0x0000000087900000, 0x0000000087900000| Complete 
|  54|0x0000000087a00000, 0x0000000087b00000, 0x0000000087b00000|100%| E|CS|TAMS 0x0000000087a00000, 0x0000000087a00000| Complete 
|  55|0x0000000087b00000, 0x0000000087c00000, 0x0000000087c00000|100%| E|CS|TAMS 0x0000000087b00000, 0x0000000087b00000| Complete 
|  56|0x0000000087c00000, 0x0000000087d00000, 0x0000000087d00000|100%| E|CS|TAMS 0x0000000087c00000, 0x0000000087c00000| Complete 
|  57|0x0000000087d00000, 0x0000000087e00000, 0x0000000087e00000|100%| E|CS|TAMS 0x0000000087d00000, 0x0000000087d00000| Complete 
|  58|0x0000000087e00000, 0x0000000087f00000, 0x0000000087f00000|100%| E|CS|TAMS 0x0000000087e00000, 0x0000000087e00000| Complete 
|  59|0x0000000087f00000, 0x0000000088000000, 0x0000000088000000|100%| E|CS|TAMS 0x0000000087f00000, 0x0000000087f00000| Complete 
|  60|0x0000000088000000, 0x0000000088100000, 0x0000000088100000|100%| E|CS|TAMS 0x0000000088000000, 0x0000000088000000| Complete 
|  61|0x0000000088100000, 0x0000000088200000, 0x0000000088200000|100%| E|CS|TAMS 0x0000000088100000, 0x0000000088100000| Complete 
|  62|0x0000000088200000, 0x0000000088300000, 0x0000000088300000|100%| E|CS|TAMS 0x0000000088200000, 0x0000000088200000| Complete 
|  63|0x0000000088300000, 0x0000000088400000, 0x0000000088400000|100%| E|CS|TAMS 0x0000000088300000, 0x0000000088300000| Complete 
|  64|0x0000000088400000, 0x0000000088500000, 0x0000000088500000|100%| E|CS|TAMS 0x0000000088400000, 0x0000000088400000| Complete 
|  65|0x0000000088500000, 0x0000000088600000, 0x0000000088600000|100%| E|CS|TAMS 0x0000000088500000, 0x0000000088500000| Complete 
|  66|0x0000000088600000, 0x0000000088700000, 0x0000000088700000|100%| E|CS|TAMS 0x0000000088600000, 0x0000000088600000| Complete 
|  67|0x0000000088700000, 0x0000000088800000, 0x0000000088800000|100%| E|CS|TAMS 0x0000000088700000, 0x0000000088700000| Complete 
|  68|0x0000000088800000, 0x0000000088900000, 0x0000000088900000|100%| E|CS|TAMS 0x0000000088800000, 0x0000000088800000| Complete 
|  69|0x0000000088900000, 0x0000000088a00000, 0x0000000088a00000|100%| E|CS|TAMS 0x0000000088900000, 0x0000000088900000| Complete 
|  70|0x0000000088a00000, 0x0000000088b00000, 0x0000000088b00000|100%| E|CS|TAMS 0x0000000088a00000, 0x0000000088a00000| Complete 
|  71|0x0000000088b00000, 0x0000000088c00000, 0x0000000088c00000|100%| E|CS|TAMS 0x0000000088b00000, 0x0000000088b00000| Complete 
|  72|0x0000000088c00000, 0x0000000088d00000, 0x0000000088d00000|100%| E|CS|TAMS 0x0000000088c00000, 0x0000000088c00000| Complete 
|  73|0x0000000088d00000, 0x0000000088e00000, 0x0000000088e00000|100%| E|CS|TAMS 0x0000000088d00000, 0x0000000088d00000| Complete 
|  74|0x0000000088e00000, 0x0000000088f00000, 0x0000000088f00000|100%| E|CS|TAMS 0x0000000088e00000, 0x0000000088e00000| Complete 
|  75|0x0000000088f00000, 0x0000000089000000, 0x0000000089000000|100%| E|CS|TAMS 0x0000000088f00000, 0x0000000088f00000| Complete 
|  76|0x0000000089000000, 0x0000000089100000, 0x0000000089100000|100%| E|CS|TAMS 0x0000000089000000, 0x0000000089000000| Complete 
|  77|0x0000000089100000, 0x0000000089200000, 0x0000000089200000|100%| E|CS|TAMS 0x0000000089100000, 0x0000000089100000| Complete 
|  78|0x0000000089200000, 0x0000000089300000, 0x0000000089300000|100%| E|CS|TAMS 0x0000000089200000, 0x0000000089200000| Complete 
|  79|0x0000000089300000, 0x0000000089400000, 0x0000000089400000|100%| E|CS|TAMS 0x0000000089300000, 0x0000000089300000| Complete 
|  80|0x0000000089400000, 0x0000000089500000, 0x0000000089500000|100%| E|CS|TAMS 0x0000000089400000, 0x0000000089400000| Complete 
|  81|0x0000000089500000, 0x0000000089600000, 0x0000000089600000|100%| E|CS|TAMS 0x0000000089500000, 0x0000000089500000| Complete 
|  82|0x0000000089600000, 0x0000000089700000, 0x0000000089700000|100%| E|CS|TAMS 0x0000000089600000, 0x0000000089600000| Complete 
|  83|0x0000000089700000, 0x0000000089800000, 0x0000000089800000|100%| E|CS|TAMS 0x0000000089700000, 0x0000000089700000| Complete 
|  84|0x0000000089800000, 0x0000000089900000, 0x0000000089900000|100%| E|CS|TAMS 0x0000000089800000, 0x0000000089800000| Complete 
|  85|0x0000000089900000, 0x0000000089a00000, 0x0000000089a00000|100%| E|CS|TAMS 0x0000000089900000, 0x0000000089900000| Complete 
|  86|0x0000000089a00000, 0x0000000089b00000, 0x0000000089b00000|100%| E|CS|TAMS 0x0000000089a00000, 0x0000000089a00000| Complete 
|  87|0x0000000089b00000, 0x0000000089c00000, 0x0000000089c00000|100%| E|CS|TAMS 0x0000000089b00000, 0x0000000089b00000| Complete 
|  88|0x0000000089c00000, 0x0000000089d00000, 0x0000000089d00000|100%| E|CS|TAMS 0x0000000089c00000, 0x0000000089c00000| Complete 
|  89|0x0000000089d00000, 0x0000000089e00000, 0x0000000089e00000|100%| E|CS|TAMS 0x0000000089d00000, 0x0000000089d00000| Complete 
|  90|0x0000000089e00000, 0x0000000089f00000, 0x0000000089f00000|100%| E|  |TAMS 0x0000000089e00000, 0x0000000089e00000| Complete 
|  91|0x0000000089f00000, 0x000000008a000000, 0x000000008a000000|100%| E|CS|TAMS 0x0000000089f00000, 0x0000000089f00000| Complete 
|  92|0x000000008a000000, 0x000000008a100000, 0x000000008a100000|100%| E|CS|TAMS 0x000000008a000000, 0x000000008a000000| Complete 
|  93|0x000000008a100000, 0x000000008a200000, 0x000000008a200000|100%| E|CS|TAMS 0x000000008a100000, 0x000000008a100000| Complete 
|  94|0x000000008a200000, 0x000000008a300000, 0x000000008a300000|100%| E|CS|TAMS 0x000000008a200000, 0x000000008a200000| Complete 
|  95|0x000000008a300000, 0x000000008a400000, 0x000000008a400000|100%| E|CS|TAMS 0x000000008a300000, 0x000000008a300000| Complete 
|  96|0x000000008a400000, 0x000000008a500000, 0x000000008a500000|100%| E|CS|TAMS 0x000000008a400000, 0x000000008a400000| Complete 
|  97|0x000000008a500000, 0x000000008a600000, 0x000000008a600000|100%| E|CS|TAMS 0x000000008a500000, 0x000000008a500000| Complete 
|  98|0x000000008a600000, 0x000000008a700000, 0x000000008a700000|100%| E|CS|TAMS 0x000000008a600000, 0x000000008a600000| Complete 
|  99|0x000000008a700000, 0x000000008a800000, 0x000000008a800000|100%| E|CS|TAMS 0x000000008a700000, 0x000000008a700000| Complete 
| 100|0x000000008a800000, 0x000000008a900000, 0x000000008a900000|100%| E|CS|TAMS 0x000000008a800000, 0x000000008a800000| Complete 
| 101|0x000000008a900000, 0x000000008aa00000, 0x000000008aa00000|100%| E|CS|TAMS 0x000000008a900000, 0x000000008a900000| Complete 
| 102|0x000000008aa00000, 0x000000008ab00000, 0x000000008ab00000|100%| E|CS|TAMS 0x000000008aa00000, 0x000000008aa00000| Complete 
| 103|0x000000008ab00000, 0x000000008ac00000, 0x000000008ac00000|100%| E|CS|TAMS 0x000000008ab00000, 0x000000008ab00000| Complete 
| 104|0x000000008ac00000, 0x000000008ad00000, 0x000000008ad00000|100%| E|CS|TAMS 0x000000008ac00000, 0x000000008ac00000| Complete 
| 105|0x000000008ad00000, 0x000000008ae00000, 0x000000008ae00000|100%| E|CS|TAMS 0x000000008ad00000, 0x000000008ad00000| Complete 
| 106|0x000000008ae00000, 0x000000008aebf2c0, 0x000000008af00000| 74%| S|CS|TAMS 0x000000008ae00000, 0x000000008ae00000| Complete 
| 107|0x000000008af00000, 0x000000008b000000, 0x000000008b000000|100%| E|CS|TAMS 0x000000008af00000, 0x000000008af00000| Complete 
| 108|0x000000008b000000, 0x000000008b100000, 0x000000008b100000|100%| E|CS|TAMS 0x000000008b000000, 0x000000008b000000| Complete 
| 109|0x000000008b100000, 0x000000008b200000, 0x000000008b200000|100%| E|CS|TAMS 0x000000008b100000, 0x000000008b100000| Complete 
| 110|0x000000008b200000, 0x000000008b300000, 0x000000008b300000|100%| E|CS|TAMS 0x000000008b200000, 0x000000008b200000| Complete 
| 111|0x000000008b300000, 0x000000008b400000, 0x000000008b400000|100%| E|CS|TAMS 0x000000008b300000, 0x000000008b300000| Complete 
| 112|0x000000008b400000, 0x000000008b500000, 0x000000008b500000|100%| E|CS|TAMS 0x000000008b400000, 0x000000008b400000| Complete 
| 113|0x000000008b500000, 0x000000008b600000, 0x000000008b600000|100%| E|CS|TAMS 0x000000008b500000, 0x000000008b500000| Complete 
| 114|0x000000008b600000, 0x000000008b700000, 0x000000008b700000|100%| E|CS|TAMS 0x000000008b600000, 0x000000008b600000| Complete 
| 115|0x000000008b700000, 0x000000008b800000, 0x000000008b800000|100%| E|CS|TAMS 0x000000008b700000, 0x000000008b700000| Complete 
| 116|0x000000008b800000, 0x000000008b900000, 0x000000008b900000|100%| E|CS|TAMS 0x000000008b800000, 0x000000008b800000| Complete 
| 117|0x000000008b900000, 0x000000008ba00000, 0x000000008ba00000|100%| E|CS|TAMS 0x000000008b900000, 0x000000008b900000| Complete 
| 118|0x000000008ba00000, 0x000000008bb00000, 0x000000008bb00000|100%| E|CS|TAMS 0x000000008ba00000, 0x000000008ba00000| Complete 
| 119|0x000000008bb00000, 0x000000008bc00000, 0x000000008bc00000|100%| E|CS|TAMS 0x000000008bb00000, 0x000000008bb00000| Complete 
| 120|0x000000008bc00000, 0x000000008bd00000, 0x000000008bd00000|100%| E|CS|TAMS 0x000000008bc00000, 0x000000008bc00000| Complete 
| 121|0x000000008bd00000, 0x000000008be00000, 0x000000008be00000|100%| E|CS|TAMS 0x000000008bd00000, 0x000000008bd00000| Complete 
| 122|0x000000008be00000, 0x000000008bf00000, 0x000000008bf00000|100%| E|CS|TAMS 0x000000008be00000, 0x000000008be00000| Complete 
| 123|0x000000008bf00000, 0x000000008c000000, 0x000000008c000000|100%| E|CS|TAMS 0x000000008bf00000, 0x000000008bf00000| Complete 

Card table byte_map: [0x000001e34e6e0000,0x000001e34eac0000] _byte_map_base: 0x000001e34e2be000

Marking Bits (Prev, Next): (CMBitMap*) 0x000001e3355ca850, (CMBitMap*) 0x000001e3355ca890
 Prev Bits: [0x000001e34eea0000, 0x000001e350d90000)
 Next Bits: [0x000001e350d90000, 0x000001e352c80000)

Polling page: 0x000001e335630000

Metaspace:

Usage:
  Non-class:     12.04 MB used.
      Class:      1.49 MB used.
       Both:     13.54 MB used.

Virtual space:
  Non-class space:       64.00 MB reserved,      12.19 MB ( 19%) committed,  1 nodes.
      Class space:        1.00 GB reserved,       1.62 MB ( <1%) committed,  1 nodes.
             Both:        1.06 GB reserved,      13.81 MB (  1%) committed. 

Chunk freelists:
   Non-Class:  2.97 MB
       Class:  2.41 MB
        Both:  5.38 MB

MaxMetaspaceSize: unlimited
CompressedClassSpaceSize: 1.00 GB
Initial GC threshold: 21.00 MB
Current GC threshold: 21.00 MB
CDS: on
MetaspaceReclaimPolicy: balanced
 - commit_granule_bytes: 65536.
 - commit_granule_words: 8192.
 - virtual_space_node_default_size: 8388608.
 - enlarge_chunks_in_place: 1.
 - new_chunks_are_fully_committed: 0.
 - uncommit_free_chunks: 1.
 - use_allocation_guard: 0.


Internal statistics:

num_allocs_failed_limit: 0.
num_arena_births: 238.
num_arena_deaths: 0.
num_vsnodes_births: 2.
num_vsnodes_deaths: 0.
num_space_committed: 221.
num_space_uncommitted: 0.
num_chunks_returned_to_freelist: 0.
num_chunks_taken_from_freelist: 700.
num_chunk_merges: 0.
num_chunk_splits: 505.
num_chunks_enlarged: 379.
num_inconsistent_stats: 0.

CodeHeap 'non-profiled nmethods': size=120000Kb used=1422Kb max_used=1422Kb free=118577Kb
 bounds [0x000001e3467b0000, 0x000001e346a20000, 0x000001e34dce0000]
CodeHeap 'profiled nmethods': size=120000Kb used=6683Kb max_used=6683Kb free=113317Kb
 bounds [0x000001e33ece0000, 0x000001e33f370000, 0x000001e346210000]
CodeHeap 'non-nmethods': size=5760Kb used=1283Kb max_used=1311Kb free=4476Kb
 bounds [0x000001e346210000, 0x000001e346480000, 0x000001e3467b0000]
 total_blobs=3783 nmethods=3307 adapters=386
 compilation: enabled
              stopped_count=0, restarted_count=0
 full_count=0

Compilation events (20 events):
Event: 1.942 Thread 0x000001e3552ba5d0 3287       3       sun.nio.fs.NativeBuffer::release (5 bytes)
Event: 1.942 Thread 0x000001e3552ba5d0 nmethod 3287 0x000001e33f354b10 code [0x000001e33f354cc0, 0x000001e33f354de8]
Event: 1.942 Thread 0x000001e3552ba5d0 3288       3       sun.nio.fs.NativeBuffers::releaseNativeBuffer (97 bytes)
Event: 1.943 Thread 0x000001e3552ba5d0 nmethod 3288 0x000001e33f354e90 code [0x000001e33f3551e0, 0x000001e33f356c78]
Event: 1.943 Thread 0x000001e3552ba5d0 3289       3       java.net.URL::isValidProtocol (78 bytes)
Event: 1.944 Thread 0x000001e3552ba5d0 nmethod 3289 0x000001e33f357310 code [0x000001e33f357620, 0x000001e33f3588d8]
Event: 1.944 Thread 0x000001e3552ba5d0 3290       3       java.net.URLConnection::setUseCaches (10 bytes)
Event: 1.944 Thread 0x000001e3552ba5d0 nmethod 3290 0x000001e33f358f90 code [0x000001e33f359140, 0x000001e33f3593c8]
Event: 1.944 Thread 0x000001e3552ba5d0 3291       3       java.util.concurrent.TimeUnit::toMillis (69 bytes)
Event: 1.944 Thread 0x000001e3552ba5d0 nmethod 3291 0x000001e33f359510 code [0x000001e33f3596c0, 0x000001e33f3599d8]
Event: 1.946 Thread 0x000001e3552ba5d0 3292       3       sun.nio.fs.WindowsPathParser::parse (6 bytes)
Event: 1.946 Thread 0x000001e3552ba5d0 nmethod 3292 0x000001e33f359a90 code [0x000001e33f359c40, 0x000001e33f359d68]
Event: 1.946 Thread 0x000001e3552ba5d0 3293       3       sun.nio.fs.WindowsPathParser::parse (384 bytes)
Event: 1.949 Thread 0x000001e3552ba5d0 nmethod 3293 0x000001e33f359e10 code [0x000001e33f35a500, 0x000001e33f35e528]
Event: 1.949 Thread 0x000001e3552ba5d0 3294       3       com.google.common.collect.ImmutableSet::asList (23 bytes)
Event: 1.949 Thread 0x000001e3552ba5d0 nmethod 3294 0x000001e33f35fc10 code [0x000001e33f35fdc0, 0x000001e33f360068]
Event: 1.952 Thread 0x000001e3552ba5d0 3296       3       sun.nio.fs.WindowsFileSystem::getPath (106 bytes)
Event: 1.953 Thread 0x000001e3552ba5d0 nmethod 3296 0x000001e33f360110 code [0x000001e33f360380, 0x000001e33f360d68]
Event: 1.953 Thread 0x000001e3552ba5d0 3297       3       sun.nio.fs.WindowsPath::parse (26 bytes)
Event: 1.953 Thread 0x000001e3552ba5d0 nmethod 3297 0x000001e33f361210 code [0x000001e33f3613e0, 0x000001e33f361888]

GC Heap History (4 events):
Event: 0.305 GC heap before
{Heap before GC invocations=0 (full 0):
 garbage-first heap   total 126976K, used 12288K [0x0000000084400000, 0x0000000100000000)
  region size 1024K, 13 young (13312K), 0 survivors (0K)
 Metaspace       used 3791K, committed 3968K, reserved 1114112K
  class space    used 394K, committed 448K, reserved 1048576K
}
Event: 0.308 GC heap after
{Heap after GC invocations=1 (full 0):
 garbage-first heap   total 126976K, used 3104K [0x0000000084400000, 0x0000000100000000)
  region size 1024K, 2 young (2048K), 2 survivors (2048K)
 Metaspace       used 3791K, committed 3968K, reserved 1114112K
  class space    used 394K, committed 448K, reserved 1048576K
}
Event: 0.610 GC heap before
{Heap before GC invocations=1 (full 0):
 garbage-first heap   total 126976K, used 18464K [0x0000000084400000, 0x0000000100000000)
  region size 1024K, 17 young (17408K), 2 survivors (2048K)
 Metaspace       used 5697K, committed 5888K, reserved 1114112K
  class space    used 642K, committed 704K, reserved 1048576K
}
Event: 0.614 GC heap after
{Heap after GC invocations=2 (full 0):
 garbage-first heap   total 126976K, used 3934K [0x0000000084400000, 0x0000000100000000)
  region size 1024K, 1 young (1024K), 1 survivors (1024K)
 Metaspace       used 5697K, committed 5888K, reserved 1114112K
  class space    used 642K, committed 704K, reserved 1048576K
}

Dll operation events (8 events):
Event: 0.005 Loaded shared library C:\Program Files\Java\jdk-19\bin\java.dll
Event: 0.011 Loaded shared library C:\Program Files\Java\jdk-19\bin\jsvml.dll
Event: 0.035 Loaded shared library C:\Program Files\Java\jdk-19\bin\net.dll
Event: 0.036 Loaded shared library C:\Program Files\Java\jdk-19\bin\nio.dll
Event: 0.037 Loaded shared library C:\Program Files\Java\jdk-19\bin\zip.dll
Event: 0.100 Loaded shared library C:\Program Files\Java\jdk-19\bin\jimage.dll
Event: 0.106 Loaded shared library C:\Users\ducan\Desktop\NetBeans-16\netbeans\java\maven\lib\jansi-native\Windows\x86_64\jansi.dll
Event: 0.112 Loaded shared library C:\Program Files\Java\jdk-19\bin\verify.dll

Deoptimization events (20 events):
Event: 1.812 Thread 0x000001e33552e7e0 DEOPT PACKING pc=0x000001e3468e9998 sp=0x000000c8ac0fcbd0
Event: 1.812 Thread 0x000001e33552e7e0 DEOPT UNPACKING pc=0x000001e34627a5a3 sp=0x000000c8ac0fcb60 mode 2
Event: 1.822 Thread 0x000001e33552e7e0 DEOPT PACKING pc=0x000001e33f160b84 sp=0x000000c8ac0fc870
Event: 1.822 Thread 0x000001e33552e7e0 DEOPT UNPACKING pc=0x000001e34627b0e3 sp=0x000000c8ac0fbdc8 mode 0
Event: 1.829 Thread 0x000001e33552e7e0 DEOPT PACKING pc=0x000001e33f160b84 sp=0x000000c8ac0fc730
Event: 1.829 Thread 0x000001e33552e7e0 DEOPT UNPACKING pc=0x000001e34627b0e3 sp=0x000000c8ac0fbc88 mode 0
Event: 1.883 Thread 0x000001e33552e7e0 Uncommon trap: trap_request=0x000001c0 fr.pc=0x000001e34681f6bc relative=0x000000000000025c
Event: 1.883 Thread 0x000001e33552e7e0 Uncommon trap: reason=unloaded action=reinterpret pc=0x000001e34681f6bc method=java.util.jar.JarFile.checkForSpecialAttributes()V @ 99 c2
Event: 1.883 Thread 0x000001e33552e7e0 DEOPT PACKING pc=0x000001e34681f6bc sp=0x000000c8ac0fd7f0
Event: 1.883 Thread 0x000001e33552e7e0 DEOPT UNPACKING pc=0x000001e34627a5a3 sp=0x000000c8ac0fd790 mode 2
Event: 1.947 Thread 0x000001e33552e7e0 DEOPT PACKING pc=0x000001e33f34ae55 sp=0x000000c8ac0fd1b0
Event: 1.947 Thread 0x000001e33552e7e0 DEOPT UNPACKING pc=0x000001e34627b0e3 sp=0x000000c8ac0fc620 mode 0
Event: 1.948 Thread 0x000001e33552e7e0 Uncommon trap: trap_request=0xffffffde fr.pc=0x000001e34687b10c relative=0x000000000000006c
Event: 1.948 Thread 0x000001e33552e7e0 Uncommon trap: reason=class_check action=maybe_recompile pc=0x000001e34687b10c method=com.google.inject.internal.LinkedBindingImpl.acceptTargetVisitor(Lcom/google/inject/spi/BindingTargetVisitor;)Ljava/lang/Object; @ 2 c2
Event: 1.948 Thread 0x000001e33552e7e0 DEOPT PACKING pc=0x000001e34687b10c sp=0x000000c8ac0fd9d0
Event: 1.948 Thread 0x000001e33552e7e0 DEOPT UNPACKING pc=0x000001e34627a5a3 sp=0x000000c8ac0fd958 mode 2
Event: 1.948 Thread 0x000001e33552e7e0 Uncommon trap: trap_request=0xffffffde fr.pc=0x000001e34687b10c relative=0x000000000000006c
Event: 1.948 Thread 0x000001e33552e7e0 Uncommon trap: reason=class_check action=maybe_recompile pc=0x000001e34687b10c method=com.google.inject.internal.LinkedBindingImpl.acceptTargetVisitor(Lcom/google/inject/spi/BindingTargetVisitor;)Ljava/lang/Object; @ 2 c2
Event: 1.948 Thread 0x000001e33552e7e0 DEOPT PACKING pc=0x000001e34687b10c sp=0x000000c8ac0fd9d0
Event: 1.948 Thread 0x000001e33552e7e0 DEOPT UNPACKING pc=0x000001e34627a5a3 sp=0x000000c8ac0fd958 mode 2

Classes loaded (20 events):
Event: 1.949 Loading class javax/xml/parsers/ParserConfigurationException
Event: 1.949 Loading class javax/xml/parsers/ParserConfigurationException done
Event: 1.949 Loading class org/xml/sax/SAXException
Event: 1.949 Loading class org/xml/sax/SAXException done
Event: 1.949 Loading class org/w3c/dom/Document
Event: 1.949 Loading class org/w3c/dom/Document done
Event: 1.950 Loading class org/w3c/dom/Element
Event: 1.950 Loading class org/w3c/dom/Element done
Event: 1.951 Loading class java/lang/IllegalThreadStateException
Event: 1.951 Loading class java/lang/IllegalThreadStateException done
Event: 1.954 Loading class java/io/FileWriter
Event: 1.954 Loading class java/io/FileWriter done
Event: 1.955 Loading class java/util/jar/JarOutputStream
Event: 1.955 Loading class java/util/zip/ZipOutputStream
Event: 1.955 Loading class java/util/zip/DeflaterOutputStream
Event: 1.955 Loading class java/util/zip/DeflaterOutputStream done
Event: 1.955 Loading class java/util/zip/ZipOutputStream done
Event: 1.955 Loading class java/util/jar/JarOutputStream done
Event: 1.955 Loading class java/io/PrintWriter
Event: 1.956 Loading class java/io/PrintWriter done

Classes unloaded (0 events):
No events

Classes redefined (0 events):
No events

Internal exceptions (20 events):
Event: 1.182 Thread 0x000001e33552e7e0 Exception <a 'java/lang/NoSuchMethodError'{0x000000008a976e08}: 'void java.lang.invoke.Invokers$Holder.invokeExact_MT(java.lang.Object, java.lang.Object, java.lang.Object, java.lang.Object)'> (0x000000008a976e08) 
thrown [s\open\src\hotspot\share\interpreter\linkResolver.cpp, line 774]
Event: 1.193 Thread 0x000001e33552e7e0 Exception <a 'java/lang/NoClassDefFoundError'{0x000000008a9f6418}: com/google/inject/servlet/ServletModuleTargetVisitor> (0x000000008a9f6418) 
thrown [s\open\src\hotspot\share\classfile\systemDictionary.cpp, line 244]
Event: 1.216 Thread 0x000001e33552e7e0 Exception <a 'java/lang/NoSuchMethodError'{0x000000008a8dd020}: 'java.lang.Object java.lang.invoke.DirectMethodHandle$Holder.invokeStatic(java.lang.Object, java.lang.Object, int)'> (0x000000008a8dd020) 
thrown [s\open\src\hotspot\share\interpreter\linkResolver.cpp, line 774]
Event: 1.216 Thread 0x000001e33552e7e0 Exception <a 'java/lang/NoSuchMethodError'{0x000000008a8e22a8}: 'void java.lang.invoke.DirectMethodHandle$Holder.invokeStatic(java.lang.Object, java.lang.Object, int, java.lang.Object)'> (0x000000008a8e22a8) 
thrown [s\open\src\hotspot\share\interpreter\linkResolver.cpp, line 774]
Event: 1.217 Thread 0x000001e33552e7e0 Exception <a 'java/lang/NoSuchMethodError'{0x000000008a8ea270}: 'void java.lang.invoke.DelegatingMethodHandle$Holder.delegate(java.lang.Object, java.lang.Object, int, java.lang.Object)'> (0x000000008a8ea270) 
thrown [s\open\src\hotspot\share\interpreter\linkResolver.cpp, line 774]
Event: 1.217 Thread 0x000001e33552e7e0 Exception <a 'java/lang/NoSuchMethodError'{0x000000008a8ef0a8}: 'int java.lang.invoke.DirectMethodHandle$Holder.invokeSpecial(java.lang.Object, java.lang.Object, java.lang.Object)'> (0x000000008a8ef0a8) 
thrown [s\open\src\hotspot\share\interpreter\linkResolver.cpp, line 774]
Event: 1.236 Thread 0x000001e33552e7e0 Exception <a 'java/lang/NoSuchMethodError'{0x000000008a635420}: 'java.lang.Object java.lang.invoke.DirectMethodHandle$Holder.newInvokeSpecial(java.lang.Object, java.lang.Object, java.lang.Object, java.lang.Object, java.lang.Object, java.lang.Object, java.lang.Object)'> (0x000000008a635420) 
thrown [s\open\src\hotspot\share\interpreter\linkResolver.cpp, line 774]
Event: 1.242 Thread 0x000001e33552e7e0 Exception <a 'java/lang/NoSuchMethodError'{0x000000008a672b50}: 'java.lang.Object java.lang.invoke.DirectMethodHandle$Holder.newInvokeSpecial(java.lang.Object, java.lang.Object, java.lang.Object, java.lang.Object, java.lang.Object, java.lang.Object, java.lang.Object, java.lang.Object, java.lang.Object)'> (0x000000008a672b50) 
thrown [s\open\src\hotspot\share\interpreter\linkResolver.cpp, line 774]
Event: 1.259 Thread 0x000001e33552e7e0 Exception <a 'java/lang/NoSuchMethodError'{0x000000008a5222d8}: 'java.lang.Object java.lang.invoke.DirectMethodHandle$Holder.newInvokeSpecial(java.lang.Object, java.lang.Object, java.lang.Object, java.lang.Object, java.lang.Object, java.lang.Object, java.lang.Object, java.lang.Object, java.lang.Object, java.lang.Object, java.lang.Object, java.lang.Object)'> (0x000000008a5222d8) 
thrown [s\open\src\hotspot\share\interpreter\linkResolver.cpp, line 774]
Event: 1.263 Thread 0x000001e33552e7e0 Exception <a 'java/lang/NoSuchMethodError'{0x000000008a56a420}: 'java.lang.Object java.lang.invoke.DirectMethodHandle$Holder.invokeStatic(java.lang.Object, java.lang.Object, java.lang.Object, java.lang.Object, java.lang.Object, java.lang.Object, java.lang.Object, java.lang.Object, java.lang.Object, java.lang.Object, java.lang.Object, java.lang.Object, java.lang.Object)'> (0x000000008a56a420) 
thrown [s\open\src\hotspot\share\interpreter\linkResolver.cpp, line 774]
Event: 1.265 Thread 0x000001e33552e7e0 Exception <a 'java/lang/NoSuchMethodError'{0x000000008a589ec0}: 'java.lang.Object java.lang.invoke.DirectMethodHandle$Holder.invokeStatic(java.lang.Object, java.lang.Object, java.lang.Object, java.lang.Object, java.lang.Object, java.lang.Object, java.lang.Object, java.lang.Object, java.lang.Object, java.lang.Object, java.lang.Object, java.lang.Object, java.lang.Object, java.lang.Object)'> (0x000000008a589ec0) 
thrown [s\open\src\hotspot\share\interpreter\linkResolver.cpp, line 774]
Event: 1.268 Thread 0x000001e33552e7e0 Exception <a 'java/lang/NoSuchMethodError'{0x000000008a5ab648}: 'java.lang.Object java.lang.invoke.DirectMethodHandle$Holder.invokeStatic(java.lang.Object, java.lang.Object, java.lang.Object, java.lang.Object, java.lang.Object, java.lang.Object, java.lang.Object, java.lang.Object, java.lang.Object, java.lang.Object, java.lang.Object, java.lang.Object, java.lang.Object, java.lang.Object, java.lang.Object)'> (0x000000008a5ab648) 
thrown [s\open\src\hotspot\share\interpreter\linkResolver.cpp, line 774]
Event: 1.284 Thread 0x000001e33552e7e0 Exception <a 'java/lang/NoSuchMethodError'{0x000000008a4237d0}: 'java.lang.Object java.lang.invoke.DirectMethodHandle$Holder.invokeStaticInit(java.lang.Object, int, int, int, int)'> (0x000000008a4237d0) 
thrown [s\open\src\hotspot\share\interpreter\linkResolver.cpp, line 774]
Event: 1.377 Thread 0x000001e33552e7e0 Exception <a 'java/lang/NoSuchMethodError'{0x0000000089f83398}: 'void java.lang.invoke.DirectMethodHandle$Holder.invokeVirtual(java.lang.Object, java.lang.Object, int)'> (0x0000000089f83398) 
thrown [s\open\src\hotspot\share\interpreter\linkResolver.cpp, line 774]
Event: 1.378 Thread 0x000001e33552e7e0 Exception <a 'java/lang/NoSuchMethodError'{0x0000000089f877b0}: 'int java.lang.invoke.DirectMethodHandle$Holder.invokeSpecial(java.lang.Object, java.lang.Object, java.lang.Object, int)'> (0x0000000089f877b0) 
thrown [s\open\src\hotspot\share\interpreter\linkResolver.cpp, line 774]
Event: 1.378 Thread 0x000001e33552e7e0 Exception <a 'java/lang/NoSuchMethodError'{0x0000000089f97bb8}: 'java.lang.Object java.lang.invoke.DirectMethodHandle$Holder.invokeStatic(java.lang.Object, java.lang.Object, java.lang.Object, java.lang.Object, int)'> (0x0000000089f97bb8) 
thrown [s\open\src\hotspot\share\interpreter\linkResolver.cpp, line 774]
Event: 1.379 Thread 0x000001e33552e7e0 Exception <a 'java/lang/NoSuchMethodError'{0x0000000089fa3708}: 'void java.lang.invoke.DelegatingMethodHandle$Holder.reinvoke_L(java.lang.Object, java.lang.Object, int)'> (0x0000000089fa3708) 
thrown [s\open\src\hotspot\share\interpreter\linkResolver.cpp, line 774]
Event: 1.412 Thread 0x000001e33552e7e0 Implicit null exception at 0x000001e34684dc9e to 0x000001e34684de5c
Event: 1.478 Thread 0x000001e33552e7e0 Implicit null exception at 0x000001e34684c9ea to 0x000001e34684cba8
Event: 1.627 Thread 0x000001e33552e7e0 Implicit null exception at 0x000001e34682106a to 0x000001e346821218

VM Operations (20 events):
Event: 1.177 Executing VM operation: HandshakeAllThreads
Event: 1.177 Executing VM operation: HandshakeAllThreads done
Event: 1.215 Executing VM operation: HandshakeAllThreads
Event: 1.215 Executing VM operation: HandshakeAllThreads done
Event: 1.275 Executing VM operation: HandshakeAllThreads
Event: 1.275 Executing VM operation: HandshakeAllThreads done
Event: 1.294 Executing VM operation: HandshakeAllThreads
Event: 1.294 Executing VM operation: HandshakeAllThreads done
Event: 1.316 Executing VM operation: HandshakeAllThreads
Event: 1.316 Executing VM operation: HandshakeAllThreads done
Event: 1.340 Executing VM operation: HandshakeAllThreads
Event: 1.340 Executing VM operation: HandshakeAllThreads done
Event: 1.391 Executing VM operation: ICBufferFull
Event: 1.392 Executing VM operation: ICBufferFull done
Event: 1.466 Executing VM operation: HandshakeAllThreads
Event: 1.466 Executing VM operation: HandshakeAllThreads done
Event: 1.467 Executing VM operation: HandshakeAllThreads
Event: 1.467 Executing VM operation: HandshakeAllThreads done
Event: 1.677 Executing VM operation: ICBufferFull
Event: 1.677 Executing VM operation: ICBufferFull done

Events (13 events):
Event: 0.012 Thread 0x000001e33552e7e0 Thread added: 0x000001e33552e7e0
Event: 0.019 Thread 0x000001e3552a3900 Thread added: 0x000001e3552a3900
Event: 0.019 Thread 0x000001e3552a4230 Thread added: 0x000001e3552a4230
Event: 0.020 Thread 0x000001e3552a9230 Thread added: 0x000001e3552a9230
Event: 0.020 Thread 0x000001e3552a9b60 Thread added: 0x000001e3552a9b60
Event: 0.020 Thread 0x000001e3552aac30 Thread added: 0x000001e3552aac30
Event: 0.020 Thread 0x000001e3552ab560 Thread added: 0x000001e3552ab560
Event: 0.020 Thread 0x000001e3552b70a0 Thread added: 0x000001e3552b70a0
Event: 0.020 Thread 0x000001e3552ba5d0 Thread added: 0x000001e3552ba5d0
Event: 0.020 Thread 0x000001e3552bf740 Thread added: 0x000001e3552bf740
Event: 0.031 Thread 0x000001e3595e80e0 Thread added: 0x000001e3595e80e0
Event: 0.032 Thread 0x000001e3595eaea0 Thread added: 0x000001e3595eaea0
Event: 0.382 Thread 0x000001e359ad2540 Thread added: 0x000001e359ad2540


Dynamic libraries:
0x00007ff768070000 - 0x00007ff768080000 	C:\Program Files\Java\jdk-19\bin\java.exe
0x00007fff00ed0000 - 0x00007fff010e4000 	C:\WINDOWS\SYSTEM32\ntdll.dll
0x00007ffefeee0000 - 0x00007ffefefa2000 	C:\WINDOWS\System32\KERNEL32.DLL
0x00007ffefe7b0000 - 0x00007ffefeb53000 	C:\WINDOWS\System32\KERNELBASE.dll
0x00007ffefeb90000 - 0x00007ffefeca1000 	C:\WINDOWS\System32\ucrtbase.dll
0x00007ffef3470000 - 0x00007ffef3488000 	C:\Program Files\Java\jdk-19\bin\jli.dll
0x00007ffeee700000 - 0x00007ffeee71b000 	C:\Program Files\Java\jdk-19\bin\VCRUNTIME140.dll
0x00007ffeff9f0000 - 0x00007ffeffa9e000 	C:\WINDOWS\System32\ADVAPI32.dll
0x00007ffeff030000 - 0x00007ffeff0d7000 	C:\WINDOWS\System32\msvcrt.dll
0x00007fff00be0000 - 0x00007fff00c84000 	C:\WINDOWS\System32\sechost.dll
0x00007ffeffbb0000 - 0x00007ffeffcc7000 	C:\WINDOWS\System32\RPCRT4.dll
0x00007ffeffcd0000 - 0x00007ffeffe7a000 	C:\WINDOWS\System32\USER32.dll
0x00007ffefeb60000 - 0x00007ffefeb86000 	C:\WINDOWS\System32\win32u.dll
0x00007ffefff20000 - 0x00007ffefff49000 	C:\WINDOWS\System32\GDI32.dll
0x00007ffefe350000 - 0x00007ffefe469000 	C:\WINDOWS\System32\gdi32full.dll
0x00007ffebc140000 - 0x00007ffebc3ce000 	C:\WINDOWS\WinSxS\amd64_microsoft.windows.common-controls_6595b64144ccf1df_6.0.22621.1635_none_270f70857386168e\COMCTL32.dll
0x00007ffefe470000 - 0x00007ffefe50a000 	C:\WINDOWS\System32\msvcp_win.dll
0x00007ffef0a70000 - 0x00007ffef0a7a000 	C:\WINDOWS\SYSTEM32\VERSION.dll
0x00007ffefed00000 - 0x00007ffefed31000 	C:\WINDOWS\System32\IMM32.DLL
0x00007ffeee6e0000 - 0x00007ffeee6ec000 	C:\Program Files\Java\jdk-19\bin\vcruntime140_1.dll
0x00007ffe97c50000 - 0x00007ffe97cde000 	C:\Program Files\Java\jdk-19\bin\msvcp140.dll
0x00007ffe95de0000 - 0x00007ffe96aa0000 	C:\Program Files\Java\jdk-19\bin\server\jvm.dll
0x00007ffef3370000 - 0x00007ffef33a4000 	C:\WINDOWS\SYSTEM32\WINMM.dll
0x00007ffeee6f0000 - 0x00007ffeee6f9000 	C:\WINDOWS\SYSTEM32\WSOCK32.dll
0x00007ffeff970000 - 0x00007ffeff9e1000 	C:\WINDOWS\System32\WS2_32.dll
0x00007ffefd2e0000 - 0x00007ffefd2f8000 	C:\WINDOWS\SYSTEM32\kernel.appcore.dll
0x00007ffec65c0000 - 0x00007ffec65ca000 	C:\Program Files\Java\jdk-19\bin\jimage.dll
0x00007ffefbd00000 - 0x00007ffefbf2e000 	C:\WINDOWS\SYSTEM32\DBGHELP.DLL
0x00007ffefff50000 - 0x00007fff002d9000 	C:\WINDOWS\System32\combase.dll
0x00007fff00570000 - 0x00007fff00647000 	C:\WINDOWS\System32\OLEAUT32.dll
0x00007ffef14d0000 - 0x00007ffef1502000 	C:\WINDOWS\SYSTEM32\dbgcore.DLL
0x00007ffefe2d0000 - 0x00007ffefe34a000 	C:\WINDOWS\System32\bcryptPrimitives.dll
0x00007ffeb1e50000 - 0x00007ffeb1e76000 	C:\Program Files\Java\jdk-19\bin\java.dll
0x00007ffe95d00000 - 0x00007ffe95dd7000 	C:\Program Files\Java\jdk-19\bin\jsvml.dll
0x00007ffeff0e0000 - 0x00007ffeff8d9000 	C:\WINDOWS\System32\SHELL32.dll
0x00007ffefc270000 - 0x00007ffefcb3e000 	C:\WINDOWS\SYSTEM32\windows.storage.dll
0x00007ffefc130000 - 0x00007ffefc26e000 	C:\WINDOWS\SYSTEM32\wintypes.dll
0x00007fff00650000 - 0x00007fff00741000 	C:\WINDOWS\System32\SHCORE.dll
0x00007ffeffea0000 - 0x00007ffeffefe000 	C:\WINDOWS\System32\shlwapi.dll
0x00007ffefe200000 - 0x00007ffefe226000 	C:\WINDOWS\SYSTEM32\profapi.dll
0x00007ffe98170000 - 0x00007ffe98183000 	C:\Program Files\Java\jdk-19\bin\net.dll
0x00007ffef36e0000 - 0x00007ffef3817000 	C:\WINDOWS\SYSTEM32\WINHTTP.dll
0x00007ffefd7f0000 - 0x00007ffefd859000 	C:\WINDOWS\system32\mswsock.dll
0x00007ffe98120000 - 0x00007ffe98136000 	C:\Program Files\Java\jdk-19\bin\nio.dll
0x00007ffe98100000 - 0x00007ffe98118000 	C:\Program Files\Java\jdk-19\bin\zip.dll
0x0000000069ac0000 - 0x0000000069ae4000 	C:\Users\ducan\Desktop\NetBeans-16\netbeans\java\maven\lib\jansi-native\Windows\x86_64\jansi.dll
0x00007ffec1970000 - 0x00007ffec1980000 	C:\Program Files\Java\jdk-19\bin\verify.dll

dbghelp: loaded successfully - version: 4.0.5 - missing functions: none
symbol engine: initialized successfully - sym options: 0x614 - pdb path: .;C:\Program Files\Java\jdk-19\bin;C:\WINDOWS\SYSTEM32;C:\WINDOWS\WinSxS\amd64_microsoft.windows.common-controls_6595b64144ccf1df_6.0.22621.1635_none_270f70857386168e;C:\Program Files\Java\jdk-19\bin\server;C:\Users\ducan\Desktop\NetBeans-16\netbeans\java\maven\lib\jansi-native\Windows\x86_64

VM Arguments:
jvm_args: -Dclassworlds.conf=C:\Users\ducan\Desktop\NetBeans-16\netbeans\java\maven\bin\m2.conf -Dmaven.home=C:\Users\ducan\Desktop\NetBeans-16\netbeans\java\maven -Dlibrary.jansi.path=C:\Users\ducan\Desktop\NetBeans-16\netbeans\java\maven\lib\jansi-native -Dmaven.multiModuleProjectDirectory=C:\Users\ducan\Desktop\TextMindMaven\TextMindMaven\TextMindMaven 
java_command: org.codehaus.plexus.classworlds.launcher.Launcher -Dexec.vmArgs= -Dexec.args=${exec.vmArgs} -classpath %classpath ${exec.mainClass} ${exec.appArgs} -Dexec.executable=C:\Program Files\Java\jdk-19\bin\java.exe -Dexec.mainClass=com.TextMind.main.ReportUser -Dexec.classpathScope=runtime -Dexec.appArgs= -Dmaven.ext.class.path=C:\Users\ducan\Desktop\NetBeans-16\netbeans\java\maven-nblib\netbeans-eventspy.jar org.codehaus.mojo:exec-maven-plugin:3.0.0:exec
java_class_path (initial): C:\Users\ducan\Desktop\NetBeans-16\netbeans\java\maven\boot\plexus-classworlds-2.6.0.jar
Launcher Type: SUN_STANDARD

[Global flags]
     intx CICompilerCount                          = 3                                         {product} {ergonomic}
     uint ConcGCThreads                            = 1                                         {product} {ergonomic}
     uint G1ConcRefinementThreads                  = 4                                         {product} {ergonomic}
   size_t G1HeapRegionSize                         = 1048576                                   {product} {ergonomic}
    uintx GCDrainStackTargetSize                   = 64                                        {product} {ergonomic}
   size_t InitialHeapSize                          = 130023424                                 {product} {ergonomic}
   size_t MarkStackSize                            = 4194304                                   {product} {ergonomic}
   size_t MaxHeapSize                              = 2076180480                                {product} {ergonomic}
   size_t MaxNewSize                               = 1245708288                                {product} {ergonomic}
   size_t MinHeapDeltaBytes                        = 1048576                                   {product} {ergonomic}
   size_t MinHeapSize                              = 8388608                                   {product} {ergonomic}
    uintx NonNMethodCodeHeapSize                   = 5832780                                {pd product} {ergonomic}
    uintx NonProfiledCodeHeapSize                  = 122912730                              {pd product} {ergonomic}
    uintx ProfiledCodeHeapSize                     = 122912730                              {pd product} {ergonomic}
    uintx ReservedCodeCacheSize                    = 251658240                              {pd product} {ergonomic}
     bool SegmentedCodeCache                       = true                                      {product} {ergonomic}
   size_t SoftMaxHeapSize                          = 2076180480                             {manageable} {ergonomic}
     bool UseCompressedClassPointers               = true                           {product lp64_product} {ergonomic}
     bool UseCompressedOops                        = true                           {product lp64_product} {ergonomic}
     bool UseG1GC                                  = true                                      {product} {ergonomic}
     bool UseLargePagesIndividualAllocation        = false                                  {pd product} {ergonomic}

Logging:
Log output configuration:
 #0: stdout all=warning uptime,level,tags foldmultilines=false
 #1: stderr all=off uptime,level,tags foldmultilines=false

Environment Variables:
JAVA_HOME=C:\Program Files\Java\jdk-19
PATH=C:\Program Files (x86)\Microsoft SDKs\Azure\CLI2\wbin;C:\ProgramData\Oracle\Java\javapath;C:\Program Files\Common Files\Oracle\Java\javapath;C:\Program Files (x86)\Common Files\Oracle\Java\javapath;C:\WINDOWS\system32;C:\WINDOWS;C:\WINDOWS\System32\Wbem;C:\WINDOWS\System32\WindowsPowerShell\v1.0\;C:\WINDOWS\System32\OpenSSH\;C:\Program Files\Microsoft SQL Server\Client SDK\ODBC\170\Tools\Binn\;C:\Program Files (x86)\Microsoft SQL Server\150\Tools\Binn\;C:\Program Files\Microsoft SQL Server\150\Tools\Binn\;C:\Program Files\Microsoft SQL Server\150\DTS\Binn\;C:\Program Files\Azure Data Studio\bin;C:\Program Files (x86)\Microsoft SQL Server\160\DTS\Binn\;C:\Program Files\Git\cmd;C:\Program Files\dotnet\;C:\Program Files\Cloudflare\Cloudflare WARP\;C:\Users\ducan\AppData\Local\Microsoft\WindowsApps;C:\Program Files\Azure Data Studio\bin;C:\Users\ducan\AppData\Local\Programs\Microsoft VS Code\bin;C:\Users\ducan\AppData\Local\GitHubDesktop\bin;C:\Users\ducan\.dotnet\tools;C:\Users\ducan\AppData\Local\Programs\Azure Data Studio\bin
USERNAME=ducan
OS=Windows_NT
PROCESSOR_IDENTIFIER=Intel64 Family 6 Model 140 Stepping 1, GenuineIntel
TMP=C:\Users\ducan\AppData\Local\Temp
TEMP=C:\Users\ducan\AppData\Local\Temp



---------------  S Y S T E M  ---------------

OS:
 Windows 11 , 64 bit Build 22621 (10.0.22621.1928)
OS uptime: 0 days 18:17 hours
Hyper-V role detected

CPU: total 4 (initial active 4) (2 cores per cpu, 2 threads per core) family 6 model 140 stepping 1 microcode 0xa4, cx8, cmov, fxsr, ht, mmx, 3dnowpref, sse, sse2, sse3, ssse3, sse4.1, sse4.2, popcnt, lzcnt, tsc, tscinvbit, avx, avx2, aes, erms, clmul, bmi1, bmi2, adx, avx512f, avx512dq, avx512cd, avx512bw, avx512vl, sha, fma, vzeroupper, avx512_vpopcntdq, avx512_vpclmulqdq, avx512_vaes, avx512_vnni, clflush, clflushopt, clwb, avx512_vbmi2, avx512_vbmi, hv, rdtscp, rdpid, fsrm, gfni, avx512_bitalg

Memory: 4k page, system-wide physical 7918M (623M free)
TotalPageFile size 15055M (AvailPageFile size 5M)
current process WorkingSet (physical memory assigned to process): 152M, peak: 152M
current process commit charge ("private bytes"): 237M, peak: 237M

vm_info: Java HotSpot(TM) 64-Bit Server VM (19.0.1+10-21) for windows-amd64 JRE (19.0.1+10-21), built on 2022-09-14T12:45:06Z by "mach5one" with MS VC++ 17.1 (VS2022)

END.
