#
# There is insufficient memory for the Java Runtime Environment to continue.
# Native memory allocation (malloc) failed to allocate 32744 bytes for Chunk::new
# Possible reasons:
#   The system is out of physical RAM or swap space
#   The process is running with CompressedOops enabled, and the Java Heap may be blocking the growth of the native heap
# Possible solutions:
#   Reduce memory load on the system
#   Increase physical memory or swap space
#   Check if swap backing store is full
#   Decrease Java heap size (-Xmx/-Xms)
#   Decrease number of Java threads
#   Decrease Java thread stack sizes (-Xss)
#   Set larger code cache with -XX:ReservedCodeCacheSize=
#   JVM is running with Unscaled Compressed Oops mode in which the Java heap is
#     placed in the first 4GB address space. The Java Heap base address is the
#     maximum limit for the native heap growth. Please use -XX:HeapBaseMinAddress
#     to set the Java Heap base and to place the Java Heap above 4GB virtual address.
# This output file may be truncated or incomplete.
#
#  Out of Memory Error (arena.cpp:184), pid=13672, tid=2096
#
# JRE version: Java(TM) SE Runtime Environment (19.0.1+10) (build 19.0.1+10-21)
# Java VM: Java HotSpot(TM) 64-Bit Server VM (19.0.1+10-21, mixed mode, sharing, tiered, compressed oops, compressed class ptrs, g1 gc, windows-amd64)
# No core dump will be written. Minidumps are not enabled by default on client versions of Windows
#

---------------  S U M M A R Y ------------

Command Line: -Dclassworlds.conf=C:\Users\ducan\Desktop\NetBeans-16\netbeans\java\maven\bin\m2.conf -Dmaven.home=C:\Users\ducan\Desktop\NetBeans-16\netbeans\java\maven -Dlibrary.jansi.path=C:\Users\ducan\Desktop\NetBeans-16\netbeans\java\maven\lib\jansi-native -Dmaven.multiModuleProjectDirectory=C:\Users\ducan\Desktop\TextMindMaven\TextMindMaven\TextMindMaven org.codehaus.plexus.classworlds.launcher.Launcher -Dexec.vmArgs= -Dexec.args=${exec.vmArgs} -classpath %classpath ${exec.mainClass} ${exec.appArgs} -Dexec.executable=C:\Program Files\Java\jdk-19\bin\java.exe -Dexec.mainClass=com.TextMind.component.Delete_Friend -Dexec.classpathScope=runtime -Dexec.appArgs= -Dmaven.ext.class.path=C:\Users\ducan\Desktop\NetBeans-16\netbeans\java\maven-nblib\netbeans-eventspy.jar org.codehaus.mojo:exec-maven-plugin:3.0.0:exec

Host: 11th Gen Intel(R) Core(TM) i3-1115G4 @ 3.00GHz, 4 cores, 7G,  Windows 11 , 64 bit Build 22621 (10.0.22621.2070)
Time: Thu Aug 17 22:58:40 2023 SE Asia Standard Time elapsed time: 0.488810 seconds (0d 0h 0m 0s)

---------------  T H R E A D  ---------------

Current thread (0x00000233677b6670):  JavaThread "C2 CompilerThread0" daemon [_thread_in_native, id=2096, stack(0x000000b718000000,0x000000b718100000)]


Current CompileTask:
C2:    489  979       4       sun.nio.cs.StreamDecoder::lockedRead (189 bytes)

Stack: [0x000000b718000000,0x000000b718100000]
Native frames: (J=compiled Java code, j=interpreted, Vv=VM code, C=native code)
V  [jvm.dll+0x6ee8fa]
V  [jvm.dll+0x857a1e]
V  [jvm.dll+0x85940e]
V  [jvm.dll+0x859ac3]
V  [jvm.dll+0x28291f]
V  [jvm.dll+0xc9b5f]
V  [jvm.dll+0xc9ee5]
V  [jvm.dll+0x67a47e]
V  [jvm.dll+0x67a61f]
V  [jvm.dll+0x67a61f]
V  [jvm.dll+0x68012c]
V  [jvm.dll+0x68113c]
V  [jvm.dll+0x67f594]
V  [jvm.dll+0x24c14e]
V  [jvm.dll+0x24b671]
V  [jvm.dll+0x1d6d61]
V  [jvm.dll+0x25b0fa]
V  [jvm.dll+0x259588]
V  [jvm.dll+0x807928]
V  [jvm.dll+0x8015fa]
V  [jvm.dll+0x6ed5eb]
C  [ucrtbase.dll+0x29363]
C  [KERNEL32.DLL+0x126ad]
C  [ntdll.dll+0x5aa68]


---------------  P R O C E S S  ---------------

Threads class SMR info:
_java_thread_list=0x000002336c1f7570, length=13, elements={
0x000002334785dfd0, 0x00000233677a5ec0, 0x00000233677a68e0, 0x00000233677a85a0,
0x00000233677aafd0, 0x00000233677ae1a0, 0x00000233677b2bd0, 0x00000233677b6670,
0x00000233677b6fe0, 0x00000233677bff20, 0x000002336bcd0fb0, 0x000002336bcf89b0,
0x000002336c707680
}

Java Threads: ( => current thread )
  0x000002334785dfd0 JavaThread "main" [_thread_in_vm, id=9492, stack(0x000000b717300000,0x000000b717400000)]
  0x00000233677a5ec0 JavaThread "Reference Handler" daemon [_thread_blocked, id=16284, stack(0x000000b717a00000,0x000000b717b00000)]
  0x00000233677a68e0 JavaThread "Finalizer" daemon [_thread_blocked, id=5292, stack(0x000000b717b00000,0x000000b717c00000)]
  0x00000233677a85a0 JavaThread "Signal Dispatcher" daemon [_thread_blocked, id=14488, stack(0x000000b717c00000,0x000000b717d00000)]
  0x00000233677aafd0 JavaThread "Attach Listener" daemon [_thread_blocked, id=10324, stack(0x000000b717d00000,0x000000b717e00000)]
  0x00000233677ae1a0 JavaThread "Service Thread" daemon [_thread_blocked, id=15992, stack(0x000000b717e00000,0x000000b717f00000)]
  0x00000233677b2bd0 JavaThread "Monitor Deflation Thread" daemon [_thread_blocked, id=16280, stack(0x000000b717f00000,0x000000b718000000)]
=>0x00000233677b6670 JavaThread "C2 CompilerThread0" daemon [_thread_in_native, id=2096, stack(0x000000b718000000,0x000000b718100000)]
  0x00000233677b6fe0 JavaThread "C1 CompilerThread0" daemon [_thread_in_native, id=12744, stack(0x000000b718100000,0x000000b718200000)]
  0x00000233677bff20 JavaThread "Sweeper thread" daemon [_thread_blocked, id=16304, stack(0x000000b718200000,0x000000b718300000)]
  0x000002336bcd0fb0 JavaThread "Notification Thread" daemon [_thread_blocked, id=7052, stack(0x000000b718300000,0x000000b718400000)]
  0x000002336bcf89b0 JavaThread "Common-Cleaner" daemon [_thread_blocked, id=15124, stack(0x000000b718500000,0x000000b718600000)]
  0x000002336c707680 JavaThread "C2 CompilerThread1" daemon [_thread_in_native, id=13640, stack(0x000000b718900000,0x000000b718a00000)]

Other Threads:
  0x000002336778e0f0 VMThread "VM Thread" [stack: 0x000000b717900000,0x000000b717a00000] [id=14728]
  0x000002336bcf7930 WatcherThread "VM Periodic Task Thread" [stack: 0x000000b718400000,0x000000b718500000] [id=10700]
  0x0000023349a5a3e0 WorkerThread "GC Thread#0" [stack: 0x000000b717400000,0x000000b717500000] [id=8316]
  0x000002336c11b2c0 WorkerThread "GC Thread#1" [stack: 0x000000b718600000,0x000000b718700000] [id=13368]
  0x000002336c23eb50 WorkerThread "GC Thread#2" [stack: 0x000000b718700000,0x000000b718800000] [id=11228]
  0x000002336c235f80 WorkerThread "GC Thread#3" [stack: 0x000000b718800000,0x000000b718900000] [id=448]
  0x0000023349a6adc0 ConcurrentGCThread "G1 Main Marker" [stack: 0x000000b717500000,0x000000b717600000] [id=6812]
  0x0000023349a6b7f0 WorkerThread "G1 Conc#0" [stack: 0x000000b717600000,0x000000b717700000] [id=9656]
  0x00000233676420c0 ConcurrentGCThread "G1 Refine#0" [stack: 0x000000b717700000,0x000000b717800000] [id=7900]
  0x0000023367642b10 ConcurrentGCThread "G1 Service" [stack: 0x000000b717800000,0x000000b717900000] [id=14496]

Threads with active compile tasks:
C2 CompilerThread0      514  979       4       sun.nio.cs.StreamDecoder::lockedRead (189 bytes)
C1 CompilerThread0      514 1004       3       org.codehaus.plexus.util.xml.pull.MXParser::nextText (103 bytes)
C2 CompilerThread1      514  978   !   4       sun.nio.cs.StreamDecoder::read (78 bytes)

VM state: not at safepoint (normal execution)

VM Mutex/Monitor currently owned by a thread: None

Heap address: 0x0000000084400000, size: 1980 MB, Compressed Oops mode: 32-bit

CDS archive(s) mapped at: [0x0000000800000000-0x0000000800c40000-0x0000000800c40000), size 12845056, SharedBaseAddress: 0x0000000800000000, ArchiveRelocationMode: 0.
Compressed class space mapped at: 0x0000000801000000-0x0000000841000000, reserved size: 1073741824
Narrow klass base: 0x0000000800000000, Narrow klass shift: 0, Narrow klass range: 0x100000000

GC Precious Log:
 CardTable entry size: 512
 Card Set container configuration: InlinePtr #cards 5 size 8 Array Of Cards #cards 12 size 40 Howl #buckets 4 coarsen threshold 1843 Howl Bitmap #cards 512 size 80 coarsen threshold 460 Card regions per heap region 1 cards per card region 2048
 CPUs: 4 total, 4 available
 Memory: 7918M
 Large Page Support: Disabled
 NUMA Support: Disabled
 Compressed Oops: Enabled (32-bit)
 Heap Region Size: 1M
 Heap Min Capacity: 8M
 Heap Initial Capacity: 124M
 Heap Max Capacity: 1980M
 Pre-touch: Disabled
 Parallel Workers: 4
 Concurrent Workers: 1
 Concurrent Refinement Workers: 4
 Periodic GC: Disabled

Heap:
 garbage-first heap   total 126976K, used 10256K [0x0000000084400000, 0x0000000100000000)
  region size 1024K, 10 young (10240K), 2 survivors (2048K)
 Metaspace       used 4913K, committed 5120K, reserved 1114112K
  class space    used 545K, committed 640K, reserved 1048576K

Heap Regions: E=young(eden), S=young(survivor), O=old, HS=humongous(starts), HC=humongous(continues), CS=collection set, F=free, OA=open archive, CA=closed archive, TAMS=top-at-mark-start (previous, next)
|   0|0x0000000084400000, 0x0000000084500000, 0x0000000084500000|100%| O|  |TAMS 0x0000000084400000, 0x0000000084400000| Untracked 
|   1|0x0000000084500000, 0x0000000084504000, 0x0000000084600000|  1%| O|  |TAMS 0x0000000084500000, 0x0000000084500000| Untracked 
|   2|0x0000000084600000, 0x0000000084600000, 0x0000000084700000|  0%| F|  |TAMS 0x0000000084600000, 0x0000000084600000| Untracked 
|   3|0x0000000084700000, 0x0000000084700000, 0x0000000084800000|  0%| F|  |TAMS 0x0000000084700000, 0x0000000084700000| Untracked 
|   4|0x0000000084800000, 0x0000000084800000, 0x0000000084900000|  0%| F|  |TAMS 0x0000000084800000, 0x0000000084800000| Untracked 
|   5|0x0000000084900000, 0x0000000084900000, 0x0000000084a00000|  0%| F|  |TAMS 0x0000000084900000, 0x0000000084900000| Untracked 
|   6|0x0000000084a00000, 0x0000000084a00000, 0x0000000084b00000|  0%| F|  |TAMS 0x0000000084a00000, 0x0000000084a00000| Untracked 
|   7|0x0000000084b00000, 0x0000000084b00000, 0x0000000084c00000|  0%| F|  |TAMS 0x0000000084b00000, 0x0000000084b00000| Untracked 
|   8|0x0000000084c00000, 0x0000000084c00000, 0x0000000084d00000|  0%| F|  |TAMS 0x0000000084c00000, 0x0000000084c00000| Untracked 
|   9|0x0000000084d00000, 0x0000000084d00000, 0x0000000084e00000|  0%| F|  |TAMS 0x0000000084d00000, 0x0000000084d00000| Untracked 
|  10|0x0000000084e00000, 0x0000000084e00000, 0x0000000084f00000|  0%| F|  |TAMS 0x0000000084e00000, 0x0000000084e00000| Untracked 
|  11|0x0000000084f00000, 0x0000000084f00000, 0x0000000085000000|  0%| F|  |TAMS 0x0000000084f00000, 0x0000000084f00000| Untracked 
|  12|0x0000000085000000, 0x0000000085000000, 0x0000000085100000|  0%| F|  |TAMS 0x0000000085000000, 0x0000000085000000| Untracked 
|  13|0x0000000085100000, 0x0000000085100000, 0x0000000085200000|  0%| F|  |TAMS 0x0000000085100000, 0x0000000085100000| Untracked 
|  14|0x0000000085200000, 0x0000000085200000, 0x0000000085300000|  0%| F|  |TAMS 0x0000000085200000, 0x0000000085200000| Untracked 
|  15|0x0000000085300000, 0x0000000085300000, 0x0000000085400000|  0%| F|  |TAMS 0x0000000085300000, 0x0000000085300000| Untracked 
|  16|0x0000000085400000, 0x0000000085400000, 0x0000000085500000|  0%| F|  |TAMS 0x0000000085400000, 0x0000000085400000| Untracked 
|  17|0x0000000085500000, 0x0000000085500000, 0x0000000085600000|  0%| F|  |TAMS 0x0000000085500000, 0x0000000085500000| Untracked 
|  18|0x0000000085600000, 0x0000000085600000, 0x0000000085700000|  0%| F|  |TAMS 0x0000000085600000, 0x0000000085600000| Untracked 
|  19|0x0000000085700000, 0x0000000085700000, 0x0000000085800000|  0%| F|  |TAMS 0x0000000085700000, 0x0000000085700000| Untracked 
|  20|0x0000000085800000, 0x0000000085800000, 0x0000000085900000|  0%| F|  |TAMS 0x0000000085800000, 0x0000000085800000| Untracked 
|  21|0x0000000085900000, 0x0000000085900000, 0x0000000085a00000|  0%| F|  |TAMS 0x0000000085900000, 0x0000000085900000| Untracked 
|  22|0x0000000085a00000, 0x0000000085a00000, 0x0000000085b00000|  0%| F|  |TAMS 0x0000000085a00000, 0x0000000085a00000| Untracked 
|  23|0x0000000085b00000, 0x0000000085b00000, 0x0000000085c00000|  0%| F|  |TAMS 0x0000000085b00000, 0x0000000085b00000| Untracked 
|  24|0x0000000085c00000, 0x0000000085c00000, 0x0000000085d00000|  0%| F|  |TAMS 0x0000000085c00000, 0x0000000085c00000| Untracked 
|  25|0x0000000085d00000, 0x0000000085d00000, 0x0000000085e00000|  0%| F|  |TAMS 0x0000000085d00000, 0x0000000085d00000| Untracked 
|  26|0x0000000085e00000, 0x0000000085e00000, 0x0000000085f00000|  0%| F|  |TAMS 0x0000000085e00000, 0x0000000085e00000| Untracked 
|  27|0x0000000085f00000, 0x0000000085f00000, 0x0000000086000000|  0%| F|  |TAMS 0x0000000085f00000, 0x0000000085f00000| Untracked 
|  28|0x0000000086000000, 0x0000000086000000, 0x0000000086100000|  0%| F|  |TAMS 0x0000000086000000, 0x0000000086000000| Untracked 
|  29|0x0000000086100000, 0x0000000086100000, 0x0000000086200000|  0%| F|  |TAMS 0x0000000086100000, 0x0000000086100000| Untracked 
|  30|0x0000000086200000, 0x0000000086200000, 0x0000000086300000|  0%| F|  |TAMS 0x0000000086200000, 0x0000000086200000| Untracked 
|  31|0x0000000086300000, 0x0000000086300000, 0x0000000086400000|  0%| F|  |TAMS 0x0000000086300000, 0x0000000086300000| Untracked 
|  32|0x0000000086400000, 0x0000000086400000, 0x0000000086500000|  0%| F|  |TAMS 0x0000000086400000, 0x0000000086400000| Untracked 
|  33|0x0000000086500000, 0x0000000086500000, 0x0000000086600000|  0%| F|  |TAMS 0x0000000086500000, 0x0000000086500000| Untracked 
|  34|0x0000000086600000, 0x0000000086600000, 0x0000000086700000|  0%| F|  |TAMS 0x0000000086600000, 0x0000000086600000| Untracked 
|  35|0x0000000086700000, 0x0000000086700000, 0x0000000086800000|  0%| F|  |TAMS 0x0000000086700000, 0x0000000086700000| Untracked 
|  36|0x0000000086800000, 0x0000000086800000, 0x0000000086900000|  0%| F|  |TAMS 0x0000000086800000, 0x0000000086800000| Untracked 
|  37|0x0000000086900000, 0x0000000086900000, 0x0000000086a00000|  0%| F|  |TAMS 0x0000000086900000, 0x0000000086900000| Untracked 
|  38|0x0000000086a00000, 0x0000000086a00000, 0x0000000086b00000|  0%| F|  |TAMS 0x0000000086a00000, 0x0000000086a00000| Untracked 
|  39|0x0000000086b00000, 0x0000000086b00000, 0x0000000086c00000|  0%| F|  |TAMS 0x0000000086b00000, 0x0000000086b00000| Untracked 
|  40|0x0000000086c00000, 0x0000000086c00000, 0x0000000086d00000|  0%| F|  |TAMS 0x0000000086c00000, 0x0000000086c00000| Untracked 
|  41|0x0000000086d00000, 0x0000000086d00000, 0x0000000086e00000|  0%| F|  |TAMS 0x0000000086d00000, 0x0000000086d00000| Untracked 
|  42|0x0000000086e00000, 0x0000000086e00000, 0x0000000086f00000|  0%| F|  |TAMS 0x0000000086e00000, 0x0000000086e00000| Untracked 
|  43|0x0000000086f00000, 0x0000000086f00000, 0x0000000087000000|  0%| F|  |TAMS 0x0000000086f00000, 0x0000000086f00000| Untracked 
|  44|0x0000000087000000, 0x0000000087000000, 0x0000000087100000|  0%| F|  |TAMS 0x0000000087000000, 0x0000000087000000| Untracked 
|  45|0x0000000087100000, 0x0000000087100000, 0x0000000087200000|  0%| F|  |TAMS 0x0000000087100000, 0x0000000087100000| Untracked 
|  46|0x0000000087200000, 0x0000000087200000, 0x0000000087300000|  0%| F|  |TAMS 0x0000000087200000, 0x0000000087200000| Untracked 
|  47|0x0000000087300000, 0x0000000087300000, 0x0000000087400000|  0%| F|  |TAMS 0x0000000087300000, 0x0000000087300000| Untracked 
|  48|0x0000000087400000, 0x0000000087400000, 0x0000000087500000|  0%| F|  |TAMS 0x0000000087400000, 0x0000000087400000| Untracked 
|  49|0x0000000087500000, 0x0000000087500000, 0x0000000087600000|  0%| F|  |TAMS 0x0000000087500000, 0x0000000087500000| Untracked 
|  50|0x0000000087600000, 0x0000000087600000, 0x0000000087700000|  0%| F|  |TAMS 0x0000000087600000, 0x0000000087600000| Untracked 
|  51|0x0000000087700000, 0x0000000087700000, 0x0000000087800000|  0%| F|  |TAMS 0x0000000087700000, 0x0000000087700000| Untracked 
|  52|0x0000000087800000, 0x0000000087800000, 0x0000000087900000|  0%| F|  |TAMS 0x0000000087800000, 0x0000000087800000| Untracked 
|  53|0x0000000087900000, 0x0000000087900000, 0x0000000087a00000|  0%| F|  |TAMS 0x0000000087900000, 0x0000000087900000| Untracked 
|  54|0x0000000087a00000, 0x0000000087a00000, 0x0000000087b00000|  0%| F|  |TAMS 0x0000000087a00000, 0x0000000087a00000| Untracked 
|  55|0x0000000087b00000, 0x0000000087b00000, 0x0000000087c00000|  0%| F|  |TAMS 0x0000000087b00000, 0x0000000087b00000| Untracked 
|  56|0x0000000087c00000, 0x0000000087c00000, 0x0000000087d00000|  0%| F|  |TAMS 0x0000000087c00000, 0x0000000087c00000| Untracked 
|  57|0x0000000087d00000, 0x0000000087d00000, 0x0000000087e00000|  0%| F|  |TAMS 0x0000000087d00000, 0x0000000087d00000| Untracked 
|  58|0x0000000087e00000, 0x0000000087e00000, 0x0000000087f00000|  0%| F|  |TAMS 0x0000000087e00000, 0x0000000087e00000| Untracked 
|  59|0x0000000087f00000, 0x0000000087f00000, 0x0000000088000000|  0%| F|  |TAMS 0x0000000087f00000, 0x0000000087f00000| Untracked 
|  60|0x0000000088000000, 0x0000000088000000, 0x0000000088100000|  0%| F|  |TAMS 0x0000000088000000, 0x0000000088000000| Untracked 
|  61|0x0000000088100000, 0x0000000088100000, 0x0000000088200000|  0%| F|  |TAMS 0x0000000088100000, 0x0000000088100000| Untracked 
|  62|0x0000000088200000, 0x0000000088200000, 0x0000000088300000|  0%| F|  |TAMS 0x0000000088200000, 0x0000000088200000| Untracked 
|  63|0x0000000088300000, 0x0000000088300000, 0x0000000088400000|  0%| F|  |TAMS 0x0000000088300000, 0x0000000088300000| Untracked 
|  64|0x0000000088400000, 0x0000000088400000, 0x0000000088500000|  0%| F|  |TAMS 0x0000000088400000, 0x0000000088400000| Untracked 
|  65|0x0000000088500000, 0x0000000088500000, 0x0000000088600000|  0%| F|  |TAMS 0x0000000088500000, 0x0000000088500000| Untracked 
|  66|0x0000000088600000, 0x0000000088600000, 0x0000000088700000|  0%| F|  |TAMS 0x0000000088600000, 0x0000000088600000| Untracked 
|  67|0x0000000088700000, 0x0000000088700000, 0x0000000088800000|  0%| F|  |TAMS 0x0000000088700000, 0x0000000088700000| Untracked 
|  68|0x0000000088800000, 0x0000000088800000, 0x0000000088900000|  0%| F|  |TAMS 0x0000000088800000, 0x0000000088800000| Untracked 
|  69|0x0000000088900000, 0x0000000088900000, 0x0000000088a00000|  0%| F|  |TAMS 0x0000000088900000, 0x0000000088900000| Untracked 
|  70|0x0000000088a00000, 0x0000000088a00000, 0x0000000088b00000|  0%| F|  |TAMS 0x0000000088a00000, 0x0000000088a00000| Untracked 
|  71|0x0000000088b00000, 0x0000000088b00000, 0x0000000088c00000|  0%| F|  |TAMS 0x0000000088b00000, 0x0000000088b00000| Untracked 
|  72|0x0000000088c00000, 0x0000000088c00000, 0x0000000088d00000|  0%| F|  |TAMS 0x0000000088c00000, 0x0000000088c00000| Untracked 
|  73|0x0000000088d00000, 0x0000000088d00000, 0x0000000088e00000|  0%| F|  |TAMS 0x0000000088d00000, 0x0000000088d00000| Untracked 
|  74|0x0000000088e00000, 0x0000000088e00000, 0x0000000088f00000|  0%| F|  |TAMS 0x0000000088e00000, 0x0000000088e00000| Untracked 
|  75|0x0000000088f00000, 0x0000000088f00000, 0x0000000089000000|  0%| F|  |TAMS 0x0000000088f00000, 0x0000000088f00000| Untracked 
|  76|0x0000000089000000, 0x0000000089000000, 0x0000000089100000|  0%| F|  |TAMS 0x0000000089000000, 0x0000000089000000| Untracked 
|  77|0x0000000089100000, 0x0000000089100000, 0x0000000089200000|  0%| F|  |TAMS 0x0000000089100000, 0x0000000089100000| Untracked 
|  78|0x0000000089200000, 0x0000000089200000, 0x0000000089300000|  0%| F|  |TAMS 0x0000000089200000, 0x0000000089200000| Untracked 
|  79|0x0000000089300000, 0x0000000089300000, 0x0000000089400000|  0%| F|  |TAMS 0x0000000089300000, 0x0000000089300000| Untracked 
|  80|0x0000000089400000, 0x0000000089400000, 0x0000000089500000|  0%| F|  |TAMS 0x0000000089400000, 0x0000000089400000| Untracked 
|  81|0x0000000089500000, 0x0000000089500000, 0x0000000089600000|  0%| F|  |TAMS 0x0000000089500000, 0x0000000089500000| Untracked 
|  82|0x0000000089600000, 0x0000000089600000, 0x0000000089700000|  0%| F|  |TAMS 0x0000000089600000, 0x0000000089600000| Untracked 
|  83|0x0000000089700000, 0x0000000089700000, 0x0000000089800000|  0%| F|  |TAMS 0x0000000089700000, 0x0000000089700000| Untracked 
|  84|0x0000000089800000, 0x0000000089800000, 0x0000000089900000|  0%| F|  |TAMS 0x0000000089800000, 0x0000000089800000| Untracked 
|  85|0x0000000089900000, 0x0000000089900000, 0x0000000089a00000|  0%| F|  |TAMS 0x0000000089900000, 0x0000000089900000| Untracked 
|  86|0x0000000089a00000, 0x0000000089a00000, 0x0000000089b00000|  0%| F|  |TAMS 0x0000000089a00000, 0x0000000089a00000| Untracked 
|  87|0x0000000089b00000, 0x0000000089b00000, 0x0000000089c00000|  0%| F|  |TAMS 0x0000000089b00000, 0x0000000089b00000| Untracked 
|  88|0x0000000089c00000, 0x0000000089c00000, 0x0000000089d00000|  0%| F|  |TAMS 0x0000000089c00000, 0x0000000089c00000| Untracked 
|  89|0x0000000089d00000, 0x0000000089d00000, 0x0000000089e00000|  0%| F|  |TAMS 0x0000000089d00000, 0x0000000089d00000| Untracked 
|  90|0x0000000089e00000, 0x0000000089e00000, 0x0000000089f00000|  0%| F|  |TAMS 0x0000000089e00000, 0x0000000089e00000| Untracked 
|  91|0x0000000089f00000, 0x0000000089f00000, 0x000000008a000000|  0%| F|  |TAMS 0x0000000089f00000, 0x0000000089f00000| Untracked 
|  92|0x000000008a000000, 0x000000008a000000, 0x000000008a100000|  0%| F|  |TAMS 0x000000008a000000, 0x000000008a000000| Untracked 
|  93|0x000000008a100000, 0x000000008a100000, 0x000000008a200000|  0%| F|  |TAMS 0x000000008a100000, 0x000000008a100000| Untracked 
|  94|0x000000008a200000, 0x000000008a200000, 0x000000008a300000|  0%| F|  |TAMS 0x000000008a200000, 0x000000008a200000| Untracked 
|  95|0x000000008a300000, 0x000000008a300000, 0x000000008a400000|  0%| F|  |TAMS 0x000000008a300000, 0x000000008a300000| Untracked 
|  96|0x000000008a400000, 0x000000008a400000, 0x000000008a500000|  0%| F|  |TAMS 0x000000008a400000, 0x000000008a400000| Untracked 
|  97|0x000000008a500000, 0x000000008a500000, 0x000000008a600000|  0%| F|  |TAMS 0x000000008a500000, 0x000000008a500000| Untracked 
|  98|0x000000008a600000, 0x000000008a600000, 0x000000008a700000|  0%| F|  |TAMS 0x000000008a600000, 0x000000008a600000| Untracked 
|  99|0x000000008a700000, 0x000000008a700000, 0x000000008a800000|  0%| F|  |TAMS 0x000000008a700000, 0x000000008a700000| Untracked 
| 100|0x000000008a800000, 0x000000008a800000, 0x000000008a900000|  0%| F|  |TAMS 0x000000008a800000, 0x000000008a800000| Untracked 
| 101|0x000000008a900000, 0x000000008a900000, 0x000000008aa00000|  0%| F|  |TAMS 0x000000008a900000, 0x000000008a900000| Untracked 
| 102|0x000000008aa00000, 0x000000008aa00000, 0x000000008ab00000|  0%| F|  |TAMS 0x000000008aa00000, 0x000000008aa00000| Untracked 
| 103|0x000000008ab00000, 0x000000008ab00000, 0x000000008ac00000|  0%| F|  |TAMS 0x000000008ab00000, 0x000000008ab00000| Untracked 
| 104|0x000000008ac00000, 0x000000008ac00000, 0x000000008ad00000|  0%| F|  |TAMS 0x000000008ac00000, 0x000000008ac00000| Untracked 
| 105|0x000000008ad00000, 0x000000008ad00000, 0x000000008ae00000|  0%| F|  |TAMS 0x000000008ad00000, 0x000000008ad00000| Untracked 
| 106|0x000000008ae00000, 0x000000008ae00000, 0x000000008af00000|  0%| F|  |TAMS 0x000000008ae00000, 0x000000008ae00000| Untracked 
| 107|0x000000008af00000, 0x000000008af00000, 0x000000008b000000|  0%| F|  |TAMS 0x000000008af00000, 0x000000008af00000| Untracked 
| 108|0x000000008b000000, 0x000000008b000000, 0x000000008b100000|  0%| F|  |TAMS 0x000000008b000000, 0x000000008b000000| Untracked 
| 109|0x000000008b100000, 0x000000008b200000, 0x000000008b200000|100%| S|CS|TAMS 0x000000008b100000, 0x000000008b100000| Complete 
| 110|0x000000008b200000, 0x000000008b300000, 0x000000008b300000|100%| S|CS|TAMS 0x000000008b200000, 0x000000008b200000| Complete 
| 111|0x000000008b300000, 0x000000008b300000, 0x000000008b400000|  0%| F|  |TAMS 0x000000008b300000, 0x000000008b300000| Untracked 
| 112|0x000000008b400000, 0x000000008b400000, 0x000000008b500000|  0%| F|  |TAMS 0x000000008b400000, 0x000000008b400000| Untracked 
| 113|0x000000008b500000, 0x000000008b500000, 0x000000008b600000|  0%| F|  |TAMS 0x000000008b500000, 0x000000008b500000| Untracked 
| 114|0x000000008b600000, 0x000000008b600000, 0x000000008b700000|  0%| F|  |TAMS 0x000000008b600000, 0x000000008b600000| Untracked 
| 115|0x000000008b700000, 0x000000008b700000, 0x000000008b800000|  0%| F|  |TAMS 0x000000008b700000, 0x000000008b700000| Untracked 
| 116|0x000000008b800000, 0x000000008b900000, 0x000000008b900000|100%| E|  |TAMS 0x000000008b800000, 0x000000008b800000| Complete 
| 117|0x000000008b900000, 0x000000008ba00000, 0x000000008ba00000|100%| E|CS|TAMS 0x000000008b900000, 0x000000008b900000| Complete 
| 118|0x000000008ba00000, 0x000000008bb00000, 0x000000008bb00000|100%| E|CS|TAMS 0x000000008ba00000, 0x000000008ba00000| Complete 
| 119|0x000000008bb00000, 0x000000008bc00000, 0x000000008bc00000|100%| E|CS|TAMS 0x000000008bb00000, 0x000000008bb00000| Complete 
| 120|0x000000008bc00000, 0x000000008bd00000, 0x000000008bd00000|100%| E|CS|TAMS 0x000000008bc00000, 0x000000008bc00000| Complete 
| 121|0x000000008bd00000, 0x000000008be00000, 0x000000008be00000|100%| E|CS|TAMS 0x000000008bd00000, 0x000000008bd00000| Complete 
| 122|0x000000008be00000, 0x000000008bf00000, 0x000000008bf00000|100%| E|CS|TAMS 0x000000008be00000, 0x000000008be00000| Complete 
| 123|0x000000008bf00000, 0x000000008c000000, 0x000000008c000000|100%| E|CS|TAMS 0x000000008bf00000, 0x000000008bf00000| Complete 

Card table byte_map: [0x0000023360d40000,0x0000023361120000] _byte_map_base: 0x000002336091e000

Marking Bits (Prev, Next): (CMBitMap*) 0x0000023349a5aa10, (CMBitMap*) 0x0000023349a5aa50
 Prev Bits: [0x0000023361500000, 0x00000233633f0000)
 Next Bits: [0x00000233633f0000, 0x00000233652e0000)

Polling page: 0x00000233491c0000

Metaspace:

Usage:
  Non-class:      4.27 MB used.
      Class:    548.05 KB used.
       Both:      4.81 MB used.

Virtual space:
  Non-class space:       64.00 MB reserved,       4.38 MB (  7%) committed,  1 nodes.
      Class space:        1.00 GB reserved,     640.00 KB ( <1%) committed,  1 nodes.
             Both:        1.06 GB reserved,       5.00 MB ( <1%) committed. 

Chunk freelists:
   Non-Class:  1.39 MB
       Class:  3.34 MB
        Both:  4.73 MB

MaxMetaspaceSize: unlimited
CompressedClassSpaceSize: 1.00 GB
Initial GC threshold: 21.00 MB
Current GC threshold: 21.00 MB
CDS: on
MetaspaceReclaimPolicy: balanced
 - commit_granule_bytes: 65536.
 - commit_granule_words: 8192.
 - virtual_space_node_default_size: 8388608.
 - enlarge_chunks_in_place: 1.
 - new_chunks_are_fully_committed: 0.
 - uncommit_free_chunks: 1.
 - use_allocation_guard: 0.


Internal statistics:

num_allocs_failed_limit: 0.
num_arena_births: 34.
num_arena_deaths: 0.
num_vsnodes_births: 2.
num_vsnodes_deaths: 0.
num_space_committed: 80.
num_space_uncommitted: 0.
num_chunks_returned_to_freelist: 0.
num_chunks_taken_from_freelist: 162.
num_chunk_merges: 0.
num_chunk_splits: 120.
num_chunks_enlarged: 103.
num_inconsistent_stats: 0.

CodeHeap 'non-profiled nmethods': size=120000Kb used=281Kb max_used=281Kb free=119718Kb
 bounds [0x0000023359430000, 0x00000233596a0000, 0x0000023360960000]
CodeHeap 'profiled nmethods': size=120000Kb used=2017Kb max_used=2017Kb free=117983Kb
 bounds [0x0000023351960000, 0x0000023351bd0000, 0x0000023358e90000]
CodeHeap 'non-nmethods': size=5760Kb used=1254Kb max_used=1274Kb free=4505Kb
 bounds [0x0000023358e90000, 0x0000023359100000, 0x0000023359430000]
 total_blobs=1439 nmethods=993 adapters=357
 compilation: enabled
              stopped_count=0, restarted_count=0
 full_count=0

Compilation events (20 events):
Event: 0.469 Thread 0x00000233677b6fe0 nmethod 988 0x0000023351b52e90 code [0x0000023351b53040, 0x0000023351b53218]
Event: 0.469 Thread 0x00000233677b6fe0  992       1       org.codehaus.plexus.util.xml.pull.MXParser::getEventType (5 bytes)
Event: 0.469 Thread 0x00000233677b6fe0 nmethod 992 0x0000023359476310 code [0x00000233594764a0, 0x0000023359476558]
Event: 0.474 Thread 0x00000233677b6fe0  996       3       org.codehaus.plexus.util.xml.pull.MXParser::ensureElementsCapacity (265 bytes)
Event: 0.475 Thread 0x00000233677b6fe0 nmethod 996 0x0000023351b53310 code [0x0000023351b53580, 0x0000023351b54648]
Event: 0.475 Thread 0x00000233677b6fe0  997       3       org.codehaus.plexus.util.xml.pull.MXParser::isWhitespace (116 bytes)
Event: 0.476 Thread 0x00000233677b6fe0 nmethod 997 0x0000023351b54910 code [0x0000023351b54b40, 0x0000023351b553e8]
Event: 0.476 Thread 0x00000233677b6fe0  998       3       org.codehaus.plexus.util.xml.pull.MXParser::nextTag (82 bytes)
Event: 0.477 Thread 0x00000233677b6fe0 nmethod 998 0x0000023351b55610 code [0x0000023351b55880, 0x0000023351b561b8]
Event: 0.477 Thread 0x00000233677b6fe0  999       3       java.util.HashMap::isEmpty (13 bytes)
Event: 0.477 Thread 0x00000233677b6fe0 nmethod 999 0x0000023351b56510 code [0x0000023351b566a0, 0x0000023351b56818]
Event: 0.477 Thread 0x00000233677b6fe0 1000       3       org.codehaus.plexus.util.xml.pull.MXParser::newString (11 bytes)
Event: 0.477 Thread 0x00000233677b6fe0 nmethod 1000 0x0000023351b56890 code [0x0000023351b56a40, 0x0000023351b56be8]
Event: 0.479 Thread 0x00000233677b6fe0 1001       3       org.codehaus.plexus.util.xml.pull.MXParser::getName (84 bytes)
Event: 0.479 Thread 0x00000233677b6fe0 nmethod 1001 0x0000023351b56d10 code [0x0000023351b56ee0, 0x0000023351b57288]
Event: 0.479 Thread 0x00000233677b6fe0 1002       3       org.codehaus.plexus.util.xml.pull.MXParser::getText (125 bytes)
Event: 0.479 Thread 0x00000233677b6fe0 nmethod 1002 0x0000023351b57410 code [0x0000023351b57600, 0x0000023351b57b58]
Event: 0.486 Thread 0x00000233677b6fe0 1003       3       org.eclipse.sisu.plexus.PlexusXmlScanner::TEXT (10 bytes)
Event: 0.487 Thread 0x00000233677b6fe0 nmethod 1003 0x0000023351b57c90 code [0x0000023351b57e80, 0x0000023351b58228]
Event: 0.487 Thread 0x00000233677b6fe0 1004       3       org.codehaus.plexus.util.xml.pull.MXParser::nextText (103 bytes)

GC Heap History (2 events):
Event: 0.337 GC heap before
{Heap before GC invocations=0 (full 0):
 garbage-first heap   total 126976K, used 12288K [0x0000000084400000, 0x0000000100000000)
  region size 1024K, 13 young (13312K), 0 survivors (0K)
 Metaspace       used 3806K, committed 3968K, reserved 1114112K
  class space    used 395K, committed 448K, reserved 1048576K
}
Event: 0.344 GC heap after
{Heap after GC invocations=1 (full 0):
 garbage-first heap   total 126976K, used 3088K [0x0000000084400000, 0x0000000100000000)
  region size 1024K, 2 young (2048K), 2 survivors (2048K)
 Metaspace       used 3806K, committed 3968K, reserved 1114112K
  class space    used 395K, committed 448K, reserved 1048576K
}

Dll operation events (8 events):
Event: 0.007 Loaded shared library C:\Program Files\Java\jdk-19\bin\java.dll
Event: 0.014 Loaded shared library C:\Program Files\Java\jdk-19\bin\jsvml.dll
Event: 0.040 Loaded shared library C:\Program Files\Java\jdk-19\bin\net.dll
Event: 0.041 Loaded shared library C:\Program Files\Java\jdk-19\bin\nio.dll
Event: 0.042 Loaded shared library C:\Program Files\Java\jdk-19\bin\zip.dll
Event: 0.110 Loaded shared library C:\Program Files\Java\jdk-19\bin\jimage.dll
Event: 0.116 Loaded shared library C:\Users\ducan\Desktop\NetBeans-16\netbeans\java\maven\lib\jansi-native\Windows\x86_64\jansi.dll
Event: 0.124 Loaded shared library C:\Program Files\Java\jdk-19\bin\verify.dll

Deoptimization events (20 events):
Event: 0.291 Thread 0x000002334785dfd0 DEOPT PACKING pc=0x00000233519910be sp=0x000000b7173f9e00
Event: 0.291 Thread 0x000002334785dfd0 DEOPT UNPACKING pc=0x0000023358efb0e3 sp=0x000000b7173f9278 mode 0
Event: 0.396 Thread 0x000002334785dfd0 DEOPT PACKING pc=0x0000023351994157 sp=0x000000b7173f9150
Event: 0.396 Thread 0x000002334785dfd0 DEOPT UNPACKING pc=0x0000023358efb0e3 sp=0x000000b7173f85d0 mode 0
Event: 0.436 Thread 0x000002334785dfd0 Uncommon trap: trap_request=0xffffffc6 fr.pc=0x000002335946e084 relative=0x00000000000002c4
Event: 0.436 Thread 0x000002334785dfd0 Uncommon trap: reason=bimorphic_or_optimized_type_check action=maybe_recompile pc=0x000002335946e084 method=java.util.concurrent.ConcurrentHashMap.get(Ljava/lang/Object;)Ljava/lang/Object; @ 149 c2
Event: 0.436 Thread 0x000002334785dfd0 DEOPT PACKING pc=0x000002335946e084 sp=0x000000b7173fd7f0
Event: 0.436 Thread 0x000002334785dfd0 DEOPT UNPACKING pc=0x0000023358efa5a3 sp=0x000000b7173fd760 mode 2
Event: 0.445 Thread 0x000002334785dfd0 Uncommon trap: trap_request=0xffffffde fr.pc=0x000002335945cba0 relative=0x0000000000000520
Event: 0.445 Thread 0x000002334785dfd0 Uncommon trap: reason=class_check action=maybe_recompile pc=0x000002335945cba0 method=java.util.regex.Matcher.search(I)Z @ 121 c2
Event: 0.445 Thread 0x000002334785dfd0 DEOPT PACKING pc=0x000002335945cba0 sp=0x000000b7173fe270
Event: 0.445 Thread 0x000002334785dfd0 DEOPT UNPACKING pc=0x0000023358efa5a3 sp=0x000000b7173fe250 mode 2
Event: 0.445 Thread 0x000002334785dfd0 Uncommon trap: trap_request=0xffffff76 fr.pc=0x00000233594576b0 relative=0x00000000000002f0
Event: 0.445 Thread 0x000002334785dfd0 Uncommon trap: reason=predicate action=maybe_recompile pc=0x00000233594576b0 method=java.util.regex.Pattern$BmpCharPropertyGreedy.match(Ljava/util/regex/Matcher;ILjava/lang/CharSequence;)Z @ 12 c2
Event: 0.445 Thread 0x000002334785dfd0 DEOPT PACKING pc=0x00000233594576b0 sp=0x000000b7173fe040
Event: 0.445 Thread 0x000002334785dfd0 DEOPT UNPACKING pc=0x0000023358efa5a3 sp=0x000000b7173fdff8 mode 2
Event: 0.454 Thread 0x000002334785dfd0 Uncommon trap: trap_request=0xffffffde fr.pc=0x000002335945cba0 relative=0x0000000000000520
Event: 0.454 Thread 0x000002334785dfd0 Uncommon trap: reason=class_check action=maybe_recompile pc=0x000002335945cba0 method=java.util.regex.Matcher.search(I)Z @ 121 c2
Event: 0.454 Thread 0x000002334785dfd0 DEOPT PACKING pc=0x000002335945cba0 sp=0x000000b7173fe270
Event: 0.454 Thread 0x000002334785dfd0 DEOPT UNPACKING pc=0x0000023358efa5a3 sp=0x000000b7173fe250 mode 2

Classes loaded (20 events):
Event: 0.423 Loading class sun/reflect/generics/repository/ClassRepository
Event: 0.423 Loading class sun/reflect/generics/repository/GenericDeclRepository
Event: 0.423 Loading class sun/reflect/generics/repository/AbstractRepository
Event: 0.423 Loading class sun/reflect/generics/repository/AbstractRepository done
Event: 0.423 Loading class sun/reflect/generics/repository/GenericDeclRepository done
Event: 0.423 Loading class sun/reflect/generics/repository/ClassRepository done
Event: 0.423 Loading class java/lang/reflect/TypeVariable
Event: 0.423 Loading class java/lang/reflect/TypeVariable done
Event: 0.423 Loading class sun/reflect/generics/tree/FormalTypeParameter
Event: 0.423 Loading class sun/reflect/generics/tree/FormalTypeParameter done
Event: 0.423 Loading class sun/reflect/generics/tree/ClassSignature
Event: 0.423 Loading class sun/reflect/generics/tree/Signature
Event: 0.423 Loading class sun/reflect/generics/tree/Signature done
Event: 0.423 Loading class sun/reflect/generics/tree/ClassSignature done
Event: 0.423 Loading class java/lang/reflect/WildcardType
Event: 0.423 Loading class java/lang/reflect/WildcardType done
Event: 0.425 Loading class sun/reflect/generics/tree/TypeVariableSignature
Event: 0.425 Loading class sun/reflect/generics/tree/TypeVariableSignature done
Event: 0.441 Loading class java/lang/annotation/IncompleteAnnotationException
Event: 0.441 Loading class java/lang/annotation/IncompleteAnnotationException done

Classes unloaded (0 events):
No events

Classes redefined (0 events):
No events

Internal exceptions (12 events):
Event: 0.100 Thread 0x000002334785dfd0 Exception <a 'java/lang/NoSuchMethodError'{0x000000008bc666c0}: 'java.lang.Object java.lang.invoke.Invokers$Holder.invokeExact_MT(java.lang.Object, java.lang.Object, java.lang.Object, java.lang.Object, java.lang.Object)'> (0x000000008bc666c0) 
thrown [s\open\src\hotspot\share\interpreter\linkResolver.cpp, line 774]
Event: 0.108 Thread 0x000002334785dfd0 Exception <a 'java/lang/NullPointerException'{0x000000008bcbc280}> (0x000000008bcbc280) 
thrown [s\open\src\hotspot\share\interpreter\linkResolver.cpp, line 1374]
Event: 0.118 Thread 0x000002334785dfd0 Exception <a 'java/lang/NullPointerException'{0x000000008bce9230}> (0x000000008bce9230) 
thrown [s\open\src\hotspot\share\interpreter\linkResolver.cpp, line 1374]
Event: 0.118 Thread 0x000002334785dfd0 Exception <a 'java/lang/NullPointerException'{0x000000008bce9510}> (0x000000008bce9510) 
thrown [s\open\src\hotspot\share\interpreter\linkResolver.cpp, line 1374]
Event: 0.118 Thread 0x000002334785dfd0 Exception <a 'java/lang/NullPointerException'{0x000000008bce97f0}> (0x000000008bce97f0) 
thrown [s\open\src\hotspot\share\interpreter\linkResolver.cpp, line 1374]
Event: 0.119 Thread 0x000002334785dfd0 Exception <a 'java/lang/NullPointerException'{0x000000008bcee660}> (0x000000008bcee660) 
thrown [s\open\src\hotspot\share\interpreter\linkResolver.cpp, line 1374]
Event: 0.120 Thread 0x000002334785dfd0 Exception <a 'java/lang/NullPointerException'{0x000000008bb02020}> (0x000000008bb02020) 
thrown [s\open\src\hotspot\share\interpreter\linkResolver.cpp, line 1374]
Event: 0.120 Thread 0x000002334785dfd0 Exception <a 'java/lang/NullPointerException'{0x000000008bb02300}> (0x000000008bb02300) 
thrown [s\open\src\hotspot\share\interpreter\linkResolver.cpp, line 1374]
Event: 0.120 Thread 0x000002334785dfd0 Exception <a 'java/lang/NullPointerException'{0x000000008bb025e0}> (0x000000008bb025e0) 
thrown [s\open\src\hotspot\share\interpreter\linkResolver.cpp, line 1374]
Event: 0.120 Thread 0x000002334785dfd0 Exception <a 'java/lang/NullPointerException'{0x000000008bb028c0}> (0x000000008bb028c0) 
thrown [s\open\src\hotspot\share\interpreter\linkResolver.cpp, line 1374]
Event: 0.389 Thread 0x000002334785dfd0 Exception <a 'java/lang/NoSuchMethodError'{0x000000008be2b800}: 'java.lang.Object java.lang.invoke.DirectMethodHandle$Holder.newInvokeSpecial(java.lang.Object, java.lang.Object, java.lang.Object, java.lang.Object, java.lang.Object)'> (0x000000008be2b800) 
thrown [s\open\src\hotspot\share\interpreter\linkResolver.cpp, line 774]
Event: 0.441 Thread 0x000002334785dfd0 Exception <a 'java/lang/NoClassDefFoundError'{0x000000008bd7c868}: javax/enterprise/inject/Typed> (0x000000008bd7c868) 
thrown [s\open\src\hotspot\share\classfile\systemDictionary.cpp, line 244]

VM Operations (10 events):
Event: 0.043 Executing VM operation: HandshakeAllThreads
Event: 0.043 Executing VM operation: HandshakeAllThreads done
Event: 0.107 Executing VM operation: HandshakeAllThreads
Event: 0.107 Executing VM operation: HandshakeAllThreads done
Event: 0.113 Executing VM operation: HandshakeAllThreads
Event: 0.113 Executing VM operation: HandshakeAllThreads done
Event: 0.179 Executing VM operation: HandshakeAllThreads
Event: 0.179 Executing VM operation: HandshakeAllThreads done
Event: 0.337 Executing VM operation: G1CollectForAllocation
Event: 0.344 Executing VM operation: G1CollectForAllocation done

Events (13 events):
Event: 0.014 Thread 0x000002334785dfd0 Thread added: 0x000002334785dfd0
Event: 0.022 Thread 0x00000233677a5ec0 Thread added: 0x00000233677a5ec0
Event: 0.022 Thread 0x00000233677a68e0 Thread added: 0x00000233677a68e0
Event: 0.023 Thread 0x00000233677a85a0 Thread added: 0x00000233677a85a0
Event: 0.023 Thread 0x00000233677aafd0 Thread added: 0x00000233677aafd0
Event: 0.023 Thread 0x00000233677ae1a0 Thread added: 0x00000233677ae1a0
Event: 0.023 Thread 0x00000233677b2bd0 Thread added: 0x00000233677b2bd0
Event: 0.023 Thread 0x00000233677b6670 Thread added: 0x00000233677b6670
Event: 0.023 Thread 0x00000233677b6fe0 Thread added: 0x00000233677b6fe0
Event: 0.023 Thread 0x00000233677bff20 Thread added: 0x00000233677bff20
Event: 0.035 Thread 0x000002336bcd0fb0 Thread added: 0x000002336bcd0fb0
Event: 0.037 Thread 0x000002336bcf89b0 Thread added: 0x000002336bcf89b0
Event: 0.447 Thread 0x000002336c707680 Thread added: 0x000002336c707680


Dynamic libraries:
0x00007ff6ff1b0000 - 0x00007ff6ff1c0000 	C:\Program Files\Java\jdk-19\bin\java.exe
0x00007ff9128d0000 - 0x00007ff912ae4000 	C:\WINDOWS\SYSTEM32\ntdll.dll
0x00007ff910910000 - 0x00007ff9109d4000 	C:\WINDOWS\System32\KERNEL32.DLL
0x00007ff910170000 - 0x00007ff910514000 	C:\WINDOWS\System32\KERNELBASE.dll
0x00007ff90fcb0000 - 0x00007ff90fdc1000 	C:\WINDOWS\System32\ucrtbase.dll
0x00007ff900620000 - 0x00007ff90063b000 	C:\Program Files\Java\jdk-19\bin\VCRUNTIME140.dll
0x00007ff8fa6a0000 - 0x00007ff8fa6b8000 	C:\Program Files\Java\jdk-19\bin\jli.dll
0x00007ff911f60000 - 0x00007ff912010000 	C:\WINDOWS\System32\ADVAPI32.dll
0x00007ff911eb0000 - 0x00007ff911f57000 	C:\WINDOWS\System32\msvcrt.dll
0x00007ff911e00000 - 0x00007ff911ea6000 	C:\WINDOWS\System32\sechost.dll
0x00007ff912010000 - 0x00007ff912127000 	C:\WINDOWS\System32\RPCRT4.dll
0x00007ff910e50000 - 0x00007ff910ffa000 	C:\WINDOWS\System32\USER32.dll
0x00007ff90ff30000 - 0x00007ff90ff56000 	C:\WINDOWS\System32\win32u.dll
0x00007ff8ce8c0000 - 0x00007ff8ceb4f000 	C:\WINDOWS\WinSxS\amd64_microsoft.windows.common-controls_6595b64144ccf1df_6.0.22621.2070_none_2713e6537381f706\COMCTL32.dll
0x00007ff910830000 - 0x00007ff910859000 	C:\WINDOWS\System32\GDI32.dll
0x00007ff90ff60000 - 0x00007ff910079000 	C:\WINDOWS\System32\gdi32full.dll
0x00007ff90fdd0000 - 0x00007ff90fe6a000 	C:\WINDOWS\System32\msvcp_win.dll
0x00007ff9025a0000 - 0x00007ff9025aa000 	C:\WINDOWS\SYSTEM32\VERSION.dll
0x00007ff912300000 - 0x00007ff912331000 	C:\WINDOWS\System32\IMM32.DLL
0x00007ff9050a0000 - 0x00007ff9050ac000 	C:\Program Files\Java\jdk-19\bin\vcruntime140_1.dll
0x00007ff8b54d0000 - 0x00007ff8b555e000 	C:\Program Files\Java\jdk-19\bin\msvcp140.dll
0x00007ff8a3bf0000 - 0x00007ff8a48b0000 	C:\Program Files\Java\jdk-19\bin\server\jvm.dll
0x00007ff8ff5d0000 - 0x00007ff8ff5d9000 	C:\WINDOWS\SYSTEM32\WSOCK32.dll
0x00007ff9080a0000 - 0x00007ff9080d4000 	C:\WINDOWS\SYSTEM32\WINMM.dll
0x00007ff9111d0000 - 0x00007ff911241000 	C:\WINDOWS\System32\WS2_32.dll
0x00007ff90ec60000 - 0x00007ff90ec78000 	C:\WINDOWS\SYSTEM32\kernel.appcore.dll
0x00007ff9032f0000 - 0x00007ff9032fa000 	C:\Program Files\Java\jdk-19\bin\jimage.dll
0x00007ff90d880000 - 0x00007ff90daae000 	C:\WINDOWS\SYSTEM32\DBGHELP.DLL
0x00007ff911a70000 - 0x00007ff911dfa000 	C:\WINDOWS\System32\combase.dll
0x00007ff910d70000 - 0x00007ff910e47000 	C:\WINDOWS\System32\OLEAUT32.dll
0x00007ff908060000 - 0x00007ff908092000 	C:\WINDOWS\SYSTEM32\dbgcore.DLL
0x00007ff9100f0000 - 0x00007ff91016a000 	C:\WINDOWS\System32\bcryptPrimitives.dll
0x00007ff8f4970000 - 0x00007ff8f4996000 	C:\Program Files\Java\jdk-19\bin\java.dll
0x00007ff8b6260000 - 0x00007ff8b6337000 	C:\Program Files\Java\jdk-19\bin\jsvml.dll
0x00007ff911250000 - 0x00007ff911a66000 	C:\WINDOWS\System32\SHELL32.dll
0x00007ff90dc30000 - 0x00007ff90e51a000 	C:\WINDOWS\SYSTEM32\windows.storage.dll
0x00007ff90daf0000 - 0x00007ff90dc2e000 	C:\WINDOWS\SYSTEM32\wintypes.dll
0x00007ff910b70000 - 0x00007ff910c63000 	C:\WINDOWS\System32\SHCORE.dll
0x00007ff910b00000 - 0x00007ff910b5e000 	C:\WINDOWS\System32\shlwapi.dll
0x00007ff90fbe0000 - 0x00007ff90fc06000 	C:\WINDOWS\SYSTEM32\profapi.dll
0x00007ff8f3120000 - 0x00007ff8f3133000 	C:\Program Files\Java\jdk-19\bin\net.dll
0x00007ff9055f0000 - 0x00007ff905727000 	C:\WINDOWS\SYSTEM32\WINHTTP.dll
0x00007ff90f130000 - 0x00007ff90f199000 	C:\WINDOWS\system32\mswsock.dll
0x00007ff8f00e0000 - 0x00007ff8f00f6000 	C:\Program Files\Java\jdk-19\bin\nio.dll
0x00007ff8eff10000 - 0x00007ff8eff28000 	C:\Program Files\Java\jdk-19\bin\zip.dll
0x0000000069ac0000 - 0x0000000069ae4000 	C:\Users\ducan\Desktop\NetBeans-16\netbeans\java\maven\lib\jansi-native\Windows\x86_64\jansi.dll
0x00007ff902b10000 - 0x00007ff902b20000 	C:\Program Files\Java\jdk-19\bin\verify.dll

dbghelp: loaded successfully - version: 4.0.5 - missing functions: none
symbol engine: initialized successfully - sym options: 0x614 - pdb path: .;C:\Program Files\Java\jdk-19\bin;C:\WINDOWS\SYSTEM32;C:\WINDOWS\WinSxS\amd64_microsoft.windows.common-controls_6595b64144ccf1df_6.0.22621.2070_none_2713e6537381f706;C:\Program Files\Java\jdk-19\bin\server;C:\Users\ducan\Desktop\NetBeans-16\netbeans\java\maven\lib\jansi-native\Windows\x86_64

VM Arguments:
jvm_args: -Dclassworlds.conf=C:\Users\ducan\Desktop\NetBeans-16\netbeans\java\maven\bin\m2.conf -Dmaven.home=C:\Users\ducan\Desktop\NetBeans-16\netbeans\java\maven -Dlibrary.jansi.path=C:\Users\ducan\Desktop\NetBeans-16\netbeans\java\maven\lib\jansi-native -Dmaven.multiModuleProjectDirectory=C:\Users\ducan\Desktop\TextMindMaven\TextMindMaven\TextMindMaven 
java_command: org.codehaus.plexus.classworlds.launcher.Launcher -Dexec.vmArgs= -Dexec.args=${exec.vmArgs} -classpath %classpath ${exec.mainClass} ${exec.appArgs} -Dexec.executable=C:\Program Files\Java\jdk-19\bin\java.exe -Dexec.mainClass=com.TextMind.component.Delete_Friend -Dexec.classpathScope=runtime -Dexec.appArgs= -Dmaven.ext.class.path=C:\Users\ducan\Desktop\NetBeans-16\netbeans\java\maven-nblib\netbeans-eventspy.jar org.codehaus.mojo:exec-maven-plugin:3.0.0:exec
java_class_path (initial): C:\Users\ducan\Desktop\NetBeans-16\netbeans\java\maven\boot\plexus-classworlds-2.6.0.jar
Launcher Type: SUN_STANDARD

[Global flags]
     intx CICompilerCount                          = 3                                         {product} {ergonomic}
     uint ConcGCThreads                            = 1                                         {product} {ergonomic}
     uint G1ConcRefinementThreads                  = 4                                         {product} {ergonomic}
   size_t G1HeapRegionSize                         = 1048576                                   {product} {ergonomic}
    uintx GCDrainStackTargetSize                   = 64                                        {product} {ergonomic}
   size_t InitialHeapSize                          = 130023424                                 {product} {ergonomic}
   size_t MarkStackSize                            = 4194304                                   {product} {ergonomic}
   size_t MaxHeapSize                              = 2076180480                                {product} {ergonomic}
   size_t MaxNewSize                               = 1245708288                                {product} {ergonomic}
   size_t MinHeapDeltaBytes                        = 1048576                                   {product} {ergonomic}
   size_t MinHeapSize                              = 8388608                                   {product} {ergonomic}
    uintx NonNMethodCodeHeapSize                   = 5832780                                {pd product} {ergonomic}
    uintx NonProfiledCodeHeapSize                  = 122912730                              {pd product} {ergonomic}
    uintx ProfiledCodeHeapSize                     = 122912730                              {pd product} {ergonomic}
    uintx ReservedCodeCacheSize                    = 251658240                              {pd product} {ergonomic}
     bool SegmentedCodeCache                       = true                                      {product} {ergonomic}
   size_t SoftMaxHeapSize                          = 2076180480                             {manageable} {ergonomic}
     bool UseCompressedClassPointers               = true                           {product lp64_product} {ergonomic}
     bool UseCompressedOops                        = true                           {product lp64_product} {ergonomic}
     bool UseG1GC                                  = true                                      {product} {ergonomic}
     bool UseLargePagesIndividualAllocation        = false                                  {pd product} {ergonomic}

Logging:
Log output configuration:
 #0: stdout all=warning uptime,level,tags foldmultilines=false
 #1: stderr all=off uptime,level,tags foldmultilines=false

Environment Variables:
JAVA_HOME=C:\Program Files\Java\jdk-19
PATH=C:\Program Files (x86)\Microsoft SDKs\Azure\CLI2\wbin;C:\ProgramData\Oracle\Java\javapath;C:\Program Files\Common Files\Oracle\Java\javapath;C:\Program Files (x86)\Common Files\Oracle\Java\javapath;C:\WINDOWS\system32;C:\WINDOWS;C:\WINDOWS\System32\Wbem;C:\WINDOWS\System32\WindowsPowerShell\v1.0\;C:\WINDOWS\System32\OpenSSH\;C:\Program Files\Microsoft SQL Server\Client SDK\ODBC\170\Tools\Binn\;C:\Program Files (x86)\Microsoft SQL Server\150\Tools\Binn\;C:\Program Files\Microsoft SQL Server\150\Tools\Binn\;C:\Program Files\Microsoft SQL Server\150\DTS\Binn\;C:\Program Files\Azure Data Studio\bin;C:\Program Files (x86)\Microsoft SQL Server\160\DTS\Binn\;C:\Program Files\Git\cmd;C:\Program Files\dotnet\;C:\Program Files\Cloudflare\Cloudflare WARP\;C:\Users\ducan\AppData\Local\Microsoft\WindowsApps;C:\Program Files\Azure Data Studio\bin;C:\Users\ducan\AppData\Local\Programs\Microsoft VS Code\bin;C:\Users\ducan\AppData\Local\GitHubDesktop\bin;C:\Users\ducan\.dotnet\tools;C:\Users\ducan\AppData\Local\Programs\Azure Data Studio\bin
USERNAME=ducan
OS=Windows_NT
PROCESSOR_IDENTIFIER=Intel64 Family 6 Model 140 Stepping 1, GenuineIntel
TMP=C:\Users\ducan\AppData\Local\Temp
TEMP=C:\Users\ducan\AppData\Local\Temp



---------------  S Y S T E M  ---------------

OS:
 Windows 11 , 64 bit Build 22621 (10.0.22621.2070)
OS uptime: 3 days 0:43 hours
Hyper-V role detected

CPU: total 4 (initial active 4) (2 cores per cpu, 2 threads per core) family 6 model 140 stepping 1 microcode 0xa4, cx8, cmov, fxsr, ht, mmx, 3dnowpref, sse, sse2, sse3, ssse3, sse4.1, sse4.2, popcnt, lzcnt, tsc, tscinvbit, avx, avx2, aes, erms, clmul, bmi1, bmi2, adx, avx512f, avx512dq, avx512cd, avx512bw, avx512vl, sha, fma, vzeroupper, avx512_vpopcntdq, avx512_vpclmulqdq, avx512_vaes, avx512_vnni, clflush, clflushopt, clwb, avx512_vbmi2, avx512_vbmi, hv, rdtscp, rdpid, fsrm, gfni, avx512_bitalg

Memory: 4k page, system-wide physical 7918M (632M free)
TotalPageFile size 15327M (AvailPageFile size 3M)
current process WorkingSet (physical memory assigned to process): 71M, peak: 72M
current process commit charge ("private bytes"): 218M, peak: 218M

vm_info: Java HotSpot(TM) 64-Bit Server VM (19.0.1+10-21) for windows-amd64 JRE (19.0.1+10-21), built on 2022-09-14T12:45:06Z by "mach5one" with MS VC++ 17.1 (VS2022)

END.
