#
# A fatal error has been detected by the Java Runtime Environment:
#
#  EXCEPTION_ACCESS_VIOLATION (0xc0000005) at pc=0x00007ffec65c1bc5, pid=15396, tid=11432
#
# JRE version:  (19.0.1+10) (build )
# Java VM: Java HotSpot(TM) 64-Bit Server VM (19.0.1+10-21, mixed mode, sharing, tiered, unknown gc, windows-amd64)
# Problematic frame:
# C  [jimage.dll+0x1bc5]
#
# No core dump will be written. Minidumps are not enabled by default on client versions of Windows
#
#

---------------  S U M M A R Y ------------

Command Line: 

Host: 11th Gen Intel(R) Core(TM) i3-1115G4 @ 3.00GHz, 4 cores, 7G,  Windows 11 , 64 bit Build 22621 (10.0.22621.1928)
Time: Tue Aug  8 16:32:52 2023 SE Asia Standard Time elapsed time: 0.017445 seconds (0d 0h 0m 0s)

---------------  T H R E A D  ---------------

Current thread is native thread

Stack: [0x00000080e2f00000,0x00000080e3000000],  sp=0x00000080e2ffd5d0,  free space=1013k
Native frames: (J=compiled Java code, j=interpreted, Vv=VM code, C=native code)
C  [jimage.dll+0x1bc5]
C  [jimage.dll+0x1d53]
C  [jimage.dll+0x2619]
V  [jvm.dll+0x225d3a]
V  [jvm.dll+0xcdf62]
V  [jvm.dll+0x801e03]
V  [jvm.dll+0x44b30f]
V  [jvm.dll+0x44cc91]
C  [jli.dll+0x5287]
C  [ucrtbase.dll+0x29363]
C  [KERNEL32.DLL+0x126ad]
C  [ntdll.dll+0x5aa68]


siginfo: EXCEPTION_ACCESS_VIOLATION (0xc0000005), reading address 0x000000000000f488


Registers:
RAX=0x0000000000003d1b, RBX=0x00000080e2ffd6c1, RCX=0x00007ffec65c6000, RDX=0x0000000000003d1b
RSP=0x00000080e2ffd5d0, RBP=0x00000080e2ffd6c0, RSI=0x000000000000734d, RDI=0x00000080e2ffd6c0
R8 =0x00007ffec65c4298, R9 =0x000000000000001c, R10=0x00007ffeee700000, R11=0x00007ffec65c6000
R12=0x0000000000000000, R13=0x00000080e2fffaf0, R14=0x00000080e2ffe730, R15=0x00007ffe967527a8
RIP=0x00007ffec65c1bc5, EFLAGS=0x0000000000010246


Top of Stack: (sp=0x00000080e2ffd5d0)
0x00000080e2ffd5d0:   00000247dfd70b28 000000004e00004e
0x00000080e2ffd5e0:   00000247dfd70b40 00000247dfd70afc
0x00000080e2ffd5f0:   00000247dffcde50 00007ffec65c1d53
0x00000080e2ffd600:   000000000000000b 00000247dffcde50
0x00000080e2ffd610:   00000000000006f5 00000000000006f5
0x00000080e2ffd620:   00000000000006f5 00007fff00f1422a
0x00000080e2ffd630:   00000247dffb3fd0 000002474e00004e
0x00000080e2ffd640:   00000247dffb0000 00000080000003ff
0x00000080e2ffd650:   00000000000006f5 00000247e2050080
0x00000080e2ffd660:   000030ef8c1db0e0 00000247dffb0150
0x00000080e2ffd670:   00007ffe967326a0 0000000000000017
0x00000080e2ffd680:   00000247dffcde50 00000080e2ffe730
0x00000080e2ffd690:   000000000000000b 00007ffec65c2619
0x00000080e2ffd6a0:   00000247dffb0000 00007fff000003ff
0x00000080e2ffd6b0:   000000000000075e 00000247e206d9f0
0x00000080e2ffd6c0:   61622e6176616a2f 692f6b646a2f6573 

Instructions: (pc=0x00007ffec65c1bc5)
0x00007ffec65c1ac5:   48 85 c9 74 1d 80 3d 3f 45 00 00 00 74 06 48 8b
0x00007ffec65c1ad5:   53 18 eb 04 48 8b 53 40 e8 96 0e 00 00 48 83 63
0x00007ffec65c1ae5:   48 00 8b 4b 0c 83 f9 ff 74 09 e8 cc 0c 00 00 83
0x00007ffec65c1af5:   4b 0c ff 48 8b 4b 70 48 85 c9 74 0f ba 10 00 00
0x00007ffec65c1b05:   00 e8 ed 0e 00 00 48 83 63 70 00 48 83 c4 20 5b
0x00007ffec65c1b15:   c3 cc cc 40 53 48 83 ec 20 48 8b d9 48 8d 0d f8
0x00007ffec65c1b25:   46 00 00 e8 9b 0c 00 00 83 6b 08 01 75 24 48 8b
0x00007ffec65c1b35:   d3 48 8d 0d db 44 00 00 e8 22 08 00 00 48 8b cb
0x00007ffec65c1b45:   e8 d6 fe ff ff ba 78 00 00 00 48 8b cb e8 a1 0e
0x00007ffec65c1b55:   00 00 48 8d 0d c2 46 00 00 48 83 c4 20 5b e9 68
0x00007ffec65c1b65:   0c 00 00 48 89 5c 24 08 48 89 74 24 10 57 48 83
0x00007ffec65c1b75:   ec 20 41 8b f1 4d 8b c8 48 8b fa 4c 8b d9 4d 85
0x00007ffec65c1b85:   c0 74 78 85 f6 74 74 44 8a 12 48 8d 5a 01 48 8b
0x00007ffec65c1b95:   d3 b8 93 01 00 01 eb 12 69 c0 93 01 00 01 41 0f
0x00007ffec65c1ba5:   b6 ca 44 8a 12 33 c1 48 ff c2 45 84 d2 75 e9 4d
0x00007ffec65c1bb5:   8b 03 0f ba f0 1f 33 d2 49 8b cb f7 f6 48 63 c2
0x00007ffec65c1bc5:   41 8b 14 81 41 ff 50 08 85 c0 7e 24 8a 0f eb 10
0x00007ffec65c1bd5:   69 c0 93 01 00 01 0f b6 c9 33 c1 8a 0b 48 ff c3
0x00007ffec65c1be5:   84 c9 75 ec 0f ba f0 1f 33 d2 f7 f6 8b c2 eb 0e
0x00007ffec65c1bf5:   79 09 83 c9 ff 2b c8 8b c1 eb 03 83 c8 ff 48 8b
0x00007ffec65c1c05:   5c 24 30 48 8b 74 24 38 48 83 c4 20 5f c3 cc 48
0x00007ffec65c1c15:   89 5c 24 08 48 89 74 24 10 57 48 83 ec 20 48 8b
0x00007ffec65c1c25:   f1 48 8d 0d f3 45 00 00 e8 96 0b 00 00 33 ff 39
0x00007ffec65c1c35:   3d de 43 00 00 76 24 48 8b 05 dd 43 00 00 48 8b
0x00007ffec65c1c45:   d6 48 8b 1c f8 48 8b 0b e8 68 1e 00 00 85 c0 74
0x00007ffec65c1c55:   2b ff c7 3b 3d ba 43 00 00 72 dc 33 db 48 8d 0d
0x00007ffec65c1c65:   b7 45 00 00 e8 62 0b 00 00 48 8b 74 24 38 48 8b
0x00007ffec65c1c75:   c3 48 8b 5c 24 30 48 83 c4 20 5f c3 ff 43 08 eb
0x00007ffec65c1c85:   dc cc cc 48 89 5c 24 08 48 89 74 24 10 57 48 83
0x00007ffec65c1c95:   ec 20 48 8b d9 48 8b f2 48 8b 49 10 49 8b f8 8b
0x00007ffec65c1ca5:   53 30 48 8b 01 ff 50 20 4c 8b 43 50 48 8b d6 48
0x00007ffec65c1cb5:   8b 4b 10 44 8b c8 e8 a8 fe ff ff 83 f8 ff 74 38 



---------------  P R O C E S S  ---------------

VM state: not at safepoint (not fully initialized)

VM Mutex/Monitor currently owned by a thread: None

GC Precious Log:
<Not initialized>


Dynamic libraries:
0x00007ff768070000 - 0x00007ff768080000 	C:\Program Files\Java\jdk-19\bin\java.exe
0x00007fff00ed0000 - 0x00007fff010e4000 	C:\WINDOWS\SYSTEM32\ntdll.dll
0x00007ffefeee0000 - 0x00007ffefefa2000 	C:\WINDOWS\System32\KERNEL32.DLL
0x00007ffefe7b0000 - 0x00007ffefeb53000 	C:\WINDOWS\System32\KERNELBASE.dll
0x00007ffefeb90000 - 0x00007ffefeca1000 	C:\WINDOWS\System32\ucrtbase.dll
0x00007ffef3470000 - 0x00007ffef3488000 	C:\Program Files\Java\jdk-19\bin\jli.dll
0x00007ffeee700000 - 0x00007ffeee71b000 	C:\Program Files\Java\jdk-19\bin\VCRUNTIME140.dll
0x00007ffeff9f0000 - 0x00007ffeffa9e000 	C:\WINDOWS\System32\ADVAPI32.dll
0x00007ffeff030000 - 0x00007ffeff0d7000 	C:\WINDOWS\System32\msvcrt.dll
0x00007fff00be0000 - 0x00007fff00c84000 	C:\WINDOWS\System32\sechost.dll
0x00007ffeffbb0000 - 0x00007ffeffcc7000 	C:\WINDOWS\System32\RPCRT4.dll
0x00007ffeffcd0000 - 0x00007ffeffe7a000 	C:\WINDOWS\System32\USER32.dll
0x00007ffefeb60000 - 0x00007ffefeb86000 	C:\WINDOWS\System32\win32u.dll
0x00007ffebc140000 - 0x00007ffebc3ce000 	C:\WINDOWS\WinSxS\amd64_microsoft.windows.common-controls_6595b64144ccf1df_6.0.22621.1635_none_270f70857386168e\COMCTL32.dll
0x00007ffefff20000 - 0x00007ffefff49000 	C:\WINDOWS\System32\GDI32.dll
0x00007ffefe350000 - 0x00007ffefe469000 	C:\WINDOWS\System32\gdi32full.dll
0x00007ffefe470000 - 0x00007ffefe50a000 	C:\WINDOWS\System32\msvcp_win.dll
0x00007ffef0a70000 - 0x00007ffef0a7a000 	C:\WINDOWS\SYSTEM32\VERSION.dll
0x00007ffefed00000 - 0x00007ffefed31000 	C:\WINDOWS\System32\IMM32.DLL
0x00007ffeee6e0000 - 0x00007ffeee6ec000 	C:\Program Files\Java\jdk-19\bin\vcruntime140_1.dll
0x00007ffe97c50000 - 0x00007ffe97cde000 	C:\Program Files\Java\jdk-19\bin\msvcp140.dll
0x00007ffe95de0000 - 0x00007ffe96aa0000 	C:\Program Files\Java\jdk-19\bin\server\jvm.dll
0x00007ffeee6f0000 - 0x00007ffeee6f9000 	C:\WINDOWS\SYSTEM32\WSOCK32.dll
0x00007ffef3370000 - 0x00007ffef33a4000 	C:\WINDOWS\SYSTEM32\WINMM.dll
0x00007ffeff970000 - 0x00007ffeff9e1000 	C:\WINDOWS\System32\WS2_32.dll
0x00007ffefd2e0000 - 0x00007ffefd2f8000 	C:\WINDOWS\SYSTEM32\kernel.appcore.dll
0x00007ffec65c0000 - 0x00007ffec65ca000 	C:\Program Files\Java\jdk-19\bin\jimage.dll
0x00007ffefbd00000 - 0x00007ffefbf2e000 	C:\WINDOWS\SYSTEM32\DBGHELP.DLL
0x00007ffefff50000 - 0x00007fff002d9000 	C:\WINDOWS\System32\combase.dll
0x00007fff00570000 - 0x00007fff00647000 	C:\WINDOWS\System32\OLEAUT32.dll
0x00007ffef14d0000 - 0x00007ffef1502000 	C:\WINDOWS\SYSTEM32\dbgcore.DLL
0x00007ffefe2d0000 - 0x00007ffefe34a000 	C:\WINDOWS\System32\bcryptPrimitives.dll

dbghelp: loaded successfully - version: 4.0.5 - missing functions: none
symbol engine: initialized successfully - sym options: 0x614 - pdb path: .;C:\Program Files\Java\jdk-19\bin;C:\WINDOWS\SYSTEM32;C:\WINDOWS\WinSxS\amd64_microsoft.windows.common-controls_6595b64144ccf1df_6.0.22621.1635_none_270f70857386168e;C:\Program Files\Java\jdk-19\bin\server

VM Arguments:
java_command: <unknown>
java_class_path (initial): <not set>
Launcher Type: SUN_STANDARD

[Global flags]
     bool UseLargePagesIndividualAllocation        = false                                  {pd product} {ergonomic}

Logging:
Log output configuration:
 #0: stdout all=warning uptime,level,tags foldmultilines=false
 #1: stderr all=off uptime,level,tags foldmultilines=false

Environment Variables:
JAVA_HOME=C:\Program Files\Java\jdk-19
PATH=C:\Program Files (x86)\Microsoft SDKs\Azure\CLI2\wbin;C:\ProgramData\Oracle\Java\javapath;C:\Program Files\Common Files\Oracle\Java\javapath;C:\Program Files (x86)\Common Files\Oracle\Java\javapath;C:\WINDOWS\system32;C:\WINDOWS;C:\WINDOWS\System32\Wbem;C:\WINDOWS\System32\WindowsPowerShell\v1.0\;C:\WINDOWS\System32\OpenSSH\;C:\Program Files\Microsoft SQL Server\Client SDK\ODBC\170\Tools\Binn\;C:\Program Files (x86)\Microsoft SQL Server\150\Tools\Binn\;C:\Program Files\Microsoft SQL Server\150\Tools\Binn\;C:\Program Files\Microsoft SQL Server\150\DTS\Binn\;C:\Program Files\Azure Data Studio\bin;C:\Program Files (x86)\Microsoft SQL Server\160\DTS\Binn\;C:\Program Files\Git\cmd;C:\Program Files\dotnet\;C:\Program Files\Cloudflare\Cloudflare WARP\;C:\Users\ducan\AppData\Local\Microsoft\WindowsApps;C:\Program Files\Azure Data Studio\bin;C:\Users\ducan\AppData\Local\Programs\Microsoft VS Code\bin;C:\Users\ducan\AppData\Local\GitHubDesktop\bin;C:\Users\ducan\.dotnet\tools;C:\Users\ducan\AppData\Local\Programs\Azure Data Studio\bin
USERNAME=ducan
OS=Windows_NT
PROCESSOR_IDENTIFIER=Intel64 Family 6 Model 140 Stepping 1, GenuineIntel
TMP=C:\Users\ducan\AppData\Local\Temp
TEMP=C:\Users\ducan\AppData\Local\Temp



---------------  S Y S T E M  ---------------

OS:
 Windows 11 , 64 bit Build 22621 (10.0.22621.1928)
OS uptime: 0 days 18:14 hours

CPU: total 4 (initial active 0) 

Memory: 4k page, system-wide physical 7918M (497M free)
TotalPageFile size 15055M (AvailPageFile size 2M)
current process WorkingSet (physical memory assigned to process): 8M, peak: 8M
current process commit charge ("private bytes"): 3M, peak: 3M

vm_info: Java HotSpot(TM) 64-Bit Server VM (19.0.1+10-21) for windows-amd64 JRE (19.0.1+10-21), built on 2022-09-14T12:45:06Z by "mach5one" with MS VC++ 17.1 (VS2022)

END.
