#
# There is insufficient memory for the Java Runtime Environment to continue.
# Native memory allocation (malloc) failed to allocate 584976 bytes for Chunk::new
# Possible reasons:
#   The system is out of physical RAM or swap space
#   The process is running with CompressedOops enabled, and the Java Heap may be blocking the growth of the native heap
# Possible solutions:
#   Reduce memory load on the system
#   Increase physical memory or swap space
#   Check if swap backing store is full
#   Decrease Java heap size (-Xmx/-Xms)
#   Decrease number of Java threads
#   Decrease Java thread stack sizes (-Xss)
#   Set larger code cache with -XX:ReservedCodeCacheSize=
#   JVM is running with Unscaled Compressed Oops mode in which the Java heap is
#     placed in the first 4GB address space. The Java Heap base address is the
#     maximum limit for the native heap growth. Please use -XX:HeapBaseMinAddress
#     to set the Java Heap base and to place the Java Heap above 4GB virtual address.
# This output file may be truncated or incomplete.
#
#  Out of Memory Error (arena.cpp:184), pid=11588, tid=12780
#
# JRE version: Java(TM) SE Runtime Environment (19.0.1+10) (build 19.0.1+10-21)
# Java VM: Java HotSpot(TM) 64-Bit Server VM (19.0.1+10-21, mixed mode, sharing, tiered, compressed oops, compressed class ptrs, g1 gc, windows-amd64)
# No core dump will be written. Minidumps are not enabled by default on client versions of Windows
#

---------------  S U M M A R Y ------------

Command Line: -Dclassworlds.conf=C:\Users\ducan\Desktop\NetBeans-16\netbeans\java\maven\bin\m2.conf -Dmaven.home=C:\Users\ducan\Desktop\NetBeans-16\netbeans\java\maven -Dlibrary.jansi.path=C:\Users\ducan\Desktop\NetBeans-16\netbeans\java\maven\lib\jansi-native -Dmaven.multiModuleProjectDirectory=C:\Users\ducan\Desktop\TextMindMaven\TextMindMaven\TextMindMaven org.codehaus.plexus.classworlds.launcher.Launcher -Dexec.vmArgs=-agentlib:jdwp=transport=dt_socket,server=n,address=64019 -Dexec.args=${exec.vmArgs} -classpath %classpath ${exec.mainClass} ${exec.appArgs} -Dexec.executable=C:\Program Files\Java\jdk-19\bin\java.exe -Dexec.mainClass=com.TextMind.component.Delete_Friend -Dexec.classpathScope=runtime -Djpda.listen=true -Dexec.appArgs= -Djpda.address=64019 -Dmaven.ext.class.path=C:\Users\ducan\Desktop\NetBeans-16\netbeans\java\maven-nblib\netbeans-eventspy.jar org.codehaus.mojo:exec-maven-plugin:3.0.0:exec

Host: 11th Gen Intel(R) Core(TM) i3-1115G4 @ 3.00GHz, 4 cores, 7G,  Windows 11 , 64 bit Build 22621 (10.0.22621.2070)
Time: Thu Aug 17 22:34:09 2023 SE Asia Standard Time elapsed time: 1.385670 seconds (0d 0h 0m 1s)

---------------  T H R E A D  ---------------

Current thread (0x000001de5592f620):  JavaThread "C2 CompilerThread0" daemon [_thread_in_native, id=12780, stack(0x000000943c400000,0x000000943c500000)]


Current CompileTask:
C2:   1385 2629       4       org.apache.maven.model.io.xpp3.MavenXpp3Reader::checkFieldWithDuplicate (75 bytes)

Stack: [0x000000943c400000,0x000000943c500000]
Native frames: (J=compiled Java code, j=interpreted, Vv=VM code, C=native code)
V  [jvm.dll+0x6ee8fa]
V  [jvm.dll+0x857a1e]
V  [jvm.dll+0x85940e]
V  [jvm.dll+0x859ac3]
V  [jvm.dll+0x28291f]
V  [jvm.dll+0xc9b5f]
V  [jvm.dll+0xc9ee5]
V  [jvm.dll+0x3bcb72]
V  [jvm.dll+0x386201]
V  [jvm.dll+0x38567a]
V  [jvm.dll+0x24c2c9]
V  [jvm.dll+0x24b671]
V  [jvm.dll+0x1d6d61]
V  [jvm.dll+0x25b0fa]
V  [jvm.dll+0x259588]
V  [jvm.dll+0x807928]
V  [jvm.dll+0x8015fa]
V  [jvm.dll+0x6ed5eb]
C  [ucrtbase.dll+0x29363]
C  [KERNEL32.DLL+0x126ad]
C  [ntdll.dll+0x5aa68]


---------------  P R O C E S S  ---------------

Threads class SMR info:
_java_thread_list=0x000001de59cdad40, length=12, elements={
0x000001de37b7ddb0, 0x000001de559259f0, 0x000001de559284d0, 0x000001de55929ee0,
0x000001de5592a810, 0x000001de5592b3c0, 0x000001de5592c030, 0x000001de5592f620,
0x000001de559342e0, 0x000001de5594f1b0, 0x000001de59cfa710, 0x000001de59cff120
}

Java Threads: ( => current thread )
  0x000001de37b7ddb0 JavaThread "main" [_thread_in_native, id=8288, stack(0x000000943b700000,0x000000943b800000)]
  0x000001de559259f0 JavaThread "Reference Handler" daemon [_thread_blocked, id=7468, stack(0x000000943be00000,0x000000943bf00000)]
  0x000001de559284d0 JavaThread "Finalizer" daemon [_thread_blocked, id=13556, stack(0x000000943bf00000,0x000000943c000000)]
  0x000001de55929ee0 JavaThread "Signal Dispatcher" daemon [_thread_blocked, id=12872, stack(0x000000943c000000,0x000000943c100000)]
  0x000001de5592a810 JavaThread "Attach Listener" daemon [_thread_blocked, id=16280, stack(0x000000943c100000,0x000000943c200000)]
  0x000001de5592b3c0 JavaThread "Service Thread" daemon [_thread_blocked, id=3540, stack(0x000000943c200000,0x000000943c300000)]
  0x000001de5592c030 JavaThread "Monitor Deflation Thread" daemon [_thread_blocked, id=5244, stack(0x000000943c300000,0x000000943c400000)]
=>0x000001de5592f620 JavaThread "C2 CompilerThread0" daemon [_thread_in_native, id=12780, stack(0x000000943c400000,0x000000943c500000)]
  0x000001de559342e0 JavaThread "C1 CompilerThread0" daemon [_thread_blocked, id=9708, stack(0x000000943c500000,0x000000943c600000)]
  0x000001de5594f1b0 JavaThread "Sweeper thread" daemon [_thread_blocked, id=6220, stack(0x000000943c600000,0x000000943c700000)]
  0x000001de59cfa710 JavaThread "Notification Thread" daemon [_thread_blocked, id=14072, stack(0x000000943c700000,0x000000943c800000)]
  0x000001de59cff120 JavaThread "Common-Cleaner" daemon [_thread_blocked, id=13804, stack(0x000000943c900000,0x000000943ca00000)]

Other Threads:
  0x000001de559069a0 VMThread "VM Thread" [stack: 0x000000943bd00000,0x000000943be00000] [id=8472]
  0x000001de59cfde90 WatcherThread "VM Periodic Task Thread" [stack: 0x000000943c800000,0x000000943c900000] [id=6264]
  0x000001de37bdbb80 WorkerThread "GC Thread#0" [stack: 0x000000943b800000,0x000000943b900000] [id=1020]
  0x000001de5a4f2880 WorkerThread "GC Thread#1" [stack: 0x000000943ca00000,0x000000943cb00000] [id=14708]
  0x000001de5a4f1e20 WorkerThread "GC Thread#2" [stack: 0x000000943cb00000,0x000000943cc00000] [id=15220]
  0x000001de5a4f20f0 WorkerThread "GC Thread#3" [stack: 0x000000943cc00000,0x000000943cd00000] [id=15932]
  0x000001de37bec170 ConcurrentGCThread "G1 Main Marker" [stack: 0x000000943b900000,0x000000943ba00000] [id=8372]
  0x000001de37becab0 WorkerThread "G1 Conc#0" [stack: 0x000000943ba00000,0x000000943bb00000] [id=11272]
  0x000001de557c24c0 ConcurrentGCThread "G1 Refine#0" [stack: 0x000000943bb00000,0x000000943bc00000] [id=13924]
  0x000001de557c2db0 ConcurrentGCThread "G1 Service" [stack: 0x000000943bc00000,0x000000943bd00000] [id=6644]

Threads with active compile tasks:
C2 CompilerThread0     1398 2629       4       org.apache.maven.model.io.xpp3.MavenXpp3Reader::checkFieldWithDuplicate (75 bytes)

VM state: not at safepoint (normal execution)

VM Mutex/Monitor currently owned by a thread: None

Heap address: 0x0000000084400000, size: 1980 MB, Compressed Oops mode: 32-bit

CDS archive(s) mapped at: [0x0000000800000000-0x0000000800c40000-0x0000000800c40000), size 12845056, SharedBaseAddress: 0x0000000800000000, ArchiveRelocationMode: 0.
Compressed class space mapped at: 0x0000000801000000-0x0000000841000000, reserved size: 1073741824
Narrow klass base: 0x0000000800000000, Narrow klass shift: 0, Narrow klass range: 0x100000000

GC Precious Log:
 CardTable entry size: 512
 Card Set container configuration: InlinePtr #cards 5 size 8 Array Of Cards #cards 12 size 40 Howl #buckets 4 coarsen threshold 1843 Howl Bitmap #cards 512 size 80 coarsen threshold 460 Card regions per heap region 1 cards per card region 2048
 CPUs: 4 total, 4 available
 Memory: 7918M
 Large Page Support: Disabled
 NUMA Support: Disabled
 Compressed Oops: Enabled (32-bit)
 Heap Region Size: 1M
 Heap Min Capacity: 8M
 Heap Initial Capacity: 124M
 Heap Max Capacity: 1980M
 Pre-touch: Disabled
 Parallel Workers: 4
 Concurrent Workers: 1
 Concurrent Refinement Workers: 4
 Periodic GC: Disabled

Heap:
 garbage-first heap   total 126976K, used 48986K [0x0000000084400000, 0x0000000100000000)
  region size 1024K, 47 young (48128K), 1 survivors (1024K)
 Metaspace       used 13097K, committed 13312K, reserved 1114112K
  class space    used 1467K, committed 1600K, reserved 1048576K

Heap Regions: E=young(eden), S=young(survivor), O=old, HS=humongous(starts), HC=humongous(continues), CS=collection set, F=free, OA=open archive, CA=closed archive, TAMS=top-at-mark-start (previous, next)
|   0|0x0000000084400000, 0x0000000084500000, 0x0000000084500000|100%| O|  |TAMS 0x0000000084400000, 0x0000000084400000| Untracked 
|   1|0x0000000084500000, 0x0000000084600000, 0x0000000084600000|100%| O|  |TAMS 0x0000000084500000, 0x0000000084500000| Untracked 
|   2|0x0000000084600000, 0x0000000084700000, 0x0000000084700000|100%| O|  |TAMS 0x0000000084600000, 0x0000000084600000| Untracked 
|   3|0x0000000084700000, 0x0000000084719800, 0x0000000084800000|  9%| O|  |TAMS 0x0000000084700000, 0x0000000084700000| Untracked 
|   4|0x0000000084800000, 0x0000000084800000, 0x0000000084900000|  0%| F|  |TAMS 0x0000000084800000, 0x0000000084800000| Untracked 
|   5|0x0000000084900000, 0x0000000084900000, 0x0000000084a00000|  0%| F|  |TAMS 0x0000000084900000, 0x0000000084900000| Untracked 
|   6|0x0000000084a00000, 0x0000000084a00000, 0x0000000084b00000|  0%| F|  |TAMS 0x0000000084a00000, 0x0000000084a00000| Untracked 
|   7|0x0000000084b00000, 0x0000000084b00000, 0x0000000084c00000|  0%| F|  |TAMS 0x0000000084b00000, 0x0000000084b00000| Untracked 
|   8|0x0000000084c00000, 0x0000000084c00000, 0x0000000084d00000|  0%| F|  |TAMS 0x0000000084c00000, 0x0000000084c00000| Untracked 
|   9|0x0000000084d00000, 0x0000000084d00000, 0x0000000084e00000|  0%| F|  |TAMS 0x0000000084d00000, 0x0000000084d00000| Untracked 
|  10|0x0000000084e00000, 0x0000000084e00000, 0x0000000084f00000|  0%| F|  |TAMS 0x0000000084e00000, 0x0000000084e00000| Untracked 
|  11|0x0000000084f00000, 0x0000000084f00000, 0x0000000085000000|  0%| F|  |TAMS 0x0000000084f00000, 0x0000000084f00000| Untracked 
|  12|0x0000000085000000, 0x0000000085000000, 0x0000000085100000|  0%| F|  |TAMS 0x0000000085000000, 0x0000000085000000| Untracked 
|  13|0x0000000085100000, 0x0000000085100000, 0x0000000085200000|  0%| F|  |TAMS 0x0000000085100000, 0x0000000085100000| Untracked 
|  14|0x0000000085200000, 0x0000000085200000, 0x0000000085300000|  0%| F|  |TAMS 0x0000000085200000, 0x0000000085200000| Untracked 
|  15|0x0000000085300000, 0x0000000085300000, 0x0000000085400000|  0%| F|  |TAMS 0x0000000085300000, 0x0000000085300000| Untracked 
|  16|0x0000000085400000, 0x0000000085400000, 0x0000000085500000|  0%| F|  |TAMS 0x0000000085400000, 0x0000000085400000| Untracked 
|  17|0x0000000085500000, 0x0000000085500000, 0x0000000085600000|  0%| F|  |TAMS 0x0000000085500000, 0x0000000085500000| Untracked 
|  18|0x0000000085600000, 0x0000000085600000, 0x0000000085700000|  0%| F|  |TAMS 0x0000000085600000, 0x0000000085600000| Untracked 
|  19|0x0000000085700000, 0x0000000085700000, 0x0000000085800000|  0%| F|  |TAMS 0x0000000085700000, 0x0000000085700000| Untracked 
|  20|0x0000000085800000, 0x0000000085800000, 0x0000000085900000|  0%| F|  |TAMS 0x0000000085800000, 0x0000000085800000| Untracked 
|  21|0x0000000085900000, 0x0000000085900000, 0x0000000085a00000|  0%| F|  |TAMS 0x0000000085900000, 0x0000000085900000| Untracked 
|  22|0x0000000085a00000, 0x0000000085a00000, 0x0000000085b00000|  0%| F|  |TAMS 0x0000000085a00000, 0x0000000085a00000| Untracked 
|  23|0x0000000085b00000, 0x0000000085b00000, 0x0000000085c00000|  0%| F|  |TAMS 0x0000000085b00000, 0x0000000085b00000| Untracked 
|  24|0x0000000085c00000, 0x0000000085c00000, 0x0000000085d00000|  0%| F|  |TAMS 0x0000000085c00000, 0x0000000085c00000| Untracked 
|  25|0x0000000085d00000, 0x0000000085d00000, 0x0000000085e00000|  0%| F|  |TAMS 0x0000000085d00000, 0x0000000085d00000| Untracked 
|  26|0x0000000085e00000, 0x0000000085e00000, 0x0000000085f00000|  0%| F|  |TAMS 0x0000000085e00000, 0x0000000085e00000| Untracked 
|  27|0x0000000085f00000, 0x0000000085f00000, 0x0000000086000000|  0%| F|  |TAMS 0x0000000085f00000, 0x0000000085f00000| Untracked 
|  28|0x0000000086000000, 0x0000000086000000, 0x0000000086100000|  0%| F|  |TAMS 0x0000000086000000, 0x0000000086000000| Untracked 
|  29|0x0000000086100000, 0x0000000086100000, 0x0000000086200000|  0%| F|  |TAMS 0x0000000086100000, 0x0000000086100000| Untracked 
|  30|0x0000000086200000, 0x0000000086200000, 0x0000000086300000|  0%| F|  |TAMS 0x0000000086200000, 0x0000000086200000| Untracked 
|  31|0x0000000086300000, 0x0000000086300000, 0x0000000086400000|  0%| F|  |TAMS 0x0000000086300000, 0x0000000086300000| Untracked 
|  32|0x0000000086400000, 0x0000000086400000, 0x0000000086500000|  0%| F|  |TAMS 0x0000000086400000, 0x0000000086400000| Untracked 
|  33|0x0000000086500000, 0x0000000086500000, 0x0000000086600000|  0%| F|  |TAMS 0x0000000086500000, 0x0000000086500000| Untracked 
|  34|0x0000000086600000, 0x0000000086600000, 0x0000000086700000|  0%| F|  |TAMS 0x0000000086600000, 0x0000000086600000| Untracked 
|  35|0x0000000086700000, 0x0000000086700000, 0x0000000086800000|  0%| F|  |TAMS 0x0000000086700000, 0x0000000086700000| Untracked 
|  36|0x0000000086800000, 0x0000000086800000, 0x0000000086900000|  0%| F|  |TAMS 0x0000000086800000, 0x0000000086800000| Untracked 
|  37|0x0000000086900000, 0x0000000086900000, 0x0000000086a00000|  0%| F|  |TAMS 0x0000000086900000, 0x0000000086900000| Untracked 
|  38|0x0000000086a00000, 0x0000000086a00000, 0x0000000086b00000|  0%| F|  |TAMS 0x0000000086a00000, 0x0000000086a00000| Untracked 
|  39|0x0000000086b00000, 0x0000000086b00000, 0x0000000086c00000|  0%| F|  |TAMS 0x0000000086b00000, 0x0000000086b00000| Untracked 
|  40|0x0000000086c00000, 0x0000000086c00000, 0x0000000086d00000|  0%| F|  |TAMS 0x0000000086c00000, 0x0000000086c00000| Untracked 
|  41|0x0000000086d00000, 0x0000000086d00000, 0x0000000086e00000|  0%| F|  |TAMS 0x0000000086d00000, 0x0000000086d00000| Untracked 
|  42|0x0000000086e00000, 0x0000000086e00000, 0x0000000086f00000|  0%| F|  |TAMS 0x0000000086e00000, 0x0000000086e00000| Untracked 
|  43|0x0000000086f00000, 0x0000000086f00000, 0x0000000087000000|  0%| F|  |TAMS 0x0000000086f00000, 0x0000000086f00000| Untracked 
|  44|0x0000000087000000, 0x0000000087000000, 0x0000000087100000|  0%| F|  |TAMS 0x0000000087000000, 0x0000000087000000| Untracked 
|  45|0x0000000087100000, 0x0000000087100000, 0x0000000087200000|  0%| F|  |TAMS 0x0000000087100000, 0x0000000087100000| Untracked 
|  46|0x0000000087200000, 0x0000000087200000, 0x0000000087300000|  0%| F|  |TAMS 0x0000000087200000, 0x0000000087200000| Untracked 
|  47|0x0000000087300000, 0x0000000087300000, 0x0000000087400000|  0%| F|  |TAMS 0x0000000087300000, 0x0000000087300000| Untracked 
|  48|0x0000000087400000, 0x0000000087400000, 0x0000000087500000|  0%| F|  |TAMS 0x0000000087400000, 0x0000000087400000| Untracked 
|  49|0x0000000087500000, 0x0000000087500000, 0x0000000087600000|  0%| F|  |TAMS 0x0000000087500000, 0x0000000087500000| Untracked 
|  50|0x0000000087600000, 0x0000000087600000, 0x0000000087700000|  0%| F|  |TAMS 0x0000000087600000, 0x0000000087600000| Untracked 
|  51|0x0000000087700000, 0x0000000087700000, 0x0000000087800000|  0%| F|  |TAMS 0x0000000087700000, 0x0000000087700000| Untracked 
|  52|0x0000000087800000, 0x0000000087800000, 0x0000000087900000|  0%| F|  |TAMS 0x0000000087800000, 0x0000000087800000| Untracked 
|  53|0x0000000087900000, 0x0000000087900000, 0x0000000087a00000|  0%| F|  |TAMS 0x0000000087900000, 0x0000000087900000| Untracked 
|  54|0x0000000087a00000, 0x0000000087a00000, 0x0000000087b00000|  0%| F|  |TAMS 0x0000000087a00000, 0x0000000087a00000| Untracked 
|  55|0x0000000087b00000, 0x0000000087b00000, 0x0000000087c00000|  0%| F|  |TAMS 0x0000000087b00000, 0x0000000087b00000| Untracked 
|  56|0x0000000087c00000, 0x0000000087c00000, 0x0000000087d00000|  0%| F|  |TAMS 0x0000000087c00000, 0x0000000087c00000| Untracked 
|  57|0x0000000087d00000, 0x0000000087d00000, 0x0000000087e00000|  0%| F|  |TAMS 0x0000000087d00000, 0x0000000087d00000| Untracked 
|  58|0x0000000087e00000, 0x0000000087e00000, 0x0000000087f00000|  0%| F|  |TAMS 0x0000000087e00000, 0x0000000087e00000| Untracked 
|  59|0x0000000087f00000, 0x0000000087f00000, 0x0000000088000000|  0%| F|  |TAMS 0x0000000087f00000, 0x0000000087f00000| Untracked 
|  60|0x0000000088000000, 0x0000000088000000, 0x0000000088100000|  0%| F|  |TAMS 0x0000000088000000, 0x0000000088000000| Untracked 
|  61|0x0000000088100000, 0x0000000088100000, 0x0000000088200000|  0%| F|  |TAMS 0x0000000088100000, 0x0000000088100000| Untracked 
|  62|0x0000000088200000, 0x0000000088200000, 0x0000000088300000|  0%| F|  |TAMS 0x0000000088200000, 0x0000000088200000| Untracked 
|  63|0x0000000088300000, 0x0000000088300000, 0x0000000088400000|  0%| F|  |TAMS 0x0000000088300000, 0x0000000088300000| Untracked 
|  64|0x0000000088400000, 0x0000000088400000, 0x0000000088500000|  0%| F|  |TAMS 0x0000000088400000, 0x0000000088400000| Untracked 
|  65|0x0000000088500000, 0x0000000088500000, 0x0000000088600000|  0%| F|  |TAMS 0x0000000088500000, 0x0000000088500000| Untracked 
|  66|0x0000000088600000, 0x0000000088600000, 0x0000000088700000|  0%| F|  |TAMS 0x0000000088600000, 0x0000000088600000| Untracked 
|  67|0x0000000088700000, 0x0000000088700000, 0x0000000088800000|  0%| F|  |TAMS 0x0000000088700000, 0x0000000088700000| Untracked 
|  68|0x0000000088800000, 0x0000000088800000, 0x0000000088900000|  0%| F|  |TAMS 0x0000000088800000, 0x0000000088800000| Untracked 
|  69|0x0000000088900000, 0x0000000088900000, 0x0000000088a00000|  0%| F|  |TAMS 0x0000000088900000, 0x0000000088900000| Untracked 
|  70|0x0000000088a00000, 0x0000000088a00000, 0x0000000088b00000|  0%| F|  |TAMS 0x0000000088a00000, 0x0000000088a00000| Untracked 
|  71|0x0000000088b00000, 0x0000000088b00000, 0x0000000088c00000|  0%| F|  |TAMS 0x0000000088b00000, 0x0000000088b00000| Untracked 
|  72|0x0000000088c00000, 0x0000000088c00000, 0x0000000088d00000|  0%| F|  |TAMS 0x0000000088c00000, 0x0000000088c00000| Untracked 
|  73|0x0000000088d00000, 0x0000000088d00000, 0x0000000088e00000|  0%| F|  |TAMS 0x0000000088d00000, 0x0000000088d00000| Untracked 
|  74|0x0000000088e00000, 0x0000000088e00000, 0x0000000088f00000|  0%| F|  |TAMS 0x0000000088e00000, 0x0000000088e00000| Untracked 
|  75|0x0000000088f00000, 0x0000000088f00000, 0x0000000089000000|  0%| F|  |TAMS 0x0000000088f00000, 0x0000000088f00000| Untracked 
|  76|0x0000000089000000, 0x0000000089000000, 0x0000000089100000|  0%| F|  |TAMS 0x0000000089000000, 0x0000000089000000| Untracked 
|  77|0x0000000089100000, 0x00000000891ee6c0, 0x0000000089200000| 93%| E|  |TAMS 0x0000000089100000, 0x0000000089100000| Complete 
|  78|0x0000000089200000, 0x0000000089300000, 0x0000000089300000|100%| E|CS|TAMS 0x0000000089200000, 0x0000000089200000| Complete 
|  79|0x0000000089300000, 0x0000000089400000, 0x0000000089400000|100%| E|CS|TAMS 0x0000000089300000, 0x0000000089300000| Complete 
|  80|0x0000000089400000, 0x0000000089500000, 0x0000000089500000|100%| E|CS|TAMS 0x0000000089400000, 0x0000000089400000| Complete 
|  81|0x0000000089500000, 0x0000000089600000, 0x0000000089600000|100%| E|CS|TAMS 0x0000000089500000, 0x0000000089500000| Complete 
|  82|0x0000000089600000, 0x0000000089700000, 0x0000000089700000|100%| E|CS|TAMS 0x0000000089600000, 0x0000000089600000| Complete 
|  83|0x0000000089700000, 0x0000000089800000, 0x0000000089800000|100%| E|CS|TAMS 0x0000000089700000, 0x0000000089700000| Complete 
|  84|0x0000000089800000, 0x0000000089900000, 0x0000000089900000|100%| E|CS|TAMS 0x0000000089800000, 0x0000000089800000| Complete 
|  85|0x0000000089900000, 0x0000000089a00000, 0x0000000089a00000|100%| E|CS|TAMS 0x0000000089900000, 0x0000000089900000| Complete 
|  86|0x0000000089a00000, 0x0000000089b00000, 0x0000000089b00000|100%| E|CS|TAMS 0x0000000089a00000, 0x0000000089a00000| Complete 
|  87|0x0000000089b00000, 0x0000000089c00000, 0x0000000089c00000|100%| E|CS|TAMS 0x0000000089b00000, 0x0000000089b00000| Complete 
|  88|0x0000000089c00000, 0x0000000089d00000, 0x0000000089d00000|100%| E|CS|TAMS 0x0000000089c00000, 0x0000000089c00000| Complete 
|  89|0x0000000089d00000, 0x0000000089e00000, 0x0000000089e00000|100%| E|CS|TAMS 0x0000000089d00000, 0x0000000089d00000| Complete 
|  90|0x0000000089e00000, 0x0000000089f00000, 0x0000000089f00000|100%| E|  |TAMS 0x0000000089e00000, 0x0000000089e00000| Complete 
|  91|0x0000000089f00000, 0x000000008a000000, 0x000000008a000000|100%| E|CS|TAMS 0x0000000089f00000, 0x0000000089f00000| Complete 
|  92|0x000000008a000000, 0x000000008a100000, 0x000000008a100000|100%| E|CS|TAMS 0x000000008a000000, 0x000000008a000000| Complete 
|  93|0x000000008a100000, 0x000000008a200000, 0x000000008a200000|100%| E|CS|TAMS 0x000000008a100000, 0x000000008a100000| Complete 
|  94|0x000000008a200000, 0x000000008a300000, 0x000000008a300000|100%| E|CS|TAMS 0x000000008a200000, 0x000000008a200000| Complete 
|  95|0x000000008a300000, 0x000000008a400000, 0x000000008a400000|100%| E|CS|TAMS 0x000000008a300000, 0x000000008a300000| Complete 
|  96|0x000000008a400000, 0x000000008a500000, 0x000000008a500000|100%| E|CS|TAMS 0x000000008a400000, 0x000000008a400000| Complete 
|  97|0x000000008a500000, 0x000000008a600000, 0x000000008a600000|100%| E|CS|TAMS 0x000000008a500000, 0x000000008a500000| Complete 
|  98|0x000000008a600000, 0x000000008a700000, 0x000000008a700000|100%| E|CS|TAMS 0x000000008a600000, 0x000000008a600000| Complete 
|  99|0x000000008a700000, 0x000000008a800000, 0x000000008a800000|100%| E|CS|TAMS 0x000000008a700000, 0x000000008a700000| Complete 
| 100|0x000000008a800000, 0x000000008a900000, 0x000000008a900000|100%| E|CS|TAMS 0x000000008a800000, 0x000000008a800000| Complete 
| 101|0x000000008a900000, 0x000000008aa00000, 0x000000008aa00000|100%| E|CS|TAMS 0x000000008a900000, 0x000000008a900000| Complete 
| 102|0x000000008aa00000, 0x000000008ab00000, 0x000000008ab00000|100%| E|CS|TAMS 0x000000008aa00000, 0x000000008aa00000| Complete 
| 103|0x000000008ab00000, 0x000000008ac00000, 0x000000008ac00000|100%| E|CS|TAMS 0x000000008ab00000, 0x000000008ab00000| Complete 
| 104|0x000000008ac00000, 0x000000008ad00000, 0x000000008ad00000|100%| E|CS|TAMS 0x000000008ac00000, 0x000000008ac00000| Complete 
| 105|0x000000008ad00000, 0x000000008ae00000, 0x000000008ae00000|100%| E|CS|TAMS 0x000000008ad00000, 0x000000008ad00000| Complete 
| 106|0x000000008ae00000, 0x000000008aebd358, 0x000000008af00000| 73%| S|CS|TAMS 0x000000008ae00000, 0x000000008ae00000| Complete 
| 107|0x000000008af00000, 0x000000008b000000, 0x000000008b000000|100%| E|CS|TAMS 0x000000008af00000, 0x000000008af00000| Complete 
| 108|0x000000008b000000, 0x000000008b100000, 0x000000008b100000|100%| E|CS|TAMS 0x000000008b000000, 0x000000008b000000| Complete 
| 109|0x000000008b100000, 0x000000008b200000, 0x000000008b200000|100%| E|CS|TAMS 0x000000008b100000, 0x000000008b100000| Complete 
| 110|0x000000008b200000, 0x000000008b300000, 0x000000008b300000|100%| E|CS|TAMS 0x000000008b200000, 0x000000008b200000| Complete 
| 111|0x000000008b300000, 0x000000008b400000, 0x000000008b400000|100%| E|CS|TAMS 0x000000008b300000, 0x000000008b300000| Complete 
| 112|0x000000008b400000, 0x000000008b500000, 0x000000008b500000|100%| E|CS|TAMS 0x000000008b400000, 0x000000008b400000| Complete 
| 113|0x000000008b500000, 0x000000008b600000, 0x000000008b600000|100%| E|CS|TAMS 0x000000008b500000, 0x000000008b500000| Complete 
| 114|0x000000008b600000, 0x000000008b700000, 0x000000008b700000|100%| E|CS|TAMS 0x000000008b600000, 0x000000008b600000| Complete 
| 115|0x000000008b700000, 0x000000008b800000, 0x000000008b800000|100%| E|CS|TAMS 0x000000008b700000, 0x000000008b700000| Complete 
| 116|0x000000008b800000, 0x000000008b900000, 0x000000008b900000|100%| E|CS|TAMS 0x000000008b800000, 0x000000008b800000| Complete 
| 117|0x000000008b900000, 0x000000008ba00000, 0x000000008ba00000|100%| E|CS|TAMS 0x000000008b900000, 0x000000008b900000| Complete 
| 118|0x000000008ba00000, 0x000000008bb00000, 0x000000008bb00000|100%| E|CS|TAMS 0x000000008ba00000, 0x000000008ba00000| Complete 
| 119|0x000000008bb00000, 0x000000008bc00000, 0x000000008bc00000|100%| E|CS|TAMS 0x000000008bb00000, 0x000000008bb00000| Complete 
| 120|0x000000008bc00000, 0x000000008bd00000, 0x000000008bd00000|100%| E|CS|TAMS 0x000000008bc00000, 0x000000008bc00000| Complete 
| 121|0x000000008bd00000, 0x000000008be00000, 0x000000008be00000|100%| E|CS|TAMS 0x000000008bd00000, 0x000000008bd00000| Complete 
| 122|0x000000008be00000, 0x000000008bf00000, 0x000000008bf00000|100%| E|CS|TAMS 0x000000008be00000, 0x000000008be00000| Complete 
| 123|0x000000008bf00000, 0x000000008c000000, 0x000000008c000000|100%| E|CS|TAMS 0x000000008bf00000, 0x000000008bf00000| Complete 

Card table byte_map: [0x000001de4eec0000,0x000001de4f2a0000] _byte_map_base: 0x000001de4ea9e000

Marking Bits (Prev, Next): (CMBitMap*) 0x000001de37bdc0c0, (CMBitMap*) 0x000001de37bdc100
 Prev Bits: [0x000001de4f680000, 0x000001de51570000)
 Next Bits: [0x000001de51570000, 0x000001de53460000)

Polling page: 0x000001de37340000

Metaspace:

Usage:
  Non-class:     11.37 MB used.
      Class:      1.44 MB used.
       Both:     12.81 MB used.

Virtual space:
  Non-class space:       64.00 MB reserved,      11.50 MB ( 18%) committed,  1 nodes.
      Class space:        1.00 GB reserved,       1.56 MB ( <1%) committed,  1 nodes.
             Both:        1.06 GB reserved,      13.06 MB (  1%) committed. 

Chunk freelists:
   Non-Class:  3.47 MB
       Class:  2.47 MB
        Both:  5.94 MB

MaxMetaspaceSize: unlimited
CompressedClassSpaceSize: 1.00 GB
Initial GC threshold: 21.00 MB
Current GC threshold: 21.00 MB
CDS: on
MetaspaceReclaimPolicy: balanced
 - commit_granule_bytes: 65536.
 - commit_granule_words: 8192.
 - virtual_space_node_default_size: 8388608.
 - enlarge_chunks_in_place: 1.
 - new_chunks_are_fully_committed: 0.
 - uncommit_free_chunks: 1.
 - use_allocation_guard: 0.


Internal statistics:

num_allocs_failed_limit: 0.
num_arena_births: 232.
num_arena_deaths: 0.
num_vsnodes_births: 2.
num_vsnodes_deaths: 0.
num_space_committed: 209.
num_space_uncommitted: 0.
num_chunks_returned_to_freelist: 0.
num_chunks_taken_from_freelist: 662.
num_chunk_merges: 0.
num_chunk_splits: 478.
num_chunks_enlarged: 363.
num_inconsistent_stats: 0.

CodeHeap 'non-profiled nmethods': size=120000Kb used=928Kb max_used=928Kb free=119071Kb
 bounds [0x000001de475b0000, 0x000001de47820000, 0x000001de4eae0000]
CodeHeap 'profiled nmethods': size=120000Kb used=5486Kb max_used=5486Kb free=114514Kb
 bounds [0x000001de3fae0000, 0x000001de40040000, 0x000001de47010000]
CodeHeap 'non-nmethods': size=5760Kb used=1283Kb max_used=1308Kb free=4476Kb
 bounds [0x000001de47010000, 0x000001de47280000, 0x000001de475b0000]
 total_blobs=3232 nmethods=2756 adapters=386
 compilation: enabled
              stopped_count=0, restarted_count=0
 full_count=0

Compilation events (20 events):
Event: 1.377 Thread 0x000001de559342e0 nmethod 2732 0x000001de40026390 code [0x000001de40026560, 0x000001de400269f8]
Event: 1.377 Thread 0x000001de559342e0 2733  s    3       java.util.Vector::elementAt (48 bytes)
Event: 1.377 Thread 0x000001de559342e0 nmethod 2733 0x000001de40026b10 code [0x000001de40026d60, 0x000001de400275d8]
Event: 1.378 Thread 0x000001de559342e0 2737   !   3       java.util.concurrent.ConcurrentHashMap::tryPresize (193 bytes)
Event: 1.378 Thread 0x000001de559342e0 nmethod 2737 0x000001de40027990 code [0x000001de40027ba0, 0x000001de40028428]
Event: 1.378 Thread 0x000001de559342e0 2734       3       java.util.Vector::elementData (7 bytes)
Event: 1.378 Thread 0x000001de559342e0 nmethod 2734 0x000001de40028610 code [0x000001de400287a0, 0x000001de400288d8]
Event: 1.378 Thread 0x000001de559342e0 2735  s    3       java.util.Vector::removeElementAt (115 bytes)
Event: 1.379 Thread 0x000001de559342e0 nmethod 2735 0x000001de40028990 code [0x000001de40028c20, 0x000001de40029798]
Event: 1.379 Thread 0x000001de559342e0 2738       1       org.apache.maven.model.Contributor::setEmail (6 bytes)
Event: 1.379 Thread 0x000001de559342e0 nmethod 2738 0x000001de47695210 code [0x000001de476953a0, 0x000001de476954b8]
Event: 1.379 Thread 0x000001de559342e0 2739       3       org.apache.maven.model.validation.DefaultModelValidator::validateId (119 bytes)
Event: 1.380 Thread 0x000001de559342e0 nmethod 2739 0x000001de40029b90 code [0x000001de40029f00, 0x000001de4002b378]
Event: 1.380 Thread 0x000001de559342e0 2740       3       org.apache.maven.model.validation.DefaultModelValidator::validateNotNull (41 bytes)
Event: 1.381 Thread 0x000001de559342e0 nmethod 2740 0x000001de4002bc10 code [0x000001de4002be20, 0x000001de4002c3e8]
Event: 1.381 Thread 0x000001de559342e0 2742       3       java.lang.CharacterDataLatin1::digit (32 bytes)
Event: 1.381 Thread 0x000001de559342e0 nmethod 2742 0x000001de4002c690 code [0x000001de4002c840, 0x000001de4002ca98]
Event: 1.381 Thread 0x000001de559342e0 2741       1       org.eclipse.aether.artifact.DefaultArtifactType::getClassifier (5 bytes)
Event: 1.381 Thread 0x000001de559342e0 nmethod 2741 0x000001de47695510 code [0x000001de476956a0, 0x000001de47695758]
Event: 1.382 Thread 0x000001de559342e0 2743       3       org.codehaus.plexus.util.xml.pull.MXParser::parseStartTag (1195 bytes)

GC Heap History (4 events):
Event: 0.347 GC heap before
{Heap before GC invocations=0 (full 0):
 garbage-first heap   total 126976K, used 12288K [0x0000000084400000, 0x0000000100000000)
  region size 1024K, 13 young (13312K), 0 survivors (0K)
 Metaspace       used 3817K, committed 3968K, reserved 1114112K
  class space    used 394K, committed 448K, reserved 1048576K
}
Event: 0.351 GC heap after
{Heap after GC invocations=1 (full 0):
 garbage-first heap   total 126976K, used 3104K [0x0000000084400000, 0x0000000100000000)
  region size 1024K, 2 young (2048K), 2 survivors (2048K)
 Metaspace       used 3817K, committed 3968K, reserved 1114112K
  class space    used 394K, committed 448K, reserved 1048576K
}
Event: 0.572 GC heap before
{Heap before GC invocations=1 (full 0):
 garbage-first heap   total 126976K, used 18464K [0x0000000084400000, 0x0000000100000000)
  region size 1024K, 17 young (17408K), 2 survivors (2048K)
 Metaspace       used 5701K, committed 5888K, reserved 1114112K
  class space    used 642K, committed 704K, reserved 1048576K
}
Event: 0.577 GC heap after
{Heap after GC invocations=2 (full 0):
 garbage-first heap   total 126976K, used 3930K [0x0000000084400000, 0x0000000100000000)
  region size 1024K, 1 young (1024K), 1 survivors (1024K)
 Metaspace       used 5701K, committed 5888K, reserved 1114112K
  class space    used 642K, committed 704K, reserved 1048576K
}

Dll operation events (8 events):
Event: 0.007 Loaded shared library C:\Program Files\Java\jdk-19\bin\java.dll
Event: 0.017 Loaded shared library C:\Program Files\Java\jdk-19\bin\jsvml.dll
Event: 0.046 Loaded shared library C:\Program Files\Java\jdk-19\bin\net.dll
Event: 0.047 Loaded shared library C:\Program Files\Java\jdk-19\bin\nio.dll
Event: 0.049 Loaded shared library C:\Program Files\Java\jdk-19\bin\zip.dll
Event: 0.117 Loaded shared library C:\Program Files\Java\jdk-19\bin\jimage.dll
Event: 0.123 Loaded shared library C:\Users\ducan\Desktop\NetBeans-16\netbeans\java\maven\lib\jansi-native\Windows\x86_64\jansi.dll
Event: 0.130 Loaded shared library C:\Program Files\Java\jdk-19\bin\verify.dll

Deoptimization events (20 events):
Event: 1.352 Thread 0x000001de37b7ddb0 DEOPT PACKING pc=0x000001de3ffe55ae sp=0x000000943b7fce80
Event: 1.352 Thread 0x000001de37b7ddb0 DEOPT UNPACKING pc=0x000001de4707b0e3 sp=0x000000943b7fc3c0 mode 0
Event: 1.363 Thread 0x000001de37b7ddb0 Uncommon trap: trap_request=0xffffff45 fr.pc=0x000001de4760a78c relative=0x00000000000002ec
Event: 1.363 Thread 0x000001de37b7ddb0 Uncommon trap: reason=unstable_if action=reinterpret pc=0x000001de4760a78c method=java.lang.String.decodeASCII([BI[CII)I @ 13 c2
Event: 1.363 Thread 0x000001de37b7ddb0 DEOPT PACKING pc=0x000001de4760a78c sp=0x000000943b7fce60
Event: 1.363 Thread 0x000001de37b7ddb0 DEOPT UNPACKING pc=0x000001de4707a5a3 sp=0x000000943b7fce10 mode 2
Event: 1.364 Thread 0x000001de37b7ddb0 Uncommon trap: trap_request=0xffffff45 fr.pc=0x000001de47619668 relative=0x00000000000003c8
Event: 1.364 Thread 0x000001de37b7ddb0 Uncommon trap: reason=unstable_if action=reinterpret pc=0x000001de47619668 method=java.lang.StringUTF16.compress([CII)[B @ 13 c2
Event: 1.364 Thread 0x000001de37b7ddb0 DEOPT PACKING pc=0x000001de47619668 sp=0x000000943b7fd3b0
Event: 1.364 Thread 0x000001de37b7ddb0 DEOPT UNPACKING pc=0x000001de4707a5a3 sp=0x000000943b7fd278 mode 2
Event: 1.366 Thread 0x000001de37b7ddb0 DEOPT PACKING pc=0x000001de3ffc9f66 sp=0x000000943b7fd270
Event: 1.366 Thread 0x000001de37b7ddb0 DEOPT UNPACKING pc=0x000001de4707b0e3 sp=0x000000943b7fc790 mode 0
Event: 1.367 Thread 0x000001de37b7ddb0 DEOPT PACKING pc=0x000001de3ffc9f66 sp=0x000000943b7fd060
Event: 1.367 Thread 0x000001de37b7ddb0 DEOPT UNPACKING pc=0x000001de4707b0e3 sp=0x000000943b7fc580 mode 0
Event: 1.378 Thread 0x000001de37b7ddb0 DEOPT PACKING pc=0x000001de3ffc9f66 sp=0x000000943b7fd160
Event: 1.378 Thread 0x000001de37b7ddb0 DEOPT UNPACKING pc=0x000001de4707b0e3 sp=0x000000943b7fc680 mode 0
Event: 1.381 Thread 0x000001de37b7ddb0 Uncommon trap: trap_request=0xffffff45 fr.pc=0x000001de4767dec8 relative=0x00000000000025e8
Event: 1.381 Thread 0x000001de37b7ddb0 Uncommon trap: reason=unstable_if action=reinterpret pc=0x000001de4767dec8 method=org.codehaus.plexus.util.xml.pull.MXParser.isS(C)Z @ 21 c2
Event: 1.381 Thread 0x000001de37b7ddb0 DEOPT PACKING pc=0x000001de4767dec8 sp=0x000000943b7fd4f0
Event: 1.381 Thread 0x000001de37b7ddb0 DEOPT UNPACKING pc=0x000001de4707a5a3 sp=0x000000943b7fd428 mode 2

Classes loaded (20 events):
Event: 1.165 Loading class java/lang/invoke/BoundMethodHandle$Species_LI
Event: 1.165 Loading class java/lang/invoke/BoundMethodHandle$Species_LI done
Event: 1.187 Loading class java/util/LinkedList$ListItr
Event: 1.187 Loading class java/util/LinkedList$ListItr done
Event: 1.203 Loading class java/util/Formatter$FixedString
Event: 1.203 Loading class java/util/Formatter$FixedString done
Event: 1.235 Loading class java/util/concurrent/locks/ReentrantReadWriteLock$NonfairSync
Event: 1.235 Loading class java/util/concurrent/locks/ReentrantReadWriteLock$Sync
Event: 1.235 Loading class java/util/concurrent/locks/ReentrantReadWriteLock$Sync done
Event: 1.235 Loading class java/util/concurrent/locks/ReentrantReadWriteLock$NonfairSync done
Event: 1.236 Loading class java/util/concurrent/locks/ReentrantReadWriteLock$Sync$ThreadLocalHoldCounter
Event: 1.236 Loading class java/util/concurrent/locks/ReentrantReadWriteLock$Sync$ThreadLocalHoldCounter done
Event: 1.236 Loading class java/util/concurrent/locks/ReentrantReadWriteLock$ReadLock
Event: 1.236 Loading class java/util/concurrent/locks/ReentrantReadWriteLock$ReadLock done
Event: 1.236 Loading class java/util/concurrent/locks/ReentrantReadWriteLock$WriteLock
Event: 1.236 Loading class java/util/concurrent/locks/ReentrantReadWriteLock$WriteLock done
Event: 1.289 Loading class sun/nio/cs/ISO_8859_1$Decoder
Event: 1.289 Loading class sun/nio/cs/ISO_8859_1$Decoder done
Event: 1.362 Loading class java/util/Collections$UnmodifiableList$1
Event: 1.362 Loading class java/util/Collections$UnmodifiableList$1 done

Classes unloaded (0 events):
No events

Classes redefined (0 events):
No events

Internal exceptions (20 events):
Event: 0.398 Thread 0x000001de37b7ddb0 Exception <a 'java/lang/NoClassDefFoundError'{0x000000008bd7e378}: javax/enterprise/inject/Typed> (0x000000008bd7e378) 
thrown [s\open\src\hotspot\share\classfile\systemDictionary.cpp, line 244]
Event: 0.931 Thread 0x000001de37b7ddb0 Exception <a 'java/lang/NoSuchMethodError'{0x000000008a9320b8}: 'void java.lang.invoke.DirectMethodHandle$Holder.invokeSpecial(java.lang.Object, java.lang.Object, java.lang.Object)'> (0x000000008a9320b8) 
thrown [s\open\src\hotspot\share\interpreter\linkResolver.cpp, line 774]
Event: 0.934 Thread 0x000001de37b7ddb0 Exception <a 'java/lang/NoSuchMethodError'{0x000000008a97ade0}: 'void java.lang.invoke.Invokers$Holder.invokeExact_MT(java.lang.Object, java.lang.Object, java.lang.Object, java.lang.Object)'> (0x000000008a97ade0) 
thrown [s\open\src\hotspot\share\interpreter\linkResolver.cpp, line 774]
Event: 0.946 Thread 0x000001de37b7ddb0 Exception <a 'java/lang/NoClassDefFoundError'{0x000000008a9fa360}: com/google/inject/servlet/ServletModuleTargetVisitor> (0x000000008a9fa360) 
thrown [s\open\src\hotspot\share\classfile\systemDictionary.cpp, line 244]
Event: 0.971 Thread 0x000001de37b7ddb0 Exception <a 'java/lang/NoSuchMethodError'{0x000000008a8dfe78}: 'java.lang.Object java.lang.invoke.DirectMethodHandle$Holder.invokeStatic(java.lang.Object, java.lang.Object, int)'> (0x000000008a8dfe78) 
thrown [s\open\src\hotspot\share\interpreter\linkResolver.cpp, line 774]
Event: 0.972 Thread 0x000001de37b7ddb0 Exception <a 'java/lang/NoSuchMethodError'{0x000000008a8ec288}: 'void java.lang.invoke.DelegatingMethodHandle$Holder.delegate(java.lang.Object, java.lang.Object, int, java.lang.Object)'> (0x000000008a8ec288) 
thrown [s\open\src\hotspot\share\interpreter\linkResolver.cpp, line 774]
Event: 0.973 Thread 0x000001de37b7ddb0 Exception <a 'java/lang/NoSuchMethodError'{0x000000008a8f10c0}: 'int java.lang.invoke.DirectMethodHandle$Holder.invokeSpecial(java.lang.Object, java.lang.Object, java.lang.Object)'> (0x000000008a8f10c0) 
thrown [s\open\src\hotspot\share\interpreter\linkResolver.cpp, line 774]
Event: 0.993 Thread 0x000001de37b7ddb0 Exception <a 'java/lang/NoSuchMethodError'{0x000000008a6371e0}: 'java.lang.Object java.lang.invoke.DirectMethodHandle$Holder.newInvokeSpecial(java.lang.Object, java.lang.Object, java.lang.Object, java.lang.Object, java.lang.Object, java.lang.Object, java.lang.Object)'> (0x000000008a6371e0) 
thrown [s\open\src\hotspot\share\interpreter\linkResolver.cpp, line 774]
Event: 1.000 Thread 0x000001de37b7ddb0 Exception <a 'java/lang/NoSuchMethodError'{0x000000008a674908}: 'java.lang.Object java.lang.invoke.DirectMethodHandle$Holder.newInvokeSpecial(java.lang.Object, java.lang.Object, java.lang.Object, java.lang.Object, java.lang.Object, java.lang.Object, java.lang.Object, java.lang.Object, java.lang.Object)'> (0x000000008a674908) 
thrown [s\open\src\hotspot\share\interpreter\linkResolver.cpp, line 774]
Event: 1.017 Thread 0x000001de37b7ddb0 Exception <a 'java/lang/NoSuchMethodError'{0x000000008a523bb8}: 'java.lang.Object java.lang.invoke.DirectMethodHandle$Holder.newInvokeSpecial(java.lang.Object, java.lang.Object, java.lang.Object, java.lang.Object, java.lang.Object, java.lang.Object, java.lang.Object, java.lang.Object, java.lang.Object, java.lang.Object, java.lang.Object, java.lang.Object)'> (0x000000008a523bb8) 
thrown [s\open\src\hotspot\share\interpreter\linkResolver.cpp, line 774]
Event: 1.022 Thread 0x000001de37b7ddb0 Exception <a 'java/lang/NoSuchMethodError'{0x000000008a56bab8}: 'java.lang.Object java.lang.invoke.DirectMethodHandle$Holder.invokeStatic(java.lang.Object, java.lang.Object, java.lang.Object, java.lang.Object, java.lang.Object, java.lang.Object, java.lang.Object, java.lang.Object, java.lang.Object, java.lang.Object, java.lang.Object, java.lang.Object, java.lang.Object)'> (0x000000008a56bab8) 
thrown [s\open\src\hotspot\share\interpreter\linkResolver.cpp, line 774]
Event: 1.024 Thread 0x000001de37b7ddb0 Exception <a 'java/lang/NoSuchMethodError'{0x000000008a58b558}: 'java.lang.Object java.lang.invoke.DirectMethodHandle$Holder.invokeStatic(java.lang.Object, java.lang.Object, java.lang.Object, java.lang.Object, java.lang.Object, java.lang.Object, java.lang.Object, java.lang.Object, java.lang.Object, java.lang.Object, java.lang.Object, java.lang.Object, java.lang.Object, java.lang.Object)'> (0x000000008a58b558) 
thrown [s\open\src\hotspot\share\interpreter\linkResolver.cpp, line 774]
Event: 1.026 Thread 0x000001de37b7ddb0 Exception <a 'java/lang/NoSuchMethodError'{0x000000008a5acc30}: 'java.lang.Object java.lang.invoke.DirectMethodHandle$Holder.invokeStatic(java.lang.Object, java.lang.Object, java.lang.Object, java.lang.Object, java.lang.Object, java.lang.Object, java.lang.Object, java.lang.Object, java.lang.Object, java.lang.Object, java.lang.Object, java.lang.Object, java.lang.Object, java.lang.Object, java.lang.Object)'> (0x000000008a5acc30) 
thrown [s\open\src\hotspot\share\interpreter\linkResolver.cpp, line 774]
Event: 1.047 Thread 0x000001de37b7ddb0 Exception <a 'java/lang/NoSuchMethodError'{0x000000008a424c88}: 'java.lang.Object java.lang.invoke.DirectMethodHandle$Holder.invokeStaticInit(java.lang.Object, int, int, int, int)'> (0x000000008a424c88) 
thrown [s\open\src\hotspot\share\interpreter\linkResolver.cpp, line 774]
Event: 1.164 Thread 0x000001de37b7ddb0 Exception <a 'java/lang/NoSuchMethodError'{0x0000000089f86c78}: 'void java.lang.invoke.DirectMethodHandle$Holder.invokeVirtual(java.lang.Object, java.lang.Object, int)'> (0x0000000089f86c78) 
thrown [s\open\src\hotspot\share\interpreter\linkResolver.cpp, line 774]
Event: 1.165 Thread 0x000001de37b7ddb0 Exception <a 'java/lang/NoSuchMethodError'{0x0000000089f8b090}: 'int java.lang.invoke.DirectMethodHandle$Holder.invokeSpecial(java.lang.Object, java.lang.Object, java.lang.Object, int)'> (0x0000000089f8b090) 
thrown [s\open\src\hotspot\share\interpreter\linkResolver.cpp, line 774]
Event: 1.166 Thread 0x000001de37b7ddb0 Exception <a 'java/lang/NoSuchMethodError'{0x0000000089f9b498}: 'java.lang.Object java.lang.invoke.DirectMethodHandle$Holder.invokeStatic(java.lang.Object, java.lang.Object, java.lang.Object, java.lang.Object, int)'> (0x0000000089f9b498) 
thrown [s\open\src\hotspot\share\interpreter\linkResolver.cpp, line 774]
Event: 1.167 Thread 0x000001de37b7ddb0 Exception <a 'java/lang/NoSuchMethodError'{0x0000000089fa6f78}: 'void java.lang.invoke.DelegatingMethodHandle$Holder.reinvoke_L(java.lang.Object, java.lang.Object, int)'> (0x0000000089fa6f78) 
thrown [s\open\src\hotspot\share\interpreter\linkResolver.cpp, line 774]
Event: 1.201 Thread 0x000001de37b7ddb0 Implicit null exception at 0x000001de4763a79e to 0x000001de4763a95c
Event: 1.247 Thread 0x000001de37b7ddb0 Implicit null exception at 0x000001de476394ea to 0x000001de476396a0

VM Operations (20 events):
Event: 0.918 Executing VM operation: ICBufferFull
Event: 0.918 Executing VM operation: ICBufferFull done
Event: 0.930 Executing VM operation: HandshakeAllThreads
Event: 0.930 Executing VM operation: HandshakeAllThreads done
Event: 0.971 Executing VM operation: HandshakeAllThreads
Event: 0.971 Executing VM operation: HandshakeAllThreads done
Event: 1.035 Executing VM operation: HandshakeAllThreads
Event: 1.035 Executing VM operation: HandshakeAllThreads done
Event: 1.063 Executing VM operation: HandshakeAllThreads
Event: 1.063 Executing VM operation: HandshakeAllThreads done
Event: 1.093 Executing VM operation: HandshakeAllThreads
Event: 1.093 Executing VM operation: HandshakeAllThreads done
Event: 1.122 Executing VM operation: HandshakeAllThreads
Event: 1.122 Executing VM operation: HandshakeAllThreads done
Event: 1.162 Executing VM operation: ICBufferFull
Event: 1.162 Executing VM operation: ICBufferFull done
Event: 1.236 Executing VM operation: HandshakeAllThreads
Event: 1.236 Executing VM operation: HandshakeAllThreads done
Event: 1.236 Executing VM operation: HandshakeAllThreads
Event: 1.236 Executing VM operation: HandshakeAllThreads done

Events (12 events):
Event: 0.017 Thread 0x000001de37b7ddb0 Thread added: 0x000001de37b7ddb0
Event: 0.028 Thread 0x000001de559259f0 Thread added: 0x000001de559259f0
Event: 0.028 Thread 0x000001de559284d0 Thread added: 0x000001de559284d0
Event: 0.028 Thread 0x000001de55929ee0 Thread added: 0x000001de55929ee0
Event: 0.028 Thread 0x000001de5592a810 Thread added: 0x000001de5592a810
Event: 0.028 Thread 0x000001de5592b3c0 Thread added: 0x000001de5592b3c0
Event: 0.028 Thread 0x000001de5592c030 Thread added: 0x000001de5592c030
Event: 0.028 Thread 0x000001de5592f620 Thread added: 0x000001de5592f620
Event: 0.028 Thread 0x000001de559342e0 Thread added: 0x000001de559342e0
Event: 0.029 Thread 0x000001de5594f1b0 Thread added: 0x000001de5594f1b0
Event: 0.042 Thread 0x000001de59cfa710 Thread added: 0x000001de59cfa710
Event: 0.044 Thread 0x000001de59cff120 Thread added: 0x000001de59cff120


Dynamic libraries:
0x00007ff6ff1b0000 - 0x00007ff6ff1c0000 	C:\Program Files\Java\jdk-19\bin\java.exe
0x00007ff9128d0000 - 0x00007ff912ae4000 	C:\WINDOWS\SYSTEM32\ntdll.dll
0x00007ff910910000 - 0x00007ff9109d4000 	C:\WINDOWS\System32\KERNEL32.DLL
0x00007ff910170000 - 0x00007ff910514000 	C:\WINDOWS\System32\KERNELBASE.dll
0x00007ff90fcb0000 - 0x00007ff90fdc1000 	C:\WINDOWS\System32\ucrtbase.dll
0x00007ff8fa6a0000 - 0x00007ff8fa6b8000 	C:\Program Files\Java\jdk-19\bin\jli.dll
0x00007ff911f60000 - 0x00007ff912010000 	C:\WINDOWS\System32\ADVAPI32.dll
0x00007ff911eb0000 - 0x00007ff911f57000 	C:\WINDOWS\System32\msvcrt.dll
0x00007ff911e00000 - 0x00007ff911ea6000 	C:\WINDOWS\System32\sechost.dll
0x00007ff900620000 - 0x00007ff90063b000 	C:\Program Files\Java\jdk-19\bin\VCRUNTIME140.dll
0x00007ff912010000 - 0x00007ff912127000 	C:\WINDOWS\System32\RPCRT4.dll
0x00007ff910e50000 - 0x00007ff910ffa000 	C:\WINDOWS\System32\USER32.dll
0x00007ff90ff30000 - 0x00007ff90ff56000 	C:\WINDOWS\System32\win32u.dll
0x00007ff910830000 - 0x00007ff910859000 	C:\WINDOWS\System32\GDI32.dll
0x00007ff90ff60000 - 0x00007ff910079000 	C:\WINDOWS\System32\gdi32full.dll
0x00007ff90fdd0000 - 0x00007ff90fe6a000 	C:\WINDOWS\System32\msvcp_win.dll
0x00007ff8ce8c0000 - 0x00007ff8ceb4f000 	C:\WINDOWS\WinSxS\amd64_microsoft.windows.common-controls_6595b64144ccf1df_6.0.22621.2070_none_2713e6537381f706\COMCTL32.dll
0x00007ff9025a0000 - 0x00007ff9025aa000 	C:\WINDOWS\SYSTEM32\VERSION.dll
0x00007ff912300000 - 0x00007ff912331000 	C:\WINDOWS\System32\IMM32.DLL
0x00007ff9050a0000 - 0x00007ff9050ac000 	C:\Program Files\Java\jdk-19\bin\vcruntime140_1.dll
0x00007ff8b54d0000 - 0x00007ff8b555e000 	C:\Program Files\Java\jdk-19\bin\msvcp140.dll
0x00007ff8a3bf0000 - 0x00007ff8a48b0000 	C:\Program Files\Java\jdk-19\bin\server\jvm.dll
0x00007ff9080a0000 - 0x00007ff9080d4000 	C:\WINDOWS\SYSTEM32\WINMM.dll
0x00007ff8ff5d0000 - 0x00007ff8ff5d9000 	C:\WINDOWS\SYSTEM32\WSOCK32.dll
0x00007ff9111d0000 - 0x00007ff911241000 	C:\WINDOWS\System32\WS2_32.dll
0x00007ff90ec60000 - 0x00007ff90ec78000 	C:\WINDOWS\SYSTEM32\kernel.appcore.dll
0x00007ff9032f0000 - 0x00007ff9032fa000 	C:\Program Files\Java\jdk-19\bin\jimage.dll
0x00007ff90d880000 - 0x00007ff90daae000 	C:\WINDOWS\SYSTEM32\DBGHELP.DLL
0x00007ff911a70000 - 0x00007ff911dfa000 	C:\WINDOWS\System32\combase.dll
0x00007ff910d70000 - 0x00007ff910e47000 	C:\WINDOWS\System32\OLEAUT32.dll
0x00007ff908060000 - 0x00007ff908092000 	C:\WINDOWS\SYSTEM32\dbgcore.DLL
0x00007ff9100f0000 - 0x00007ff91016a000 	C:\WINDOWS\System32\bcryptPrimitives.dll
0x00007ff8f4970000 - 0x00007ff8f4996000 	C:\Program Files\Java\jdk-19\bin\java.dll
0x00007ff8b6260000 - 0x00007ff8b6337000 	C:\Program Files\Java\jdk-19\bin\jsvml.dll
0x00007ff911250000 - 0x00007ff911a66000 	C:\WINDOWS\System32\SHELL32.dll
0x00007ff90dc30000 - 0x00007ff90e51a000 	C:\WINDOWS\SYSTEM32\windows.storage.dll
0x00007ff90daf0000 - 0x00007ff90dc2e000 	C:\WINDOWS\SYSTEM32\wintypes.dll
0x00007ff910b70000 - 0x00007ff910c63000 	C:\WINDOWS\System32\SHCORE.dll
0x00007ff910b00000 - 0x00007ff910b5e000 	C:\WINDOWS\System32\shlwapi.dll
0x00007ff90fbe0000 - 0x00007ff90fc06000 	C:\WINDOWS\SYSTEM32\profapi.dll
0x00007ff8f3120000 - 0x00007ff8f3133000 	C:\Program Files\Java\jdk-19\bin\net.dll
0x00007ff9055f0000 - 0x00007ff905727000 	C:\WINDOWS\SYSTEM32\WINHTTP.dll
0x00007ff90f130000 - 0x00007ff90f199000 	C:\WINDOWS\system32\mswsock.dll
0x00007ff8f00e0000 - 0x00007ff8f00f6000 	C:\Program Files\Java\jdk-19\bin\nio.dll
0x00007ff8eff10000 - 0x00007ff8eff28000 	C:\Program Files\Java\jdk-19\bin\zip.dll
0x0000000069ac0000 - 0x0000000069ae4000 	C:\Users\ducan\Desktop\NetBeans-16\netbeans\java\maven\lib\jansi-native\Windows\x86_64\jansi.dll
0x00007ff902b10000 - 0x00007ff902b20000 	C:\Program Files\Java\jdk-19\bin\verify.dll

dbghelp: loaded successfully - version: 4.0.5 - missing functions: none
symbol engine: initialized successfully - sym options: 0x614 - pdb path: .;C:\Program Files\Java\jdk-19\bin;C:\WINDOWS\SYSTEM32;C:\WINDOWS\WinSxS\amd64_microsoft.windows.common-controls_6595b64144ccf1df_6.0.22621.2070_none_2713e6537381f706;C:\Program Files\Java\jdk-19\bin\server;C:\Users\ducan\Desktop\NetBeans-16\netbeans\java\maven\lib\jansi-native\Windows\x86_64

VM Arguments:
jvm_args: -Dclassworlds.conf=C:\Users\ducan\Desktop\NetBeans-16\netbeans\java\maven\bin\m2.conf -Dmaven.home=C:\Users\ducan\Desktop\NetBeans-16\netbeans\java\maven -Dlibrary.jansi.path=C:\Users\ducan\Desktop\NetBeans-16\netbeans\java\maven\lib\jansi-native -Dmaven.multiModuleProjectDirectory=C:\Users\ducan\Desktop\TextMindMaven\TextMindMaven\TextMindMaven 
java_command: org.codehaus.plexus.classworlds.launcher.Launcher -Dexec.vmArgs=-agentlib:jdwp=transport=dt_socket,server=n,address=64019 -Dexec.args=${exec.vmArgs} -classpath %classpath ${exec.mainClass} ${exec.appArgs} -Dexec.executable=C:\Program Files\Java\jdk-19\bin\java.exe -Dexec.mainClass=com.TextMind.component.Delete_Friend -Dexec.classpathScope=runtime -Djpda.listen=true -Dexec.appArgs= -Djpda.address=64019 -Dmaven.ext.class.path=C:\Users\ducan\Desktop\NetBeans-16\netbeans\java\maven-nblib\netbeans-eventspy.jar org.codehaus.mojo:exec-maven-plugin:3.0.0:exec
java_class_path (initial): C:\Users\ducan\Desktop\NetBeans-16\netbeans\java\maven\boot\plexus-classworlds-2.6.0.jar
Launcher Type: SUN_STANDARD

[Global flags]
     intx CICompilerCount                          = 3                                         {product} {ergonomic}
     uint ConcGCThreads                            = 1                                         {product} {ergonomic}
     uint G1ConcRefinementThreads                  = 4                                         {product} {ergonomic}
   size_t G1HeapRegionSize                         = 1048576                                   {product} {ergonomic}
    uintx GCDrainStackTargetSize                   = 64                                        {product} {ergonomic}
   size_t InitialHeapSize                          = 130023424                                 {product} {ergonomic}
   size_t MarkStackSize                            = 4194304                                   {product} {ergonomic}
   size_t MaxHeapSize                              = 2076180480                                {product} {ergonomic}
   size_t MaxNewSize                               = 1245708288                                {product} {ergonomic}
   size_t MinHeapDeltaBytes                        = 1048576                                   {product} {ergonomic}
   size_t MinHeapSize                              = 8388608                                   {product} {ergonomic}
    uintx NonNMethodCodeHeapSize                   = 5832780                                {pd product} {ergonomic}
    uintx NonProfiledCodeHeapSize                  = 122912730                              {pd product} {ergonomic}
    uintx ProfiledCodeHeapSize                     = 122912730                              {pd product} {ergonomic}
    uintx ReservedCodeCacheSize                    = 251658240                              {pd product} {ergonomic}
     bool SegmentedCodeCache                       = true                                      {product} {ergonomic}
   size_t SoftMaxHeapSize                          = 2076180480                             {manageable} {ergonomic}
     bool UseCompressedClassPointers               = true                           {product lp64_product} {ergonomic}
     bool UseCompressedOops                        = true                           {product lp64_product} {ergonomic}
     bool UseG1GC                                  = true                                      {product} {ergonomic}
     bool UseLargePagesIndividualAllocation        = false                                  {pd product} {ergonomic}

Logging:
Log output configuration:
 #0: stdout all=warning uptime,level,tags foldmultilines=false
 #1: stderr all=off uptime,level,tags foldmultilines=false

Environment Variables:
JAVA_HOME=C:\Program Files\Java\jdk-19
PATH=C:\Program Files (x86)\Microsoft SDKs\Azure\CLI2\wbin;C:\ProgramData\Oracle\Java\javapath;C:\Program Files\Common Files\Oracle\Java\javapath;C:\Program Files (x86)\Common Files\Oracle\Java\javapath;C:\WINDOWS\system32;C:\WINDOWS;C:\WINDOWS\System32\Wbem;C:\WINDOWS\System32\WindowsPowerShell\v1.0\;C:\WINDOWS\System32\OpenSSH\;C:\Program Files\Microsoft SQL Server\Client SDK\ODBC\170\Tools\Binn\;C:\Program Files (x86)\Microsoft SQL Server\150\Tools\Binn\;C:\Program Files\Microsoft SQL Server\150\Tools\Binn\;C:\Program Files\Microsoft SQL Server\150\DTS\Binn\;C:\Program Files\Azure Data Studio\bin;C:\Program Files (x86)\Microsoft SQL Server\160\DTS\Binn\;C:\Program Files\Git\cmd;C:\Program Files\dotnet\;C:\Program Files\Cloudflare\Cloudflare WARP\;C:\Users\ducan\AppData\Local\Microsoft\WindowsApps;C:\Program Files\Azure Data Studio\bin;C:\Users\ducan\AppData\Local\Programs\Microsoft VS Code\bin;C:\Users\ducan\AppData\Local\GitHubDesktop\bin;C:\Users\ducan\.dotnet\tools;C:\Users\ducan\AppData\Local\Programs\Azure Data Studio\bin
USERNAME=ducan
OS=Windows_NT
PROCESSOR_IDENTIFIER=Intel64 Family 6 Model 140 Stepping 1, GenuineIntel
TMP=C:\Users\ducan\AppData\Local\Temp
TEMP=C:\Users\ducan\AppData\Local\Temp



---------------  S Y S T E M  ---------------

OS:
 Windows 11 , 64 bit Build 22621 (10.0.22621.2070)
OS uptime: 3 days 0:18 hours
Hyper-V role detected

CPU: total 4 (initial active 4) (2 cores per cpu, 2 threads per core) family 6 model 140 stepping 1 microcode 0xa4, cx8, cmov, fxsr, ht, mmx, 3dnowpref, sse, sse2, sse3, ssse3, sse4.1, sse4.2, popcnt, lzcnt, tsc, tscinvbit, avx, avx2, aes, erms, clmul, bmi1, bmi2, adx, avx512f, avx512dq, avx512cd, avx512bw, avx512vl, sha, fma, vzeroupper, avx512_vpopcntdq, avx512_vpclmulqdq, avx512_vaes, avx512_vnni, clflush, clflushopt, clwb, avx512_vbmi2, avx512_vbmi, hv, rdtscp, rdpid, fsrm, gfni, avx512_bitalg

Memory: 4k page, system-wide physical 7918M (346M free)
TotalPageFile size 15341M (AvailPageFile size 5M)
current process WorkingSet (physical memory assigned to process): 118M, peak: 118M
current process commit charge ("private bytes"): 228M, peak: 229M

vm_info: Java HotSpot(TM) 64-Bit Server VM (19.0.1+10-21) for windows-amd64 JRE (19.0.1+10-21), built on 2022-09-14T12:45:06Z by "mach5one" with MS VC++ 17.1 (VS2022)

END.
