#
# There is insufficient memory for the Java Runtime Environment to continue.
# Native memory allocation (malloc) failed to allocate 632496 bytes for Chunk::new
# Possible reasons:
#   The system is out of physical RAM or swap space
#   The process is running with CompressedOops enabled, and the Java Heap may be blocking the growth of the native heap
# Possible solutions:
#   Reduce memory load on the system
#   Increase physical memory or swap space
#   Check if swap backing store is full
#   Decrease Java heap size (-Xmx/-Xms)
#   Decrease number of Java threads
#   Decrease Java thread stack sizes (-Xss)
#   Set larger code cache with -XX:ReservedCodeCacheSize=
#   JVM is running with Unscaled Compressed Oops mode in which the Java heap is
#     placed in the first 4GB address space. The Java Heap base address is the
#     maximum limit for the native heap growth. Please use -XX:HeapBaseMinAddress
#     to set the Java Heap base and to place the Java Heap above 4GB virtual address.
# This output file may be truncated or incomplete.
#
#  Out of Memory Error (arena.cpp:184), pid=12596, tid=15540
#
# JRE version: Java(TM) SE Runtime Environment (19.0.1+10) (build 19.0.1+10-21)
# Java VM: Java HotSpot(TM) 64-Bit Server VM (19.0.1+10-21, mixed mode, sharing, tiered, compressed oops, compressed class ptrs, g1 gc, windows-amd64)
# No core dump will be written. Minidumps are not enabled by default on client versions of Windows
#

---------------  S U M M A R Y ------------

Command Line: -Dclassworlds.conf=C:\Users\ducan\Desktop\NetBeans-16\netbeans\java\maven\bin\m2.conf -Dmaven.home=C:\Users\ducan\Desktop\NetBeans-16\netbeans\java\maven -Dlibrary.jansi.path=C:\Users\ducan\Desktop\NetBeans-16\netbeans\java\maven\lib\jansi-native -Dmaven.multiModuleProjectDirectory=C:\Users\ducan\Desktop\TextMindMaven\TextMindMaven\TextMindMaven org.codehaus.plexus.classworlds.launcher.Launcher -Dexec.vmArgs= -Dexec.args=${exec.vmArgs} -classpath %classpath ${exec.mainClass} ${exec.appArgs} -Dexec.executable=C:\Program Files\Java\jdk-19\bin\java.exe -Dexec.mainClass=com.TextMind.component.Delete_Friend -Dexec.classpathScope=runtime -Dexec.appArgs= -Dmaven.ext.class.path=C:\Users\ducan\Desktop\NetBeans-16\netbeans\java\maven-nblib\netbeans-eventspy.jar org.codehaus.mojo:exec-maven-plugin:3.0.0:exec

Host: 11th Gen Intel(R) Core(TM) i3-1115G4 @ 3.00GHz, 4 cores, 7G,  Windows 11 , 64 bit Build 22621 (10.0.22621.2070)
Time: Thu Aug 17 22:34:16 2023 SE Asia Standard Time elapsed time: 0.775984 seconds (0d 0h 0m 0s)

---------------  T H R E A D  ---------------

Current thread (0x000001d17bc3f9a0):  JavaThread "C2 CompilerThread0" daemon [_thread_in_native, id=15540, stack(0x0000002c72100000,0x0000002c72200000)]


Current CompileTask:
C2:    776 1426       4       jdk.internal.loader.URLClassPath::getResource (74 bytes)

Stack: [0x0000002c72100000,0x0000002c72200000]
Native frames: (J=compiled Java code, j=interpreted, Vv=VM code, C=native code)
V  [jvm.dll+0x6ee8fa]
V  [jvm.dll+0x857a1e]
V  [jvm.dll+0x85940e]
V  [jvm.dll+0x859ac3]
V  [jvm.dll+0x28291f]
V  [jvm.dll+0xc9b5f]
V  [jvm.dll+0xc9ee5]
V  [jvm.dll+0x3bcb72]
V  [jvm.dll+0x386201]
V  [jvm.dll+0x38567a]
V  [jvm.dll+0x24c2c9]
V  [jvm.dll+0x24b671]
V  [jvm.dll+0x1d6d61]
V  [jvm.dll+0x25b0fa]
V  [jvm.dll+0x259588]
V  [jvm.dll+0x807928]
V  [jvm.dll+0x8015fa]
V  [jvm.dll+0x6ed5eb]
C  [ucrtbase.dll+0x29363]
C  [KERNEL32.DLL+0x126ad]
C  [ntdll.dll+0x5aa68]


---------------  P R O C E S S  ---------------

Threads class SMR info:
_java_thread_list=0x000001d113b10c90, length=13, elements={
0x000001d16aedeaf0, 0x000001d17bc2ff70, 0x000001d17bc308a0, 0x000001d17bc35470,
0x000001d17bc35da0, 0x000001d17bc366d0, 0x000001d17bc37c10, 0x000001d17bc3f9a0,
0x000001d113130090, 0x000001d113130610, 0x000001d11324b450, 0x000001d11324f6d0,
0x000001d113851450
}

Java Threads: ( => current thread )
  0x000001d16aedeaf0 JavaThread "main" [_thread_in_vm, id=12640, stack(0x0000002c71400000,0x0000002c71500000)]
  0x000001d17bc2ff70 JavaThread "Reference Handler" daemon [_thread_blocked, id=6348, stack(0x0000002c71b00000,0x0000002c71c00000)]
  0x000001d17bc308a0 JavaThread "Finalizer" daemon [_thread_blocked, id=2480, stack(0x0000002c71c00000,0x0000002c71d00000)]
  0x000001d17bc35470 JavaThread "Signal Dispatcher" daemon [_thread_blocked, id=7220, stack(0x0000002c71d00000,0x0000002c71e00000)]
  0x000001d17bc35da0 JavaThread "Attach Listener" daemon [_thread_blocked, id=12632, stack(0x0000002c71e00000,0x0000002c71f00000)]
  0x000001d17bc366d0 JavaThread "Service Thread" daemon [_thread_blocked, id=12212, stack(0x0000002c71f00000,0x0000002c72000000)]
  0x000001d17bc37c10 JavaThread "Monitor Deflation Thread" daemon [_thread_blocked, id=12460, stack(0x0000002c72000000,0x0000002c72100000)]
=>0x000001d17bc3f9a0 JavaThread "C2 CompilerThread0" daemon [_thread_in_native, id=15540, stack(0x0000002c72100000,0x0000002c72200000)]
  0x000001d113130090 JavaThread "C1 CompilerThread0" daemon [_thread_in_native, id=10116, stack(0x0000002c72200000,0x0000002c72300000)]
  0x000001d113130610 JavaThread "Sweeper thread" daemon [_thread_blocked, id=11780, stack(0x0000002c72300000,0x0000002c72400000)]
  0x000001d11324b450 JavaThread "Notification Thread" daemon [_thread_blocked, id=14088, stack(0x0000002c72400000,0x0000002c72500000)]
  0x000001d11324f6d0 JavaThread "Common-Cleaner" daemon [_thread_blocked, id=1904, stack(0x0000002c72600000,0x0000002c72700000)]
  0x000001d113851450 JavaThread "C2 CompilerThread1" daemon [_thread_in_native, id=16048, stack(0x0000002c72a00000,0x0000002c72b00000)]

Other Threads:
  0x000001d17bc13320 VMThread "VM Thread" [stack: 0x0000002c71a00000,0x0000002c71b00000] [id=2036]
  0x000001d11324d7f0 WatcherThread "VM Periodic Task Thread" [stack: 0x0000002c72500000,0x0000002c72600000] [id=11232]
  0x000001d16af3d4b0 WorkerThread "GC Thread#0" [stack: 0x0000002c71500000,0x0000002c71600000] [id=8340]
  0x000001d113982040 WorkerThread "GC Thread#1" [stack: 0x0000002c72700000,0x0000002c72800000] [id=9168]
  0x000001d1137d15a0 WorkerThread "GC Thread#2" [stack: 0x0000002c72800000,0x0000002c72900000] [id=12296]
  0x000001d113842860 WorkerThread "GC Thread#3" [stack: 0x0000002c72900000,0x0000002c72a00000] [id=16284]
  0x000001d16af4dda0 ConcurrentGCThread "G1 Main Marker" [stack: 0x0000002c71600000,0x0000002c71700000] [id=7856]
  0x000001d16af4e6e0 WorkerThread "G1 Conc#0" [stack: 0x0000002c71700000,0x0000002c71800000] [id=2056]
  0x000001d17bac8460 ConcurrentGCThread "G1 Refine#0" [stack: 0x0000002c71800000,0x0000002c71900000] [id=2444]
  0x000001d17bac9c60 ConcurrentGCThread "G1 Service" [stack: 0x0000002c71900000,0x0000002c71a00000] [id=3456]

Threads with active compile tasks:
C2 CompilerThread0      788 1426       4       jdk.internal.loader.URLClassPath::getResource (74 bytes)
C1 CompilerThread0      788 1459   !   3       jdk.internal.reflect.DirectConstructorHandleAccessor::newInstance (148 bytes)
C2 CompilerThread1      788 1437   !   4       java.util.concurrent.ConcurrentHashMap::transfer (849 bytes)

VM state: not at safepoint (normal execution)

VM Mutex/Monitor currently owned by a thread: None

Heap address: 0x0000000084400000, size: 1980 MB, Compressed Oops mode: 32-bit

CDS archive(s) mapped at: [0x0000000800000000-0x0000000800c40000-0x0000000800c40000), size 12845056, SharedBaseAddress: 0x0000000800000000, ArchiveRelocationMode: 0.
Compressed class space mapped at: 0x0000000801000000-0x0000000841000000, reserved size: 1073741824
Narrow klass base: 0x0000000800000000, Narrow klass shift: 0, Narrow klass range: 0x100000000

GC Precious Log:
 CardTable entry size: 512
 Card Set container configuration: InlinePtr #cards 5 size 8 Array Of Cards #cards 12 size 40 Howl #buckets 4 coarsen threshold 1843 Howl Bitmap #cards 512 size 80 coarsen threshold 460 Card regions per heap region 1 cards per card region 2048
 CPUs: 4 total, 4 available
 Memory: 7918M
 Large Page Support: Disabled
 NUMA Support: Disabled
 Compressed Oops: Enabled (32-bit)
 Heap Region Size: 1M
 Heap Min Capacity: 8M
 Heap Initial Capacity: 124M
 Heap Max Capacity: 1980M
 Pre-touch: Disabled
 Parallel Workers: 4
 Concurrent Workers: 1
 Concurrent Refinement Workers: 4
 Periodic GC: Disabled

Heap:
 garbage-first heap   total 126976K, used 14191K [0x0000000084400000, 0x0000000100000000)
  region size 1024K, 13 young (13312K), 1 survivors (1024K)
 Metaspace       used 7523K, committed 7744K, reserved 1114112K
  class space    used 852K, committed 960K, reserved 1048576K

Heap Regions: E=young(eden), S=young(survivor), O=old, HS=humongous(starts), HC=humongous(continues), CS=collection set, F=free, OA=open archive, CA=closed archive, TAMS=top-at-mark-start (previous, next)
|   0|0x0000000084400000, 0x0000000084500000, 0x0000000084500000|100%| O|  |TAMS 0x0000000084400000, 0x0000000084400000| Untracked 
|   1|0x0000000084500000, 0x0000000084600000, 0x0000000084600000|100%| O|  |TAMS 0x0000000084500000, 0x0000000084500000| Untracked 
|   2|0x0000000084600000, 0x0000000084700000, 0x0000000084700000|100%| O|  |TAMS 0x0000000084600000, 0x0000000084600000| Untracked 
|   3|0x0000000084700000, 0x0000000084737200, 0x0000000084800000| 21%| O|  |TAMS 0x0000000084700000, 0x0000000084700000| Untracked 
|   4|0x0000000084800000, 0x0000000084800000, 0x0000000084900000|  0%| F|  |TAMS 0x0000000084800000, 0x0000000084800000| Untracked 
|   5|0x0000000084900000, 0x0000000084900000, 0x0000000084a00000|  0%| F|  |TAMS 0x0000000084900000, 0x0000000084900000| Untracked 
|   6|0x0000000084a00000, 0x0000000084a00000, 0x0000000084b00000|  0%| F|  |TAMS 0x0000000084a00000, 0x0000000084a00000| Untracked 
|   7|0x0000000084b00000, 0x0000000084b00000, 0x0000000084c00000|  0%| F|  |TAMS 0x0000000084b00000, 0x0000000084b00000| Untracked 
|   8|0x0000000084c00000, 0x0000000084c00000, 0x0000000084d00000|  0%| F|  |TAMS 0x0000000084c00000, 0x0000000084c00000| Untracked 
|   9|0x0000000084d00000, 0x0000000084d00000, 0x0000000084e00000|  0%| F|  |TAMS 0x0000000084d00000, 0x0000000084d00000| Untracked 
|  10|0x0000000084e00000, 0x0000000084e00000, 0x0000000084f00000|  0%| F|  |TAMS 0x0000000084e00000, 0x0000000084e00000| Untracked 
|  11|0x0000000084f00000, 0x0000000084f00000, 0x0000000085000000|  0%| F|  |TAMS 0x0000000084f00000, 0x0000000084f00000| Untracked 
|  12|0x0000000085000000, 0x0000000085000000, 0x0000000085100000|  0%| F|  |TAMS 0x0000000085000000, 0x0000000085000000| Untracked 
|  13|0x0000000085100000, 0x0000000085100000, 0x0000000085200000|  0%| F|  |TAMS 0x0000000085100000, 0x0000000085100000| Untracked 
|  14|0x0000000085200000, 0x0000000085200000, 0x0000000085300000|  0%| F|  |TAMS 0x0000000085200000, 0x0000000085200000| Untracked 
|  15|0x0000000085300000, 0x0000000085300000, 0x0000000085400000|  0%| F|  |TAMS 0x0000000085300000, 0x0000000085300000| Untracked 
|  16|0x0000000085400000, 0x0000000085400000, 0x0000000085500000|  0%| F|  |TAMS 0x0000000085400000, 0x0000000085400000| Untracked 
|  17|0x0000000085500000, 0x0000000085500000, 0x0000000085600000|  0%| F|  |TAMS 0x0000000085500000, 0x0000000085500000| Untracked 
|  18|0x0000000085600000, 0x0000000085600000, 0x0000000085700000|  0%| F|  |TAMS 0x0000000085600000, 0x0000000085600000| Untracked 
|  19|0x0000000085700000, 0x0000000085700000, 0x0000000085800000|  0%| F|  |TAMS 0x0000000085700000, 0x0000000085700000| Untracked 
|  20|0x0000000085800000, 0x0000000085800000, 0x0000000085900000|  0%| F|  |TAMS 0x0000000085800000, 0x0000000085800000| Untracked 
|  21|0x0000000085900000, 0x0000000085900000, 0x0000000085a00000|  0%| F|  |TAMS 0x0000000085900000, 0x0000000085900000| Untracked 
|  22|0x0000000085a00000, 0x0000000085a00000, 0x0000000085b00000|  0%| F|  |TAMS 0x0000000085a00000, 0x0000000085a00000| Untracked 
|  23|0x0000000085b00000, 0x0000000085b00000, 0x0000000085c00000|  0%| F|  |TAMS 0x0000000085b00000, 0x0000000085b00000| Untracked 
|  24|0x0000000085c00000, 0x0000000085c00000, 0x0000000085d00000|  0%| F|  |TAMS 0x0000000085c00000, 0x0000000085c00000| Untracked 
|  25|0x0000000085d00000, 0x0000000085d00000, 0x0000000085e00000|  0%| F|  |TAMS 0x0000000085d00000, 0x0000000085d00000| Untracked 
|  26|0x0000000085e00000, 0x0000000085e00000, 0x0000000085f00000|  0%| F|  |TAMS 0x0000000085e00000, 0x0000000085e00000| Untracked 
|  27|0x0000000085f00000, 0x0000000085f00000, 0x0000000086000000|  0%| F|  |TAMS 0x0000000085f00000, 0x0000000085f00000| Untracked 
|  28|0x0000000086000000, 0x0000000086000000, 0x0000000086100000|  0%| F|  |TAMS 0x0000000086000000, 0x0000000086000000| Untracked 
|  29|0x0000000086100000, 0x0000000086100000, 0x0000000086200000|  0%| F|  |TAMS 0x0000000086100000, 0x0000000086100000| Untracked 
|  30|0x0000000086200000, 0x0000000086200000, 0x0000000086300000|  0%| F|  |TAMS 0x0000000086200000, 0x0000000086200000| Untracked 
|  31|0x0000000086300000, 0x0000000086300000, 0x0000000086400000|  0%| F|  |TAMS 0x0000000086300000, 0x0000000086300000| Untracked 
|  32|0x0000000086400000, 0x0000000086400000, 0x0000000086500000|  0%| F|  |TAMS 0x0000000086400000, 0x0000000086400000| Untracked 
|  33|0x0000000086500000, 0x0000000086500000, 0x0000000086600000|  0%| F|  |TAMS 0x0000000086500000, 0x0000000086500000| Untracked 
|  34|0x0000000086600000, 0x0000000086600000, 0x0000000086700000|  0%| F|  |TAMS 0x0000000086600000, 0x0000000086600000| Untracked 
|  35|0x0000000086700000, 0x0000000086700000, 0x0000000086800000|  0%| F|  |TAMS 0x0000000086700000, 0x0000000086700000| Untracked 
|  36|0x0000000086800000, 0x0000000086800000, 0x0000000086900000|  0%| F|  |TAMS 0x0000000086800000, 0x0000000086800000| Untracked 
|  37|0x0000000086900000, 0x0000000086900000, 0x0000000086a00000|  0%| F|  |TAMS 0x0000000086900000, 0x0000000086900000| Untracked 
|  38|0x0000000086a00000, 0x0000000086a00000, 0x0000000086b00000|  0%| F|  |TAMS 0x0000000086a00000, 0x0000000086a00000| Untracked 
|  39|0x0000000086b00000, 0x0000000086b00000, 0x0000000086c00000|  0%| F|  |TAMS 0x0000000086b00000, 0x0000000086b00000| Untracked 
|  40|0x0000000086c00000, 0x0000000086c00000, 0x0000000086d00000|  0%| F|  |TAMS 0x0000000086c00000, 0x0000000086c00000| Untracked 
|  41|0x0000000086d00000, 0x0000000086d00000, 0x0000000086e00000|  0%| F|  |TAMS 0x0000000086d00000, 0x0000000086d00000| Untracked 
|  42|0x0000000086e00000, 0x0000000086e00000, 0x0000000086f00000|  0%| F|  |TAMS 0x0000000086e00000, 0x0000000086e00000| Untracked 
|  43|0x0000000086f00000, 0x0000000086f00000, 0x0000000087000000|  0%| F|  |TAMS 0x0000000086f00000, 0x0000000086f00000| Untracked 
|  44|0x0000000087000000, 0x0000000087000000, 0x0000000087100000|  0%| F|  |TAMS 0x0000000087000000, 0x0000000087000000| Untracked 
|  45|0x0000000087100000, 0x0000000087100000, 0x0000000087200000|  0%| F|  |TAMS 0x0000000087100000, 0x0000000087100000| Untracked 
|  46|0x0000000087200000, 0x0000000087200000, 0x0000000087300000|  0%| F|  |TAMS 0x0000000087200000, 0x0000000087200000| Untracked 
|  47|0x0000000087300000, 0x0000000087300000, 0x0000000087400000|  0%| F|  |TAMS 0x0000000087300000, 0x0000000087300000| Untracked 
|  48|0x0000000087400000, 0x0000000087400000, 0x0000000087500000|  0%| F|  |TAMS 0x0000000087400000, 0x0000000087400000| Untracked 
|  49|0x0000000087500000, 0x0000000087500000, 0x0000000087600000|  0%| F|  |TAMS 0x0000000087500000, 0x0000000087500000| Untracked 
|  50|0x0000000087600000, 0x0000000087600000, 0x0000000087700000|  0%| F|  |TAMS 0x0000000087600000, 0x0000000087600000| Untracked 
|  51|0x0000000087700000, 0x0000000087700000, 0x0000000087800000|  0%| F|  |TAMS 0x0000000087700000, 0x0000000087700000| Untracked 
|  52|0x0000000087800000, 0x0000000087800000, 0x0000000087900000|  0%| F|  |TAMS 0x0000000087800000, 0x0000000087800000| Untracked 
|  53|0x0000000087900000, 0x0000000087900000, 0x0000000087a00000|  0%| F|  |TAMS 0x0000000087900000, 0x0000000087900000| Untracked 
|  54|0x0000000087a00000, 0x0000000087a00000, 0x0000000087b00000|  0%| F|  |TAMS 0x0000000087a00000, 0x0000000087a00000| Untracked 
|  55|0x0000000087b00000, 0x0000000087b00000, 0x0000000087c00000|  0%| F|  |TAMS 0x0000000087b00000, 0x0000000087b00000| Untracked 
|  56|0x0000000087c00000, 0x0000000087c00000, 0x0000000087d00000|  0%| F|  |TAMS 0x0000000087c00000, 0x0000000087c00000| Untracked 
|  57|0x0000000087d00000, 0x0000000087d00000, 0x0000000087e00000|  0%| F|  |TAMS 0x0000000087d00000, 0x0000000087d00000| Untracked 
|  58|0x0000000087e00000, 0x0000000087e00000, 0x0000000087f00000|  0%| F|  |TAMS 0x0000000087e00000, 0x0000000087e00000| Untracked 
|  59|0x0000000087f00000, 0x0000000087f00000, 0x0000000088000000|  0%| F|  |TAMS 0x0000000087f00000, 0x0000000087f00000| Untracked 
|  60|0x0000000088000000, 0x0000000088000000, 0x0000000088100000|  0%| F|  |TAMS 0x0000000088000000, 0x0000000088000000| Untracked 
|  61|0x0000000088100000, 0x0000000088100000, 0x0000000088200000|  0%| F|  |TAMS 0x0000000088100000, 0x0000000088100000| Untracked 
|  62|0x0000000088200000, 0x0000000088200000, 0x0000000088300000|  0%| F|  |TAMS 0x0000000088200000, 0x0000000088200000| Untracked 
|  63|0x0000000088300000, 0x0000000088300000, 0x0000000088400000|  0%| F|  |TAMS 0x0000000088300000, 0x0000000088300000| Untracked 
|  64|0x0000000088400000, 0x0000000088400000, 0x0000000088500000|  0%| F|  |TAMS 0x0000000088400000, 0x0000000088400000| Untracked 
|  65|0x0000000088500000, 0x0000000088500000, 0x0000000088600000|  0%| F|  |TAMS 0x0000000088500000, 0x0000000088500000| Untracked 
|  66|0x0000000088600000, 0x0000000088600000, 0x0000000088700000|  0%| F|  |TAMS 0x0000000088600000, 0x0000000088600000| Untracked 
|  67|0x0000000088700000, 0x0000000088700000, 0x0000000088800000|  0%| F|  |TAMS 0x0000000088700000, 0x0000000088700000| Untracked 
|  68|0x0000000088800000, 0x0000000088800000, 0x0000000088900000|  0%| F|  |TAMS 0x0000000088800000, 0x0000000088800000| Untracked 
|  69|0x0000000088900000, 0x0000000088900000, 0x0000000088a00000|  0%| F|  |TAMS 0x0000000088900000, 0x0000000088900000| Untracked 
|  70|0x0000000088a00000, 0x0000000088a00000, 0x0000000088b00000|  0%| F|  |TAMS 0x0000000088a00000, 0x0000000088a00000| Untracked 
|  71|0x0000000088b00000, 0x0000000088b00000, 0x0000000088c00000|  0%| F|  |TAMS 0x0000000088b00000, 0x0000000088b00000| Untracked 
|  72|0x0000000088c00000, 0x0000000088c00000, 0x0000000088d00000|  0%| F|  |TAMS 0x0000000088c00000, 0x0000000088c00000| Untracked 
|  73|0x0000000088d00000, 0x0000000088d00000, 0x0000000088e00000|  0%| F|  |TAMS 0x0000000088d00000, 0x0000000088d00000| Untracked 
|  74|0x0000000088e00000, 0x0000000088e00000, 0x0000000088f00000|  0%| F|  |TAMS 0x0000000088e00000, 0x0000000088e00000| Untracked 
|  75|0x0000000088f00000, 0x0000000088f00000, 0x0000000089000000|  0%| F|  |TAMS 0x0000000088f00000, 0x0000000088f00000| Untracked 
|  76|0x0000000089000000, 0x0000000089000000, 0x0000000089100000|  0%| F|  |TAMS 0x0000000089000000, 0x0000000089000000| Untracked 
|  77|0x0000000089100000, 0x0000000089100000, 0x0000000089200000|  0%| F|  |TAMS 0x0000000089100000, 0x0000000089100000| Untracked 
|  78|0x0000000089200000, 0x0000000089200000, 0x0000000089300000|  0%| F|  |TAMS 0x0000000089200000, 0x0000000089200000| Untracked 
|  79|0x0000000089300000, 0x0000000089300000, 0x0000000089400000|  0%| F|  |TAMS 0x0000000089300000, 0x0000000089300000| Untracked 
|  80|0x0000000089400000, 0x0000000089400000, 0x0000000089500000|  0%| F|  |TAMS 0x0000000089400000, 0x0000000089400000| Untracked 
|  81|0x0000000089500000, 0x0000000089500000, 0x0000000089600000|  0%| F|  |TAMS 0x0000000089500000, 0x0000000089500000| Untracked 
|  82|0x0000000089600000, 0x0000000089600000, 0x0000000089700000|  0%| F|  |TAMS 0x0000000089600000, 0x0000000089600000| Untracked 
|  83|0x0000000089700000, 0x0000000089700000, 0x0000000089800000|  0%| F|  |TAMS 0x0000000089700000, 0x0000000089700000| Untracked 
|  84|0x0000000089800000, 0x0000000089800000, 0x0000000089900000|  0%| F|  |TAMS 0x0000000089800000, 0x0000000089800000| Untracked 
|  85|0x0000000089900000, 0x0000000089900000, 0x0000000089a00000|  0%| F|  |TAMS 0x0000000089900000, 0x0000000089900000| Untracked 
|  86|0x0000000089a00000, 0x0000000089a00000, 0x0000000089b00000|  0%| F|  |TAMS 0x0000000089a00000, 0x0000000089a00000| Untracked 
|  87|0x0000000089b00000, 0x0000000089b00000, 0x0000000089c00000|  0%| F|  |TAMS 0x0000000089b00000, 0x0000000089b00000| Untracked 
|  88|0x0000000089c00000, 0x0000000089c00000, 0x0000000089d00000|  0%| F|  |TAMS 0x0000000089c00000, 0x0000000089c00000| Untracked 
|  89|0x0000000089d00000, 0x0000000089d00000, 0x0000000089e00000|  0%| F|  |TAMS 0x0000000089d00000, 0x0000000089d00000| Untracked 
|  90|0x0000000089e00000, 0x0000000089e00000, 0x0000000089f00000|  0%| F|  |TAMS 0x0000000089e00000, 0x0000000089e00000| Untracked 
|  91|0x0000000089f00000, 0x0000000089f00000, 0x000000008a000000|  0%| F|  |TAMS 0x0000000089f00000, 0x0000000089f00000| Untracked 
|  92|0x000000008a000000, 0x000000008a000000, 0x000000008a100000|  0%| F|  |TAMS 0x000000008a000000, 0x000000008a000000| Untracked 
|  93|0x000000008a100000, 0x000000008a100000, 0x000000008a200000|  0%| F|  |TAMS 0x000000008a100000, 0x000000008a100000| Untracked 
|  94|0x000000008a200000, 0x000000008a200000, 0x000000008a300000|  0%| F|  |TAMS 0x000000008a200000, 0x000000008a200000| Untracked 
|  95|0x000000008a300000, 0x000000008a300000, 0x000000008a400000|  0%| F|  |TAMS 0x000000008a300000, 0x000000008a300000| Untracked 
|  96|0x000000008a400000, 0x000000008a400000, 0x000000008a500000|  0%| F|  |TAMS 0x000000008a400000, 0x000000008a400000| Untracked 
|  97|0x000000008a500000, 0x000000008a500000, 0x000000008a600000|  0%| F|  |TAMS 0x000000008a500000, 0x000000008a500000| Untracked 
|  98|0x000000008a600000, 0x000000008a600000, 0x000000008a700000|  0%| F|  |TAMS 0x000000008a600000, 0x000000008a600000| Untracked 
|  99|0x000000008a700000, 0x000000008a700000, 0x000000008a800000|  0%| F|  |TAMS 0x000000008a700000, 0x000000008a700000| Untracked 
| 100|0x000000008a800000, 0x000000008a800000, 0x000000008a900000|  0%| F|  |TAMS 0x000000008a800000, 0x000000008a800000| Untracked 
| 101|0x000000008a900000, 0x000000008a900000, 0x000000008aa00000|  0%| F|  |TAMS 0x000000008a900000, 0x000000008a900000| Untracked 
| 102|0x000000008aa00000, 0x000000008aa00000, 0x000000008ab00000|  0%| F|  |TAMS 0x000000008aa00000, 0x000000008aa00000| Untracked 
| 103|0x000000008ab00000, 0x000000008ab00000, 0x000000008ac00000|  0%| F|  |TAMS 0x000000008ab00000, 0x000000008ab00000| Untracked 
| 104|0x000000008ac00000, 0x000000008ac00000, 0x000000008ad00000|  0%| F|  |TAMS 0x000000008ac00000, 0x000000008ac00000| Untracked 
| 105|0x000000008ad00000, 0x000000008ad00000, 0x000000008ae00000|  0%| F|  |TAMS 0x000000008ad00000, 0x000000008ad00000| Untracked 
| 106|0x000000008ae00000, 0x000000008ae00000, 0x000000008af00000|  0%| F|  |TAMS 0x000000008ae00000, 0x000000008ae00000| Untracked 
| 107|0x000000008af00000, 0x000000008afa4b50, 0x000000008b000000| 64%| S|CS|TAMS 0x000000008af00000, 0x000000008af00000| Complete 
| 108|0x000000008b000000, 0x000000008b000000, 0x000000008b100000|  0%| F|  |TAMS 0x000000008b000000, 0x000000008b000000| Untracked 
| 109|0x000000008b100000, 0x000000008b100000, 0x000000008b200000|  0%| F|  |TAMS 0x000000008b100000, 0x000000008b100000| Untracked 
| 110|0x000000008b200000, 0x000000008b200000, 0x000000008b300000|  0%| F|  |TAMS 0x000000008b200000, 0x000000008b200000| Untracked 
| 111|0x000000008b300000, 0x000000008b300000, 0x000000008b400000|  0%| F|  |TAMS 0x000000008b300000, 0x000000008b300000| Untracked 
| 112|0x000000008b400000, 0x000000008b495fc0, 0x000000008b500000| 58%| E|  |TAMS 0x000000008b400000, 0x000000008b400000| Complete 
| 113|0x000000008b500000, 0x000000008b600000, 0x000000008b600000|100%| E|CS|TAMS 0x000000008b500000, 0x000000008b500000| Complete 
| 114|0x000000008b600000, 0x000000008b700000, 0x000000008b700000|100%| E|  |TAMS 0x000000008b600000, 0x000000008b600000| Complete 
| 115|0x000000008b700000, 0x000000008b800000, 0x000000008b800000|100%| E|CS|TAMS 0x000000008b700000, 0x000000008b700000| Complete 
| 116|0x000000008b800000, 0x000000008b900000, 0x000000008b900000|100%| E|CS|TAMS 0x000000008b800000, 0x000000008b800000| Complete 
| 117|0x000000008b900000, 0x000000008ba00000, 0x000000008ba00000|100%| E|CS|TAMS 0x000000008b900000, 0x000000008b900000| Complete 
| 118|0x000000008ba00000, 0x000000008bb00000, 0x000000008bb00000|100%| E|CS|TAMS 0x000000008ba00000, 0x000000008ba00000| Complete 
| 119|0x000000008bb00000, 0x000000008bc00000, 0x000000008bc00000|100%| E|CS|TAMS 0x000000008bb00000, 0x000000008bb00000| Complete 
| 120|0x000000008bc00000, 0x000000008bd00000, 0x000000008bd00000|100%| E|CS|TAMS 0x000000008bc00000, 0x000000008bc00000| Complete 
| 121|0x000000008bd00000, 0x000000008be00000, 0x000000008be00000|100%| E|CS|TAMS 0x000000008bd00000, 0x000000008bd00000| Complete 
| 122|0x000000008be00000, 0x000000008bf00000, 0x000000008bf00000|100%| E|CS|TAMS 0x000000008be00000, 0x000000008be00000| Complete 
| 123|0x000000008bf00000, 0x000000008c000000, 0x000000008c000000|100%| E|CS|TAMS 0x000000008bf00000, 0x000000008bf00000| Complete 

Card table byte_map: [0x000001d175020000,0x000001d175400000] _byte_map_base: 0x000001d174bfe000

Marking Bits (Prev, Next): (CMBitMap*) 0x000001d16af3d9f0, (CMBitMap*) 0x000001d16af3da30
 Prev Bits: [0x000001d1757e0000, 0x000001d1776d0000)
 Next Bits: [0x000001d1776d0000, 0x000001d1795c0000)

Polling page: 0x000001d16afa0000

Metaspace:

Usage:
  Non-class:      6.57 MB used.
      Class:    859.62 KB used.
       Both:      7.41 MB used.

Virtual space:
  Non-class space:       64.00 MB reserved,       6.69 MB ( 10%) committed,  1 nodes.
      Class space:        1.00 GB reserved,     960.00 KB ( <1%) committed,  1 nodes.
             Both:        1.06 GB reserved,       7.62 MB ( <1%) committed. 

Chunk freelists:
   Non-Class:  3.36 MB
       Class:  3.04 MB
        Both:  6.40 MB

MaxMetaspaceSize: unlimited
CompressedClassSpaceSize: 1.00 GB
Initial GC threshold: 21.00 MB
Current GC threshold: 21.00 MB
CDS: on
MetaspaceReclaimPolicy: balanced
 - commit_granule_bytes: 65536.
 - commit_granule_words: 8192.
 - virtual_space_node_default_size: 8388608.
 - enlarge_chunks_in_place: 1.
 - new_chunks_are_fully_committed: 0.
 - uncommit_free_chunks: 1.
 - use_allocation_guard: 0.


Internal statistics:

num_allocs_failed_limit: 0.
num_arena_births: 36.
num_arena_deaths: 0.
num_vsnodes_births: 2.
num_vsnodes_deaths: 0.
num_space_committed: 122.
num_space_uncommitted: 0.
num_chunks_returned_to_freelist: 0.
num_chunks_taken_from_freelist: 249.
num_chunk_merges: 0.
num_chunk_splits: 197.
num_chunks_enlarged: 174.
num_inconsistent_stats: 0.

CodeHeap 'non-profiled nmethods': size=120000Kb used=537Kb max_used=537Kb free=119462Kb
 bounds [0x000001d107ad0000, 0x000001d107d40000, 0x000001d10f000000]
CodeHeap 'profiled nmethods': size=120000Kb used=2807Kb max_used=2807Kb free=117192Kb
 bounds [0x000001d100000000, 0x000001d1002c0000, 0x000001d107530000]
CodeHeap 'non-nmethods': size=5760Kb used=1257Kb max_used=1293Kb free=4502Kb
 bounds [0x000001d107530000, 0x000001d1077a0000, 0x000001d107ad0000]
 total_blobs=1909 nmethods=1458 adapters=362
 compilation: enabled
              stopped_count=0, restarted_count=0
 full_count=0

Compilation events (20 events):
Event: 0.763 Thread 0x000001d113130090 1435       3       com.google.common.cache.LocalCache$Segment::getEntry (73 bytes)
Event: 0.763 Thread 0x000001d113851450 1437   !   4       java.util.concurrent.ConcurrentHashMap::transfer (849 bytes)
Event: 0.764 Thread 0x000001d113130090 nmethod 1435 0x000001d1002a5e10 code [0x000001d1002a6100, 0x000001d1002a72e8]
Event: 0.764 Thread 0x000001d113130090 1436       3       com.google.common.cache.LocalCache$Segment::getFirst (21 bytes)
Event: 0.764 Thread 0x000001d113130090 nmethod 1436 0x000001d1002a7910 code [0x000001d1002a7b80, 0x000001d1002a8818]
Event: 0.766 Thread 0x000001d113130090 1438       3       java.lang.Class::getInterfaces (49 bytes)
Event: 0.767 Thread 0x000001d113130090 nmethod 1438 0x000001d1002a8c10 code [0x000001d1002a8e00, 0x000001d1002a92f8]
Event: 0.767 Thread 0x000001d113130090 1439       3       java.lang.StrictMath::floorOrCeil (128 bytes)
Event: 0.767 Thread 0x000001d113130090 nmethod 1439 0x000001d1002a9490 code [0x000001d1002a9680, 0x000001d1002a9b38]
Event: 0.767 Thread 0x000001d113130090 1440       3       java.lang.Math::getExponent (17 bytes)
Event: 0.767 Thread 0x000001d113130090 nmethod 1440 0x000001d1002a9c10 code [0x000001d1002a9da0, 0x000001d1002a9ed8]
Event: 0.767 Thread 0x000001d113130090 1441       3       java.nio.ByteBuffer::limit (8 bytes)
Event: 0.767 Thread 0x000001d113130090 nmethod 1441 0x000001d1002a9f90 code [0x000001d1002aa140, 0x000001d1002aa288]
Event: 0.768 Thread 0x000001d113130090 1442       3       java.util.Arrays$ArrayList::iterator (12 bytes)
Event: 0.768 Thread 0x000001d113130090 nmethod 1442 0x000001d1002aa310 code [0x000001d1002aa4c0, 0x000001d1002aa738]
Event: 0.768 Thread 0x000001d113130090 1443       3       java.util.Arrays$ArrayItr::<init> (10 bytes)
Event: 0.768 Thread 0x000001d113130090 nmethod 1443 0x000001d1002aa810 code [0x000001d1002aa9c0, 0x000001d1002aab78]
Event: 0.772 Thread 0x000001d113130090 1445   !   3       sun.reflect.annotation.AnnotationParser::parseAnnotation2 (271 bytes)
Event: 0.773 Thread 0x000001d113130090 nmethod 1445 0x000001d1002aac10 code [0x000001d1002ab040, 0x000001d1002acd48]
Event: 0.773 Thread 0x000001d113130090 1447       3       com.google.common.cache.LocalCache$Segment::getLiveValue (61 bytes)

GC Heap History (4 events):
Event: 0.345 GC heap before
{Heap before GC invocations=0 (full 0):
 garbage-first heap   total 126976K, used 12288K [0x0000000084400000, 0x0000000100000000)
  region size 1024K, 13 young (13312K), 0 survivors (0K)
 Metaspace       used 3800K, committed 3968K, reserved 1114112K
  class space    used 395K, committed 448K, reserved 1048576K
}
Event: 0.351 GC heap after
{Heap after GC invocations=1 (full 0):
 garbage-first heap   total 126976K, used 3198K [0x0000000084400000, 0x0000000100000000)
  region size 1024K, 2 young (2048K), 2 survivors (2048K)
 Metaspace       used 3800K, committed 3968K, reserved 1114112K
  class space    used 395K, committed 448K, reserved 1048576K
}
Event: 0.574 GC heap before
{Heap before GC invocations=1 (full 0):
 garbage-first heap   total 126976K, used 17534K [0x0000000084400000, 0x0000000100000000)
  region size 1024K, 16 young (16384K), 2 survivors (2048K)
 Metaspace       used 5583K, committed 5760K, reserved 1114112K
  class space    used 622K, committed 704K, reserved 1048576K
}
Event: 0.577 GC heap after
{Heap after GC invocations=2 (full 0):
 garbage-first heap   total 126976K, used 3951K [0x0000000084400000, 0x0000000100000000)
  region size 1024K, 1 young (1024K), 1 survivors (1024K)
 Metaspace       used 5583K, committed 5760K, reserved 1114112K
  class space    used 622K, committed 704K, reserved 1048576K
}

Dll operation events (8 events):
Event: 0.006 Loaded shared library C:\Program Files\Java\jdk-19\bin\java.dll
Event: 0.028 Loaded shared library C:\Program Files\Java\jdk-19\bin\jsvml.dll
Event: 0.054 Loaded shared library C:\Program Files\Java\jdk-19\bin\net.dll
Event: 0.055 Loaded shared library C:\Program Files\Java\jdk-19\bin\nio.dll
Event: 0.057 Loaded shared library C:\Program Files\Java\jdk-19\bin\zip.dll
Event: 0.125 Loaded shared library C:\Program Files\Java\jdk-19\bin\jimage.dll
Event: 0.132 Loaded shared library C:\Users\ducan\Desktop\NetBeans-16\netbeans\java\maven\lib\jansi-native\Windows\x86_64\jansi.dll
Event: 0.138 Loaded shared library C:\Program Files\Java\jdk-19\bin\verify.dll

Deoptimization events (20 events):
Event: 0.563 Thread 0x000001d16aedeaf0 DEOPT PACKING pc=0x000001d107b37134 sp=0x0000002c714fdd10
Event: 0.563 Thread 0x000001d16aedeaf0 DEOPT UNPACKING pc=0x000001d10759a5a3 sp=0x0000002c714fdc98 mode 2
Event: 0.563 Thread 0x000001d16aedeaf0 Uncommon trap: trap_request=0xffffffde fr.pc=0x000001d107b37134 relative=0x0000000000000114
Event: 0.563 Thread 0x000001d16aedeaf0 Uncommon trap: reason=class_check action=maybe_recompile pc=0x000001d107b37134 method=jdk.internal.misc.Unsafe.allocateUninitializedArray(Ljava/lang/Class;I)Ljava/lang/Object; @ 51 c2
Event: 0.563 Thread 0x000001d16aedeaf0 DEOPT PACKING pc=0x000001d107b37134 sp=0x0000002c714fddb0
Event: 0.563 Thread 0x000001d16aedeaf0 DEOPT UNPACKING pc=0x000001d10759a5a3 sp=0x0000002c714fdd38 mode 2
Event: 0.563 Thread 0x000001d16aedeaf0 Uncommon trap: trap_request=0xffffffde fr.pc=0x000001d107b37134 relative=0x0000000000000114
Event: 0.563 Thread 0x000001d16aedeaf0 Uncommon trap: reason=class_check action=maybe_recompile pc=0x000001d107b37134 method=jdk.internal.misc.Unsafe.allocateUninitializedArray(Ljava/lang/Class;I)Ljava/lang/Object; @ 51 c2
Event: 0.563 Thread 0x000001d16aedeaf0 DEOPT PACKING pc=0x000001d107b37134 sp=0x0000002c714fdbe0
Event: 0.563 Thread 0x000001d16aedeaf0 DEOPT UNPACKING pc=0x000001d10759a5a3 sp=0x0000002c714fdb68 mode 2
Event: 0.614 Thread 0x000001d16aedeaf0 Uncommon trap: trap_request=0xffffff45 fr.pc=0x000001d107b42190 relative=0x0000000000000650
Event: 0.614 Thread 0x000001d16aedeaf0 Uncommon trap: reason=unstable_if action=reinterpret pc=0x000001d107b42190 method=java.lang.String.<init>([CIILjava/lang/Void;)V @ 5 c2
Event: 0.614 Thread 0x000001d16aedeaf0 DEOPT PACKING pc=0x000001d107b42190 sp=0x0000002c714fe0f0
Event: 0.614 Thread 0x000001d16aedeaf0 DEOPT UNPACKING pc=0x000001d10759a5a3 sp=0x0000002c714fdf88 mode 2
Event: 0.640 Thread 0x000001d16aedeaf0 Uncommon trap: trap_request=0xffffff45 fr.pc=0x000001d107b3abac relative=0x000000000000030c
Event: 0.640 Thread 0x000001d16aedeaf0 Uncommon trap: reason=unstable_if action=reinterpret pc=0x000001d107b3abac method=java.lang.String.<init>([CIILjava/lang/Void;)V @ 5 c2
Event: 0.640 Thread 0x000001d16aedeaf0 DEOPT PACKING pc=0x000001d107b3abac sp=0x0000002c714fdfc0
Event: 0.640 Thread 0x000001d16aedeaf0 DEOPT UNPACKING pc=0x000001d10759a5a3 sp=0x0000002c714fdf80 mode 2
Event: 0.653 Thread 0x000001d16aedeaf0 DEOPT PACKING pc=0x000001d10021aeb4 sp=0x0000002c714fe270
Event: 0.653 Thread 0x000001d16aedeaf0 DEOPT UNPACKING pc=0x000001d10759b0e3 sp=0x0000002c714fd6e0 mode 0

Classes loaded (20 events):
Event: 0.501 Loading class sun/reflect/generics/reflectiveObjects/LazyReflectiveObjectGenerator done
Event: 0.501 Loading class sun/reflect/generics/reflectiveObjects/TypeVariableImpl done
Event: 0.501 Loading class sun/reflect/generics/reflectiveObjects/ParameterizedTypeImpl
Event: 0.501 Loading class sun/reflect/generics/reflectiveObjects/ParameterizedTypeImpl done
Event: 0.501 Loading class sun/reflect/misc/ReflectUtil
Event: 0.501 Loading class sun/reflect/misc/ReflectUtil done
Event: 0.711 Loading class sun/reflect/generics/scope/ConstructorScope
Event: 0.711 Loading class sun/reflect/generics/scope/ConstructorScope done
Event: 0.711 Loading class sun/reflect/generics/repository/ConstructorRepository
Event: 0.711 Loading class sun/reflect/generics/repository/ConstructorRepository done
Event: 0.711 Loading class sun/reflect/generics/tree/VoidDescriptor
Event: 0.711 Loading class sun/reflect/generics/tree/VoidDescriptor done
Event: 0.711 Loading class sun/reflect/generics/tree/MethodTypeSignature
Event: 0.711 Loading class sun/reflect/generics/tree/MethodTypeSignature done
Event: 0.717 Loading class java/lang/Deprecated
Event: 0.717 Loading class java/lang/Deprecated done
Event: 0.753 Loading class java/util/EventObject
Event: 0.753 Loading class java/util/EventObject done
Event: 0.755 Loading class java/lang/NumberFormatException
Event: 0.756 Loading class java/lang/NumberFormatException done

Classes unloaded (0 events):
No events

Classes redefined (0 events):
No events

Internal exceptions (12 events):
Event: 0.116 Thread 0x000001d16aedeaf0 Exception <a 'java/lang/NoSuchMethodError'{0x000000008bc66728}: 'java.lang.Object java.lang.invoke.Invokers$Holder.invokeExact_MT(java.lang.Object, java.lang.Object, java.lang.Object, java.lang.Object, java.lang.Object)'> (0x000000008bc66728) 
thrown [s\open\src\hotspot\share\interpreter\linkResolver.cpp, line 774]
Event: 0.123 Thread 0x000001d16aedeaf0 Exception <a 'java/lang/NullPointerException'{0x000000008bcbc290}> (0x000000008bcbc290) 
thrown [s\open\src\hotspot\share\interpreter\linkResolver.cpp, line 1374]
Event: 0.133 Thread 0x000001d16aedeaf0 Exception <a 'java/lang/NullPointerException'{0x000000008bce9020}> (0x000000008bce9020) 
thrown [s\open\src\hotspot\share\interpreter\linkResolver.cpp, line 1374]
Event: 0.133 Thread 0x000001d16aedeaf0 Exception <a 'java/lang/NullPointerException'{0x000000008bce9300}> (0x000000008bce9300) 
thrown [s\open\src\hotspot\share\interpreter\linkResolver.cpp, line 1374]
Event: 0.133 Thread 0x000001d16aedeaf0 Exception <a 'java/lang/NullPointerException'{0x000000008bce95e0}> (0x000000008bce95e0) 
thrown [s\open\src\hotspot\share\interpreter\linkResolver.cpp, line 1374]
Event: 0.133 Thread 0x000001d16aedeaf0 Exception <a 'java/lang/NullPointerException'{0x000000008bcee450}> (0x000000008bcee450) 
thrown [s\open\src\hotspot\share\interpreter\linkResolver.cpp, line 1374]
Event: 0.134 Thread 0x000001d16aedeaf0 Exception <a 'java/lang/NullPointerException'{0x000000008bb02020}> (0x000000008bb02020) 
thrown [s\open\src\hotspot\share\interpreter\linkResolver.cpp, line 1374]
Event: 0.134 Thread 0x000001d16aedeaf0 Exception <a 'java/lang/NullPointerException'{0x000000008bb02300}> (0x000000008bb02300) 
thrown [s\open\src\hotspot\share\interpreter\linkResolver.cpp, line 1374]
Event: 0.134 Thread 0x000001d16aedeaf0 Exception <a 'java/lang/NullPointerException'{0x000000008bb025e0}> (0x000000008bb025e0) 
thrown [s\open\src\hotspot\share\interpreter\linkResolver.cpp, line 1374]
Event: 0.134 Thread 0x000001d16aedeaf0 Exception <a 'java/lang/NullPointerException'{0x000000008bb028c0}> (0x000000008bb028c0) 
thrown [s\open\src\hotspot\share\interpreter\linkResolver.cpp, line 1374]
Event: 0.379 Thread 0x000001d16aedeaf0 Exception <a 'java/lang/NoSuchMethodError'{0x000000008be2b7c0}: 'java.lang.Object java.lang.invoke.DirectMethodHandle$Holder.newInvokeSpecial(java.lang.Object, java.lang.Object, java.lang.Object, java.lang.Object, java.lang.Object)'> (0x000000008be2b7c0) 
thrown [s\open\src\hotspot\share\interpreter\linkResolver.cpp, line 774]
Event: 0.409 Thread 0x000001d16aedeaf0 Exception <a 'java/lang/NoClassDefFoundError'{0x000000008bd7c668}: javax/enterprise/inject/Typed> (0x000000008bd7c668) 
thrown [s\open\src\hotspot\share\classfile\systemDictionary.cpp, line 244]

VM Operations (16 events):
Event: 0.057 Executing VM operation: HandshakeAllThreads
Event: 0.057 Executing VM operation: HandshakeAllThreads done
Event: 0.122 Executing VM operation: HandshakeAllThreads
Event: 0.122 Executing VM operation: HandshakeAllThreads done
Event: 0.128 Executing VM operation: HandshakeAllThreads
Event: 0.128 Executing VM operation: HandshakeAllThreads done
Event: 0.194 Executing VM operation: HandshakeAllThreads
Event: 0.194 Executing VM operation: HandshakeAllThreads done
Event: 0.345 Executing VM operation: G1CollectForAllocation
Event: 0.351 Executing VM operation: G1CollectForAllocation done
Event: 0.574 Executing VM operation: G1CollectForAllocation
Event: 0.577 Executing VM operation: G1CollectForAllocation done
Event: 0.706 Executing VM operation: HandshakeAllThreads
Event: 0.706 Executing VM operation: HandshakeAllThreads done
Event: 0.760 Executing VM operation: HandshakeAllThreads
Event: 0.760 Executing VM operation: HandshakeAllThreads done

Events (13 events):
Event: 0.028 Thread 0x000001d16aedeaf0 Thread added: 0x000001d16aedeaf0
Event: 0.036 Thread 0x000001d17bc2ff70 Thread added: 0x000001d17bc2ff70
Event: 0.036 Thread 0x000001d17bc308a0 Thread added: 0x000001d17bc308a0
Event: 0.037 Thread 0x000001d17bc35470 Thread added: 0x000001d17bc35470
Event: 0.037 Thread 0x000001d17bc35da0 Thread added: 0x000001d17bc35da0
Event: 0.037 Thread 0x000001d17bc366d0 Thread added: 0x000001d17bc366d0
Event: 0.037 Thread 0x000001d17bc37c10 Thread added: 0x000001d17bc37c10
Event: 0.037 Thread 0x000001d17bc3f9a0 Thread added: 0x000001d17bc3f9a0
Event: 0.037 Thread 0x000001d113130090 Thread added: 0x000001d113130090
Event: 0.037 Thread 0x000001d113130610 Thread added: 0x000001d113130610
Event: 0.049 Thread 0x000001d11324b450 Thread added: 0x000001d11324b450
Event: 0.051 Thread 0x000001d11324f6d0 Thread added: 0x000001d11324f6d0
Event: 0.430 Thread 0x000001d113851450 Thread added: 0x000001d113851450


Dynamic libraries:
0x00007ff6ff1b0000 - 0x00007ff6ff1c0000 	C:\Program Files\Java\jdk-19\bin\java.exe
0x00007ff9128d0000 - 0x00007ff912ae4000 	C:\WINDOWS\SYSTEM32\ntdll.dll
0x00007ff910910000 - 0x00007ff9109d4000 	C:\WINDOWS\System32\KERNEL32.DLL
0x00007ff910170000 - 0x00007ff910514000 	C:\WINDOWS\System32\KERNELBASE.dll
0x00007ff90fcb0000 - 0x00007ff90fdc1000 	C:\WINDOWS\System32\ucrtbase.dll
0x00007ff8fa6a0000 - 0x00007ff8fa6b8000 	C:\Program Files\Java\jdk-19\bin\jli.dll
0x00007ff911f60000 - 0x00007ff912010000 	C:\WINDOWS\System32\ADVAPI32.dll
0x00007ff900620000 - 0x00007ff90063b000 	C:\Program Files\Java\jdk-19\bin\VCRUNTIME140.dll
0x00007ff911eb0000 - 0x00007ff911f57000 	C:\WINDOWS\System32\msvcrt.dll
0x00007ff911e00000 - 0x00007ff911ea6000 	C:\WINDOWS\System32\sechost.dll
0x00007ff912010000 - 0x00007ff912127000 	C:\WINDOWS\System32\RPCRT4.dll
0x00007ff910e50000 - 0x00007ff910ffa000 	C:\WINDOWS\System32\USER32.dll
0x00007ff90ff30000 - 0x00007ff90ff56000 	C:\WINDOWS\System32\win32u.dll
0x00007ff910830000 - 0x00007ff910859000 	C:\WINDOWS\System32\GDI32.dll
0x00007ff90ff60000 - 0x00007ff910079000 	C:\WINDOWS\System32\gdi32full.dll
0x00007ff8ce8c0000 - 0x00007ff8ceb4f000 	C:\WINDOWS\WinSxS\amd64_microsoft.windows.common-controls_6595b64144ccf1df_6.0.22621.2070_none_2713e6537381f706\COMCTL32.dll
0x00007ff90fdd0000 - 0x00007ff90fe6a000 	C:\WINDOWS\System32\msvcp_win.dll
0x00007ff9025a0000 - 0x00007ff9025aa000 	C:\WINDOWS\SYSTEM32\VERSION.dll
0x00007ff912300000 - 0x00007ff912331000 	C:\WINDOWS\System32\IMM32.DLL
0x00007ff9050a0000 - 0x00007ff9050ac000 	C:\Program Files\Java\jdk-19\bin\vcruntime140_1.dll
0x00007ff8b54d0000 - 0x00007ff8b555e000 	C:\Program Files\Java\jdk-19\bin\msvcp140.dll
0x00007ff8a3bf0000 - 0x00007ff8a48b0000 	C:\Program Files\Java\jdk-19\bin\server\jvm.dll
0x00007ff9080a0000 - 0x00007ff9080d4000 	C:\WINDOWS\SYSTEM32\WINMM.dll
0x00007ff8ff5d0000 - 0x00007ff8ff5d9000 	C:\WINDOWS\SYSTEM32\WSOCK32.dll
0x00007ff9111d0000 - 0x00007ff911241000 	C:\WINDOWS\System32\ws2_32.DLL
0x00007ff90ec60000 - 0x00007ff90ec78000 	C:\WINDOWS\SYSTEM32\kernel.appcore.dll
0x00007ff9032f0000 - 0x00007ff9032fa000 	C:\Program Files\Java\jdk-19\bin\jimage.dll
0x00007ff90d880000 - 0x00007ff90daae000 	C:\WINDOWS\SYSTEM32\DBGHELP.DLL
0x00007ff911a70000 - 0x00007ff911dfa000 	C:\WINDOWS\System32\combase.dll
0x00007ff910d70000 - 0x00007ff910e47000 	C:\WINDOWS\System32\OLEAUT32.dll
0x00007ff908060000 - 0x00007ff908092000 	C:\WINDOWS\SYSTEM32\dbgcore.DLL
0x00007ff9100f0000 - 0x00007ff91016a000 	C:\WINDOWS\System32\bcryptPrimitives.dll
0x00007ff8f4970000 - 0x00007ff8f4996000 	C:\Program Files\Java\jdk-19\bin\java.dll
0x00007ff8b6260000 - 0x00007ff8b6337000 	C:\Program Files\Java\jdk-19\bin\jsvml.dll
0x00007ff911250000 - 0x00007ff911a66000 	C:\WINDOWS\System32\SHELL32.dll
0x00007ff90dc30000 - 0x00007ff90e51a000 	C:\WINDOWS\SYSTEM32\windows.storage.dll
0x00007ff90daf0000 - 0x00007ff90dc2e000 	C:\WINDOWS\SYSTEM32\wintypes.dll
0x00007ff910b70000 - 0x00007ff910c63000 	C:\WINDOWS\System32\SHCORE.dll
0x00007ff910b00000 - 0x00007ff910b5e000 	C:\WINDOWS\System32\shlwapi.dll
0x00007ff90fbe0000 - 0x00007ff90fc06000 	C:\WINDOWS\SYSTEM32\profapi.dll
0x00007ff8f3120000 - 0x00007ff8f3133000 	C:\Program Files\Java\jdk-19\bin\net.dll
0x00007ff9055f0000 - 0x00007ff905727000 	C:\WINDOWS\SYSTEM32\WINHTTP.dll
0x00007ff90f130000 - 0x00007ff90f199000 	C:\WINDOWS\system32\mswsock.dll
0x00007ff8f00e0000 - 0x00007ff8f00f6000 	C:\Program Files\Java\jdk-19\bin\nio.dll
0x00007ff8eff10000 - 0x00007ff8eff28000 	C:\Program Files\Java\jdk-19\bin\zip.dll
0x0000000069ac0000 - 0x0000000069ae4000 	C:\Users\ducan\Desktop\NetBeans-16\netbeans\java\maven\lib\jansi-native\Windows\x86_64\jansi.dll
0x00007ff902b10000 - 0x00007ff902b20000 	C:\Program Files\Java\jdk-19\bin\verify.dll

dbghelp: loaded successfully - version: 4.0.5 - missing functions: none
symbol engine: initialized successfully - sym options: 0x614 - pdb path: .;C:\Program Files\Java\jdk-19\bin;C:\WINDOWS\SYSTEM32;C:\WINDOWS\WinSxS\amd64_microsoft.windows.common-controls_6595b64144ccf1df_6.0.22621.2070_none_2713e6537381f706;C:\Program Files\Java\jdk-19\bin\server;C:\Users\ducan\Desktop\NetBeans-16\netbeans\java\maven\lib\jansi-native\Windows\x86_64

VM Arguments:
jvm_args: -Dclassworlds.conf=C:\Users\ducan\Desktop\NetBeans-16\netbeans\java\maven\bin\m2.conf -Dmaven.home=C:\Users\ducan\Desktop\NetBeans-16\netbeans\java\maven -Dlibrary.jansi.path=C:\Users\ducan\Desktop\NetBeans-16\netbeans\java\maven\lib\jansi-native -Dmaven.multiModuleProjectDirectory=C:\Users\ducan\Desktop\TextMindMaven\TextMindMaven\TextMindMaven 
java_command: org.codehaus.plexus.classworlds.launcher.Launcher -Dexec.vmArgs= -Dexec.args=${exec.vmArgs} -classpath %classpath ${exec.mainClass} ${exec.appArgs} -Dexec.executable=C:\Program Files\Java\jdk-19\bin\java.exe -Dexec.mainClass=com.TextMind.component.Delete_Friend -Dexec.classpathScope=runtime -Dexec.appArgs= -Dmaven.ext.class.path=C:\Users\ducan\Desktop\NetBeans-16\netbeans\java\maven-nblib\netbeans-eventspy.jar org.codehaus.mojo:exec-maven-plugin:3.0.0:exec
java_class_path (initial): C:\Users\ducan\Desktop\NetBeans-16\netbeans\java\maven\boot\plexus-classworlds-2.6.0.jar
Launcher Type: SUN_STANDARD

[Global flags]
     intx CICompilerCount                          = 3                                         {product} {ergonomic}
     uint ConcGCThreads                            = 1                                         {product} {ergonomic}
     uint G1ConcRefinementThreads                  = 4                                         {product} {ergonomic}
   size_t G1HeapRegionSize                         = 1048576                                   {product} {ergonomic}
    uintx GCDrainStackTargetSize                   = 64                                        {product} {ergonomic}
   size_t InitialHeapSize                          = 130023424                                 {product} {ergonomic}
   size_t MarkStackSize                            = 4194304                                   {product} {ergonomic}
   size_t MaxHeapSize                              = 2076180480                                {product} {ergonomic}
   size_t MaxNewSize                               = 1245708288                                {product} {ergonomic}
   size_t MinHeapDeltaBytes                        = 1048576                                   {product} {ergonomic}
   size_t MinHeapSize                              = 8388608                                   {product} {ergonomic}
    uintx NonNMethodCodeHeapSize                   = 5832780                                {pd product} {ergonomic}
    uintx NonProfiledCodeHeapSize                  = 122912730                              {pd product} {ergonomic}
    uintx ProfiledCodeHeapSize                     = 122912730                              {pd product} {ergonomic}
    uintx ReservedCodeCacheSize                    = 251658240                              {pd product} {ergonomic}
     bool SegmentedCodeCache                       = true                                      {product} {ergonomic}
   size_t SoftMaxHeapSize                          = 2076180480                             {manageable} {ergonomic}
     bool UseCompressedClassPointers               = true                           {product lp64_product} {ergonomic}
     bool UseCompressedOops                        = true                           {product lp64_product} {ergonomic}
     bool UseG1GC                                  = true                                      {product} {ergonomic}
     bool UseLargePagesIndividualAllocation        = false                                  {pd product} {ergonomic}

Logging:
Log output configuration:
 #0: stdout all=warning uptime,level,tags foldmultilines=false
 #1: stderr all=off uptime,level,tags foldmultilines=false

Environment Variables:
JAVA_HOME=C:\Program Files\Java\jdk-19
PATH=C:\Program Files (x86)\Microsoft SDKs\Azure\CLI2\wbin;C:\ProgramData\Oracle\Java\javapath;C:\Program Files\Common Files\Oracle\Java\javapath;C:\Program Files (x86)\Common Files\Oracle\Java\javapath;C:\WINDOWS\system32;C:\WINDOWS;C:\WINDOWS\System32\Wbem;C:\WINDOWS\System32\WindowsPowerShell\v1.0\;C:\WINDOWS\System32\OpenSSH\;C:\Program Files\Microsoft SQL Server\Client SDK\ODBC\170\Tools\Binn\;C:\Program Files (x86)\Microsoft SQL Server\150\Tools\Binn\;C:\Program Files\Microsoft SQL Server\150\Tools\Binn\;C:\Program Files\Microsoft SQL Server\150\DTS\Binn\;C:\Program Files\Azure Data Studio\bin;C:\Program Files (x86)\Microsoft SQL Server\160\DTS\Binn\;C:\Program Files\Git\cmd;C:\Program Files\dotnet\;C:\Program Files\Cloudflare\Cloudflare WARP\;C:\Users\ducan\AppData\Local\Microsoft\WindowsApps;C:\Program Files\Azure Data Studio\bin;C:\Users\ducan\AppData\Local\Programs\Microsoft VS Code\bin;C:\Users\ducan\AppData\Local\GitHubDesktop\bin;C:\Users\ducan\.dotnet\tools;C:\Users\ducan\AppData\Local\Programs\Azure Data Studio\bin
USERNAME=ducan
OS=Windows_NT
PROCESSOR_IDENTIFIER=Intel64 Family 6 Model 140 Stepping 1, GenuineIntel
TMP=C:\Users\ducan\AppData\Local\Temp
TEMP=C:\Users\ducan\AppData\Local\Temp



---------------  S Y S T E M  ---------------

OS:
 Windows 11 , 64 bit Build 22621 (10.0.22621.2070)
OS uptime: 3 days 0:19 hours
Hyper-V role detected

CPU: total 4 (initial active 4) (2 cores per cpu, 2 threads per core) family 6 model 140 stepping 1 microcode 0xa4, cx8, cmov, fxsr, ht, mmx, 3dnowpref, sse, sse2, sse3, ssse3, sse4.1, sse4.2, popcnt, lzcnt, tsc, tscinvbit, avx, avx2, aes, erms, clmul, bmi1, bmi2, adx, avx512f, avx512dq, avx512cd, avx512bw, avx512vl, sha, fma, vzeroupper, avx512_vpopcntdq, avx512_vpclmulqdq, avx512_vaes, avx512_vnni, clflush, clflushopt, clwb, avx512_vbmi2, avx512_vbmi, hv, rdtscp, rdpid, fsrm, gfni, avx512_bitalg

Memory: 4k page, system-wide physical 7918M (385M free)
TotalPageFile size 15341M (AvailPageFile size 5M)
current process WorkingSet (physical memory assigned to process): 80M, peak: 80M
current process commit charge ("private bytes"): 222M, peak: 223M

vm_info: Java HotSpot(TM) 64-Bit Server VM (19.0.1+10-21) for windows-amd64 JRE (19.0.1+10-21), built on 2022-09-14T12:45:06Z by "mach5one" with MS VC++ 17.1 (VS2022)

END.
